[INFO ] 2022-03-08 14:26:04.146 [main] d.b.BFTMapServerMP - Initializing BFTMapServerMP
[INFO ] 2022-03-08 14:26:04.148 [main] d.b.BFTMapServerMP - Replica in parallel execution model.
[INFO ] 2022-03-08 14:26:05.086 [main] d.b.BFTMapServerMP - Number of tables = 16
[INFO ] 2022-03-08 14:26:05.087 [main] d.b.BFTMapServerMP - Table 0 has size of 61360 entries
[INFO ] 2022-03-08 14:26:05.087 [main] d.b.BFTMapServerMP - Table 1 has size of 61360 entries
[INFO ] 2022-03-08 14:26:05.087 [main] d.b.BFTMapServerMP - Table 2 has size of 61360 entries
[INFO ] 2022-03-08 14:26:05.087 [main] d.b.BFTMapServerMP - Table 3 has size of 61360 entries
[INFO ] 2022-03-08 14:26:05.087 [main] d.b.BFTMapServerMP - Table 4 has size of 61360 entries
[INFO ] 2022-03-08 14:26:05.087 [main] d.b.BFTMapServerMP - Table 5 has size of 61360 entries
[INFO ] 2022-03-08 14:26:05.087 [main] d.b.BFTMapServerMP - Table 6 has size of 61360 entries
[INFO ] 2022-03-08 14:26:05.087 [main] d.b.BFTMapServerMP - Table 7 has size of 61360 entries
[INFO ] 2022-03-08 14:26:05.087 [main] d.b.BFTMapServerMP - Table 8 has size of 61360 entries
[INFO ] 2022-03-08 14:26:05.088 [main] d.b.BFTMapServerMP - Table 9 has size of 61360 entries
[INFO ] 2022-03-08 14:26:05.088 [main] d.b.BFTMapServerMP - Table 10 has size of 61360 entries
[INFO ] 2022-03-08 14:26:05.088 [main] d.b.BFTMapServerMP - Table 11 has size of 61360 entries
[INFO ] 2022-03-08 14:26:05.088 [main] d.b.BFTMapServerMP - Table 12 has size of 61360 entries
[INFO ] 2022-03-08 14:26:05.088 [main] d.b.BFTMapServerMP - Table 13 has size of 61360 entries
[INFO ] 2022-03-08 14:26:05.088 [main] d.b.BFTMapServerMP - Table 14 has size of 61360 entries
[INFO ] 2022-03-08 14:26:05.088 [main] d.b.BFTMapServerMP - Table 15 has size of 61360 entries
[INFO ] 2022-03-08 14:26:05.358 [main] p.ParallelServiceReplica - SINGLE PARTITION WITH 16 THREADS
[INFO ] 2022-03-08 14:26:05.381 [main] p.EarlySchedulerMapping - Generated hash 1523 for op 0#
[INFO ] 2022-03-08 14:26:05.381 [main] p.EarlySchedulerMapping - Generated hash 1554 for op 1#
[INFO ] 2022-03-08 14:26:05.381 [main] p.EarlySchedulerMapping - Generated hash 1585 for op 2#
[INFO ] 2022-03-08 14:26:05.381 [main] p.EarlySchedulerMapping - Generated hash 1616 for op 3#
[INFO ] 2022-03-08 14:26:05.382 [main] p.EarlySchedulerMapping - Generated hash 1647 for op 4#
[INFO ] 2022-03-08 14:26:05.382 [main] p.EarlySchedulerMapping - Generated hash 1678 for op 5#
[INFO ] 2022-03-08 14:26:05.382 [main] p.EarlySchedulerMapping - Generated hash 1709 for op 6#
[INFO ] 2022-03-08 14:26:05.382 [main] p.EarlySchedulerMapping - Generated hash 1740 for op 7#
[INFO ] 2022-03-08 14:26:05.382 [main] p.EarlySchedulerMapping - Generated hash 1771 for op 8#
[INFO ] 2022-03-08 14:26:05.382 [main] p.EarlySchedulerMapping - Generated hash 1802 for op 9#
[INFO ] 2022-03-08 14:26:05.382 [main] p.EarlySchedulerMapping - Generated hash 48612 for op 10#
[INFO ] 2022-03-08 14:26:05.382 [main] p.EarlySchedulerMapping - Generated hash 48643 for op 11#
[INFO ] 2022-03-08 14:26:05.382 [main] p.EarlySchedulerMapping - Generated hash 48674 for op 12#
[INFO ] 2022-03-08 14:26:05.382 [main] p.EarlySchedulerMapping - Generated hash 48705 for op 13#
[INFO ] 2022-03-08 14:26:05.382 [main] p.EarlySchedulerMapping - Generated hash 48736 for op 14#
[INFO ] 2022-03-08 14:26:05.382 [main] p.EarlySchedulerMapping - Generated hash 48767 for op 15#
[INFO ] 2022-03-08 14:26:05.383 [main] p.EarlySchedulerMapping - Generated hash 1465157 for op 0#1#
[INFO ] 2022-03-08 14:26:05.383 [main] p.EarlySchedulerMapping - Generated hash 1465188 for op 0#2#
[INFO ] 2022-03-08 14:26:05.383 [main] p.EarlySchedulerMapping - Generated hash 1465219 for op 0#3#
[INFO ] 2022-03-08 14:26:05.383 [main] p.EarlySchedulerMapping - Generated hash 1465250 for op 0#4#
[INFO ] 2022-03-08 14:26:05.383 [main] p.EarlySchedulerMapping - Generated hash 1465281 for op 0#5#
[INFO ] 2022-03-08 14:26:05.383 [main] p.EarlySchedulerMapping - Generated hash 1465312 for op 0#6#
[INFO ] 2022-03-08 14:26:05.383 [main] p.EarlySchedulerMapping - Generated hash 1465343 for op 0#7#
[INFO ] 2022-03-08 14:26:05.383 [main] p.EarlySchedulerMapping - Generated hash 1465374 for op 0#8#
[INFO ] 2022-03-08 14:26:05.383 [main] p.EarlySchedulerMapping - Generated hash 1465405 for op 0#9#
[INFO ] 2022-03-08 14:26:05.383 [main] p.EarlySchedulerMapping - Generated hash 45420305 for op 0#10#
[INFO ] 2022-03-08 14:26:05.384 [main] p.EarlySchedulerMapping - Generated hash 45420336 for op 0#11#
[INFO ] 2022-03-08 14:26:05.384 [main] p.EarlySchedulerMapping - Generated hash 45420367 for op 0#12#
[INFO ] 2022-03-08 14:26:05.384 [main] p.EarlySchedulerMapping - Generated hash 45420398 for op 0#13#
[INFO ] 2022-03-08 14:26:05.384 [main] p.EarlySchedulerMapping - Generated hash 45420429 for op 0#14#
[INFO ] 2022-03-08 14:26:05.384 [main] p.EarlySchedulerMapping - Generated hash 45420460 for op 0#15#
[INFO ] 2022-03-08 14:26:05.384 [main] p.EarlySchedulerMapping - Generated hash 1494979 for op 1#2#
[INFO ] 2022-03-08 14:26:05.384 [main] p.EarlySchedulerMapping - Generated hash 1495010 for op 1#3#
[INFO ] 2022-03-08 14:26:05.385 [main] p.EarlySchedulerMapping - Generated hash 1495041 for op 1#4#
[INFO ] 2022-03-08 14:26:05.385 [main] p.EarlySchedulerMapping - Generated hash 1495072 for op 1#5#
[INFO ] 2022-03-08 14:26:05.385 [main] p.EarlySchedulerMapping - Generated hash 1495103 for op 1#6#
[INFO ] 2022-03-08 14:26:05.385 [main] p.EarlySchedulerMapping - Generated hash 1495134 for op 1#7#
[INFO ] 2022-03-08 14:26:05.385 [main] p.EarlySchedulerMapping - Generated hash 1495165 for op 1#8#
[INFO ] 2022-03-08 14:26:05.385 [main] p.EarlySchedulerMapping - Generated hash 1495196 for op 1#9#
[INFO ] 2022-03-08 14:26:05.385 [main] p.EarlySchedulerMapping - Generated hash 46343826 for op 1#10#
[INFO ] 2022-03-08 14:26:05.386 [main] p.EarlySchedulerMapping - Generated hash 46343857 for op 1#11#
[INFO ] 2022-03-08 14:26:05.386 [main] p.EarlySchedulerMapping - Generated hash 46343888 for op 1#12#
[INFO ] 2022-03-08 14:26:05.386 [main] p.EarlySchedulerMapping - Generated hash 46343919 for op 1#13#
[INFO ] 2022-03-08 14:26:05.386 [main] p.EarlySchedulerMapping - Generated hash 46343950 for op 1#14#
[INFO ] 2022-03-08 14:26:05.386 [main] p.EarlySchedulerMapping - Generated hash 46343981 for op 1#15#
[INFO ] 2022-03-08 14:26:05.386 [main] p.EarlySchedulerMapping - Generated hash 1524801 for op 2#3#
[INFO ] 2022-03-08 14:26:05.386 [main] p.EarlySchedulerMapping - Generated hash 1524832 for op 2#4#
[INFO ] 2022-03-08 14:26:05.386 [main] p.EarlySchedulerMapping - Generated hash 1524863 for op 2#5#
[INFO ] 2022-03-08 14:26:05.387 [main] p.EarlySchedulerMapping - Generated hash 1524894 for op 2#6#
[INFO ] 2022-03-08 14:26:05.387 [main] p.EarlySchedulerMapping - Generated hash 1524925 for op 2#7#
[INFO ] 2022-03-08 14:26:05.387 [main] p.EarlySchedulerMapping - Generated hash 1524956 for op 2#8#
[INFO ] 2022-03-08 14:26:05.387 [main] p.EarlySchedulerMapping - Generated hash 1524987 for op 2#9#
[INFO ] 2022-03-08 14:26:05.387 [main] p.EarlySchedulerMapping - Generated hash 47267347 for op 2#10#
[INFO ] 2022-03-08 14:26:05.387 [main] p.EarlySchedulerMapping - Generated hash 47267378 for op 2#11#
[INFO ] 2022-03-08 14:26:05.387 [main] p.EarlySchedulerMapping - Generated hash 47267409 for op 2#12#
[INFO ] 2022-03-08 14:26:05.387 [main] p.EarlySchedulerMapping - Generated hash 47267440 for op 2#13#
[INFO ] 2022-03-08 14:26:05.388 [main] p.EarlySchedulerMapping - Generated hash 47267471 for op 2#14#
[INFO ] 2022-03-08 14:26:05.388 [main] p.EarlySchedulerMapping - Generated hash 47267502 for op 2#15#
[INFO ] 2022-03-08 14:26:05.388 [main] p.EarlySchedulerMapping - Generated hash 1554623 for op 3#4#
[INFO ] 2022-03-08 14:26:05.388 [main] p.EarlySchedulerMapping - Generated hash 1554654 for op 3#5#
[INFO ] 2022-03-08 14:26:05.388 [main] p.EarlySchedulerMapping - Generated hash 1554685 for op 3#6#
[INFO ] 2022-03-08 14:26:05.388 [main] p.EarlySchedulerMapping - Generated hash 1554716 for op 3#7#
[INFO ] 2022-03-08 14:26:05.388 [main] p.EarlySchedulerMapping - Generated hash 1554747 for op 3#8#
[INFO ] 2022-03-08 14:26:05.388 [main] p.EarlySchedulerMapping - Generated hash 1554778 for op 3#9#
[INFO ] 2022-03-08 14:26:05.389 [main] p.EarlySchedulerMapping - Generated hash 48190868 for op 3#10#
[INFO ] 2022-03-08 14:26:05.389 [main] p.EarlySchedulerMapping - Generated hash 48190899 for op 3#11#
[INFO ] 2022-03-08 14:26:05.389 [main] p.EarlySchedulerMapping - Generated hash 48190930 for op 3#12#
[INFO ] 2022-03-08 14:26:05.389 [main] p.EarlySchedulerMapping - Generated hash 48190961 for op 3#13#
[INFO ] 2022-03-08 14:26:05.389 [main] p.EarlySchedulerMapping - Generated hash 48190992 for op 3#14#
[INFO ] 2022-03-08 14:26:05.389 [main] p.EarlySchedulerMapping - Generated hash 48191023 for op 3#15#
[INFO ] 2022-03-08 14:26:05.389 [main] p.EarlySchedulerMapping - Generated hash 1584445 for op 4#5#
[INFO ] 2022-03-08 14:26:05.389 [main] p.EarlySchedulerMapping - Generated hash 1584476 for op 4#6#
[INFO ] 2022-03-08 14:26:05.390 [main] p.EarlySchedulerMapping - Generated hash 1584507 for op 4#7#
[INFO ] 2022-03-08 14:26:05.390 [main] p.EarlySchedulerMapping - Generated hash 1584538 for op 4#8#
[INFO ] 2022-03-08 14:26:05.390 [main] p.EarlySchedulerMapping - Generated hash 1584569 for op 4#9#
[INFO ] 2022-03-08 14:26:05.390 [main] p.EarlySchedulerMapping - Generated hash 49114389 for op 4#10#
[INFO ] 2022-03-08 14:26:05.390 [main] p.EarlySchedulerMapping - Generated hash 49114420 for op 4#11#
[INFO ] 2022-03-08 14:26:05.390 [main] p.EarlySchedulerMapping - Generated hash 49114451 for op 4#12#
[INFO ] 2022-03-08 14:26:05.390 [main] p.EarlySchedulerMapping - Generated hash 49114482 for op 4#13#
[INFO ] 2022-03-08 14:26:05.390 [main] p.EarlySchedulerMapping - Generated hash 49114513 for op 4#14#
[INFO ] 2022-03-08 14:26:05.390 [main] p.EarlySchedulerMapping - Generated hash 49114544 for op 4#15#
[INFO ] 2022-03-08 14:26:05.390 [main] p.EarlySchedulerMapping - Generated hash 1614267 for op 5#6#
[INFO ] 2022-03-08 14:26:05.390 [main] p.EarlySchedulerMapping - Generated hash 1614298 for op 5#7#
[INFO ] 2022-03-08 14:26:05.390 [main] p.EarlySchedulerMapping - Generated hash 1614329 for op 5#8#
[INFO ] 2022-03-08 14:26:05.390 [main] p.EarlySchedulerMapping - Generated hash 1614360 for op 5#9#
[INFO ] 2022-03-08 14:26:05.391 [main] p.EarlySchedulerMapping - Generated hash 50037910 for op 5#10#
[INFO ] 2022-03-08 14:26:05.391 [main] p.EarlySchedulerMapping - Generated hash 50037941 for op 5#11#
[INFO ] 2022-03-08 14:26:05.391 [main] p.EarlySchedulerMapping - Generated hash 50037972 for op 5#12#
[INFO ] 2022-03-08 14:26:05.391 [main] p.EarlySchedulerMapping - Generated hash 50038003 for op 5#13#
[INFO ] 2022-03-08 14:26:05.391 [main] p.EarlySchedulerMapping - Generated hash 50038034 for op 5#14#
[INFO ] 2022-03-08 14:26:05.391 [main] p.EarlySchedulerMapping - Generated hash 50038065 for op 5#15#
[INFO ] 2022-03-08 14:26:05.391 [main] p.EarlySchedulerMapping - Generated hash 1644089 for op 6#7#
[INFO ] 2022-03-08 14:26:05.391 [main] p.EarlySchedulerMapping - Generated hash 1644120 for op 6#8#
[INFO ] 2022-03-08 14:26:05.391 [main] p.EarlySchedulerMapping - Generated hash 1644151 for op 6#9#
[INFO ] 2022-03-08 14:26:05.391 [main] p.EarlySchedulerMapping - Generated hash 50961431 for op 6#10#
[INFO ] 2022-03-08 14:26:05.391 [main] p.EarlySchedulerMapping - Generated hash 50961462 for op 6#11#
[INFO ] 2022-03-08 14:26:05.391 [main] p.EarlySchedulerMapping - Generated hash 50961493 for op 6#12#
[INFO ] 2022-03-08 14:26:05.391 [main] p.EarlySchedulerMapping - Generated hash 50961524 for op 6#13#
[INFO ] 2022-03-08 14:26:05.392 [main] p.EarlySchedulerMapping - Generated hash 50961555 for op 6#14#
[INFO ] 2022-03-08 14:26:05.392 [main] p.EarlySchedulerMapping - Generated hash 50961586 for op 6#15#
[INFO ] 2022-03-08 14:26:05.392 [main] p.EarlySchedulerMapping - Generated hash 1673911 for op 7#8#
[INFO ] 2022-03-08 14:26:05.392 [main] p.EarlySchedulerMapping - Generated hash 1673942 for op 7#9#
[INFO ] 2022-03-08 14:26:05.392 [main] p.EarlySchedulerMapping - Generated hash 51884952 for op 7#10#
[INFO ] 2022-03-08 14:26:05.392 [main] p.EarlySchedulerMapping - Generated hash 51884983 for op 7#11#
[INFO ] 2022-03-08 14:26:05.392 [main] p.EarlySchedulerMapping - Generated hash 51885014 for op 7#12#
[INFO ] 2022-03-08 14:26:05.392 [main] p.EarlySchedulerMapping - Generated hash 51885045 for op 7#13#
[INFO ] 2022-03-08 14:26:05.393 [main] p.EarlySchedulerMapping - Generated hash 51885076 for op 7#14#
[INFO ] 2022-03-08 14:26:05.393 [main] p.EarlySchedulerMapping - Generated hash 51885107 for op 7#15#
[INFO ] 2022-03-08 14:26:05.393 [main] p.EarlySchedulerMapping - Generated hash 1703733 for op 8#9#
[INFO ] 2022-03-08 14:26:05.393 [main] p.EarlySchedulerMapping - Generated hash 52808473 for op 8#10#
[INFO ] 2022-03-08 14:26:05.394 [main] p.EarlySchedulerMapping - Generated hash 52808504 for op 8#11#
[INFO ] 2022-03-08 14:26:05.394 [main] p.EarlySchedulerMapping - Generated hash 52808535 for op 8#12#
[INFO ] 2022-03-08 14:26:05.394 [main] p.EarlySchedulerMapping - Generated hash 52808566 for op 8#13#
[INFO ] 2022-03-08 14:26:05.394 [main] p.EarlySchedulerMapping - Generated hash 52808597 for op 8#14#
[INFO ] 2022-03-08 14:26:05.394 [main] p.EarlySchedulerMapping - Generated hash 52808628 for op 8#15#
[INFO ] 2022-03-08 14:26:05.394 [main] p.EarlySchedulerMapping - Generated hash 53731994 for op 9#10#
[INFO ] 2022-03-08 14:26:05.394 [main] p.EarlySchedulerMapping - Generated hash 53732025 for op 9#11#
[INFO ] 2022-03-08 14:26:05.394 [main] p.EarlySchedulerMapping - Generated hash 53732056 for op 9#12#
[INFO ] 2022-03-08 14:26:05.394 [main] p.EarlySchedulerMapping - Generated hash 53732087 for op 9#13#
[INFO ] 2022-03-08 14:26:05.394 [main] p.EarlySchedulerMapping - Generated hash 53732118 for op 9#14#
[INFO ] 2022-03-08 14:26:05.395 [main] p.EarlySchedulerMapping - Generated hash 53732149 for op 9#15#
[INFO ] 2022-03-08 14:26:05.395 [main] p.EarlySchedulerMapping - Generated hash 1448248735 for op 10#11#
[INFO ] 2022-03-08 14:26:05.395 [main] p.EarlySchedulerMapping - Generated hash 1448248766 for op 10#12#
[INFO ] 2022-03-08 14:26:05.395 [main] p.EarlySchedulerMapping - Generated hash 1448248797 for op 10#13#
[INFO ] 2022-03-08 14:26:05.395 [main] p.EarlySchedulerMapping - Generated hash 1448248828 for op 10#14#
[INFO ] 2022-03-08 14:26:05.395 [main] p.EarlySchedulerMapping - Generated hash 1448248859 for op 10#15#
[INFO ] 2022-03-08 14:26:05.395 [main] p.EarlySchedulerMapping - Generated hash 1449172287 for op 11#12#
[INFO ] 2022-03-08 14:26:05.395 [main] p.EarlySchedulerMapping - Generated hash 1449172318 for op 11#13#
[INFO ] 2022-03-08 14:26:05.395 [main] p.EarlySchedulerMapping - Generated hash 1449172349 for op 11#14#
[INFO ] 2022-03-08 14:26:05.395 [main] p.EarlySchedulerMapping - Generated hash 1449172380 for op 11#15#
[INFO ] 2022-03-08 14:26:05.396 [main] p.EarlySchedulerMapping - Generated hash 1450095839 for op 12#13#
[INFO ] 2022-03-08 14:26:05.396 [main] p.EarlySchedulerMapping - Generated hash 1450095870 for op 12#14#
[INFO ] 2022-03-08 14:26:05.396 [main] p.EarlySchedulerMapping - Generated hash 1450095901 for op 12#15#
[INFO ] 2022-03-08 14:26:05.396 [main] p.EarlySchedulerMapping - Generated hash 1451019391 for op 13#14#
[INFO ] 2022-03-08 14:26:05.396 [main] p.EarlySchedulerMapping - Generated hash 1451019422 for op 13#15#
[INFO ] 2022-03-08 14:26:05.396 [main] p.EarlySchedulerMapping - Generated hash 1451942943 for op 14#15#
[INFO ] 2022-03-08 14:26:05.396 [main] p.EarlySchedulerMapping - Generated hash 47296 for op 0#S
[INFO ] 2022-03-08 14:26:05.396 [main] p.EarlySchedulerMapping - Generated hash 48257 for op 1#S
[INFO ] 2022-03-08 14:26:05.396 [main] p.EarlySchedulerMapping - Generated hash 49218 for op 2#S
[INFO ] 2022-03-08 14:26:05.397 [main] p.EarlySchedulerMapping - Generated hash 50179 for op 3#S
[INFO ] 2022-03-08 14:26:05.397 [main] p.EarlySchedulerMapping - Generated hash 51140 for op 4#S
[INFO ] 2022-03-08 14:26:05.397 [main] p.EarlySchedulerMapping - Generated hash 52101 for op 5#S
[INFO ] 2022-03-08 14:26:05.397 [main] p.EarlySchedulerMapping - Generated hash 53062 for op 6#S
[INFO ] 2022-03-08 14:26:05.397 [main] p.EarlySchedulerMapping - Generated hash 54023 for op 7#S
[INFO ] 2022-03-08 14:26:05.397 [main] p.EarlySchedulerMapping - Generated hash 54984 for op 8#S
[INFO ] 2022-03-08 14:26:05.397 [main] p.EarlySchedulerMapping - Generated hash 55945 for op 9#S
[INFO ] 2022-03-08 14:26:05.397 [main] p.EarlySchedulerMapping - Generated hash 1507055 for op 10#S
[INFO ] 2022-03-08 14:26:05.397 [main] p.EarlySchedulerMapping - Generated hash 1508016 for op 11#S
[INFO ] 2022-03-08 14:26:05.397 [main] p.EarlySchedulerMapping - Generated hash 1508977 for op 12#S
[INFO ] 2022-03-08 14:26:05.397 [main] p.EarlySchedulerMapping - Generated hash 1509938 for op 13#S
[INFO ] 2022-03-08 14:26:05.398 [main] p.EarlySchedulerMapping - Generated hash 1510899 for op 14#S
[INFO ] 2022-03-08 14:26:05.398 [main] p.EarlySchedulerMapping - Generated hash 1511860 for op 15#S
[INFO ] 2022-03-08 14:26:05.398 [main] p.ParallelMapping - Queues length: 16
[INFO ] 2022-03-08 14:26:05.468 [main] p.ParallelServiceReplica - Initializing recover threads
[INFO ] 2022-03-08 14:26:05.469 [main] p.ParallelServiceReplica$RecoverThread - Recover thread ID 0 at port 6666
[INFO ] 2022-03-08 14:26:05.470 [main] p.ParallelServiceReplica$RecoverThread - Recover thread ID 1 at port 6667
[INFO ] 2022-03-08 14:26:05.470 [main] p.ParallelServiceReplica$RecoverThread - Recover thread ID 2 at port 6668
[INFO ] 2022-03-08 14:26:05.470 [main] p.ParallelServiceReplica$RecoverThread - Recover thread ID 3 at port 6669
[INFO ] 2022-03-08 14:26:05.471 [main] p.ParallelServiceReplica$RecoverThread - Recover thread ID 4 at port 6670
[INFO ] 2022-03-08 14:26:05.471 [main] p.ParallelServiceReplica$RecoverThread - Recover thread ID 5 at port 6671
[INFO ] 2022-03-08 14:26:05.471 [main] p.ParallelServiceReplica$RecoverThread - Recover thread ID 6 at port 6672
[INFO ] 2022-03-08 14:26:05.471 [main] p.ParallelServiceReplica$RecoverThread - Recover thread ID 7 at port 6673
[INFO ] 2022-03-08 14:26:05.472 [main] p.ParallelServiceReplica$RecoverThread - Recover thread ID 8 at port 6674
[INFO ] 2022-03-08 14:26:05.472 [main] p.ParallelServiceReplica$RecoverThread - Recover thread ID 9 at port 6675
[INFO ] 2022-03-08 14:26:05.472 [main] p.ParallelServiceReplica$RecoverThread - Recover thread ID 10 at port 6676
[INFO ] 2022-03-08 14:26:05.472 [main] p.ParallelServiceReplica$RecoverThread - Recover thread ID 11 at port 6677
[INFO ] 2022-03-08 14:26:05.472 [main] p.ParallelServiceReplica$RecoverThread - Recover thread ID 12 at port 6678
[INFO ] 2022-03-08 14:26:05.473 [main] p.ParallelServiceReplica$RecoverThread - Recover thread ID 13 at port 6679
[INFO ] 2022-03-08 14:26:05.473 [main] p.ParallelServiceReplica$RecoverThread - Recover thread ID 14 at port 6680
[INFO ] 2022-03-08 14:26:05.473 [main] p.ParallelServiceReplica$RecoverThread - Recover thread ID 15 at port 6681
[INFO ] 2022-03-08 14:26:05.473 [main] p.ParallelServiceReplica - Successfully initialized 16 recover threads
[INFO ] 2022-03-08 14:26:05.476 [Thread-36] p.ParallelServiceReplica$Receiver - Started recovery of partition 0
[INFO ] 2022-03-08 14:26:05.476 [Thread-38] p.ParallelServiceReplica$Receiver - Started recovery of partition 2
[INFO ] 2022-03-08 14:26:05.476 [Thread-39] p.ParallelServiceReplica$Receiver - Started recovery of partition 3
[INFO ] 2022-03-08 14:26:05.476 [Thread-37] p.ParallelServiceReplica$Receiver - Started recovery of partition 1
[INFO ] 2022-03-08 14:26:05.476 [Thread-41] p.ParallelServiceReplica$Receiver - Started recovery of partition 5
[INFO ] 2022-03-08 14:26:05.476 [Thread-40] p.ParallelServiceReplica$Receiver - Started recovery of partition 4
[WARN ] 2022-03-08 14:26:05.477 [Thread-36] p.ParallelServiceReplica$Receiver - NO local checkpoint for partition 0 found
[WARN ] 2022-03-08 14:26:05.477 [Thread-38] p.ParallelServiceReplica$Receiver - NO local checkpoint for partition 2 found
[WARN ] 2022-03-08 14:26:05.477 [Thread-39] p.ParallelServiceReplica$Receiver - NO local checkpoint for partition 3 found
[WARN ] 2022-03-08 14:26:05.477 [Thread-41] p.ParallelServiceReplica$Receiver - NO local checkpoint for partition 5 found
[WARN ] 2022-03-08 14:26:05.477 [Thread-37] p.ParallelServiceReplica$Receiver - NO local checkpoint for partition 1 found
[INFO ] 2022-03-08 14:26:05.477 [Thread-43] p.ParallelServiceReplica$Receiver - Started recovery of partition 7
[INFO ] 2022-03-08 14:26:05.477 [Thread-44] p.ParallelServiceReplica$Receiver - Started recovery of partition 8
[INFO ] 2022-03-08 14:26:05.477 [Thread-42] p.ParallelServiceReplica$Receiver - Started recovery of partition 6
[WARN ] 2022-03-08 14:26:05.477 [Thread-40] p.ParallelServiceReplica$Receiver - NO local checkpoint for partition 4 found
[WARN ] 2022-03-08 14:26:05.477 [Thread-41] p.ParallelServiceReplica$Receiver - NO local metadata for partition 5 
[WARN ] 2022-03-08 14:26:05.477 [Thread-39] p.ParallelServiceReplica$Receiver - NO local metadata for partition 3 
[WARN ] 2022-03-08 14:26:05.477 [Thread-36] p.ParallelServiceReplica$Receiver - NO local metadata for partition 0 
[WARN ] 2022-03-08 14:26:05.477 [Thread-38] p.ParallelServiceReplica$Receiver - NO local metadata for partition 2 
[WARN ] 2022-03-08 14:26:05.478 [Thread-43] p.ParallelServiceReplica$Receiver - NO local checkpoint for partition 7 found
[WARN ] 2022-03-08 14:26:05.478 [Thread-42] p.ParallelServiceReplica$Receiver - NO local checkpoint for partition 6 found
[WARN ] 2022-03-08 14:26:05.478 [Thread-44] p.ParallelServiceReplica$Receiver - NO local checkpoint for partition 8 found
[WARN ] 2022-03-08 14:26:05.478 [Thread-37] p.ParallelServiceReplica$Receiver - NO local metadata for partition 1 
[WARN ] 2022-03-08 14:26:05.478 [Thread-40] p.ParallelServiceReplica$Receiver - NO local metadata for partition 4 
[WARN ] 2022-03-08 14:26:05.662 [Thread-42] p.ParallelServiceReplica$Receiver - NO local metadata for partition 6 
[INFO ] 2022-03-08 14:26:05.477 [Thread-46] p.ParallelServiceReplica$Receiver - Started recovery of partition 10
[WARN ] 2022-03-08 14:26:05.662 [Thread-43] p.ParallelServiceReplica$Receiver - NO local metadata for partition 7 
[INFO ] 2022-03-08 14:26:05.477 [Thread-45] p.ParallelServiceReplica$Receiver - Started recovery of partition 9
[WARN ] 2022-03-08 14:26:05.662 [Thread-44] p.ParallelServiceReplica$Receiver - NO local metadata for partition 8 
[WARN ] 2022-03-08 14:26:05.662 [Thread-46] p.ParallelServiceReplica$Receiver - NO local checkpoint for partition 10 found
[INFO ] 2022-03-08 14:26:05.662 [Thread-25] p.ParallelServiceReplica$RecoverHandlerThread - New connection from /10.1.1.103
[INFO ] 2022-03-08 14:26:05.662 [Thread-24] p.ParallelServiceReplica$RecoverHandlerThread - New connection from /10.1.1.103
[INFO ] 2022-03-08 14:26:05.662 [Thread-47] p.ParallelServiceReplica$Receiver - Started recovery of partition 11
[INFO ] 2022-03-08 14:26:05.662 [Thread-22] p.ParallelServiceReplica$RecoverHandlerThread - New connection from /10.1.1.103
[INFO ] 2022-03-08 14:26:05.662 [Thread-23] p.ParallelServiceReplica$RecoverHandlerThread - New connection from /10.1.1.103
[INFO ] 2022-03-08 14:26:05.662 [Thread-48] p.ParallelServiceReplica$Receiver - Started recovery of partition 12
[WARN ] 2022-03-08 14:26:05.662 [Thread-45] p.ParallelServiceReplica$Receiver - NO local checkpoint for partition 9 found
[INFO ] 2022-03-08 14:26:05.662 [Thread-49] p.ParallelServiceReplica$Receiver - Started recovery of partition 13
[INFO ] 2022-03-08 14:26:05.662 [Thread-21] p.ParallelServiceReplica$RecoverHandlerThread - New connection from /10.1.1.103
[INFO ] 2022-03-08 14:26:05.662 [Thread-20] p.ParallelServiceReplica$RecoverHandlerThread - New connection from /10.1.1.103
[WARN ] 2022-03-08 14:26:05.662 [Thread-45] p.ParallelServiceReplica$Receiver - NO local metadata for partition 9 
[WARN ] 2022-03-08 14:26:05.662 [Thread-46] p.ParallelServiceReplica$Receiver - NO local metadata for partition 10 
[WARN ] 2022-03-08 14:26:05.663 [Thread-48] p.ParallelServiceReplica$Receiver - NO local checkpoint for partition 12 found
[WARN ] 2022-03-08 14:26:05.663 [Thread-49] p.ParallelServiceReplica$Receiver - NO local checkpoint for partition 13 found
[INFO ] 2022-03-08 14:26:05.662 [Thread-50] p.ParallelServiceReplica$Receiver - Started recovery of partition 14
[WARN ] 2022-03-08 14:26:05.663 [Thread-47] p.ParallelServiceReplica$Receiver - NO local checkpoint for partition 11 found
[WARN ] 2022-03-08 14:26:05.663 [Thread-48] p.ParallelServiceReplica$Receiver - NO local metadata for partition 12 
[WARN ] 2022-03-08 14:26:05.663 [Thread-49] p.ParallelServiceReplica$Receiver - NO local metadata for partition 13 
[INFO ] 2022-03-08 14:26:05.663 [Thread-57] p.ParallelServiceReplica$Receiver - Started recovery of partition 15
[WARN ] 2022-03-08 14:26:05.663 [Thread-50] p.ParallelServiceReplica$Receiver - NO local checkpoint for partition 14 found
[WARN ] 2022-03-08 14:26:05.663 [Thread-47] p.ParallelServiceReplica$Receiver - NO local metadata for partition 11 
[WARN ] 2022-03-08 14:26:05.663 [Thread-50] p.ParallelServiceReplica$Receiver - NO local metadata for partition 14 
[WARN ] 2022-03-08 14:26:05.663 [Thread-57] p.ParallelServiceReplica$Receiver - NO local checkpoint for partition 15 found
[WARN ] 2022-03-08 14:26:05.663 [Thread-57] p.ParallelServiceReplica$Receiver - NO local metadata for partition 15 
[INFO ] 2022-03-08 14:26:05.665 [Thread-41] p.ParallelServiceReplica$Receiver - Socket connected to /10.1.1.101
[INFO ] 2022-03-08 14:26:05.665 [Thread-39] p.ParallelServiceReplica$Receiver - Socket connected to /10.1.1.101
[INFO ] 2022-03-08 14:26:05.665 [Thread-38] p.ParallelServiceReplica$Receiver - Socket connected to /10.1.1.101
[INFO ] 2022-03-08 14:26:05.665 [Thread-40] p.ParallelServiceReplica$Receiver - Socket connected to /10.1.1.101
[INFO ] 2022-03-08 14:26:05.665 [Thread-43] p.ParallelServiceReplica$Receiver - Socket connected to /10.1.1.101
[WARN ] 2022-03-08 14:26:05.665 [Thread-45] p.ParallelServiceReplica$Receiver - Retrying to connect to /10.1.1.101:6675...
[WARN ] 2022-03-08 14:26:05.665 [Thread-50] p.ParallelServiceReplica$Receiver - Retrying to connect to /10.1.1.101:6680...
[WARN ] 2022-03-08 14:26:05.665 [Thread-46] p.ParallelServiceReplica$Receiver - Retrying to connect to /10.1.1.101:6676...
[WARN ] 2022-03-08 14:26:05.665 [Thread-49] p.ParallelServiceReplica$Receiver - Retrying to connect to /10.1.1.101:6679...
[INFO ] 2022-03-08 14:26:05.665 [Thread-37] p.ParallelServiceReplica$Receiver - Socket connected to /10.1.1.101
[INFO ] 2022-03-08 14:26:05.665 [Thread-42] p.ParallelServiceReplica$Receiver - Socket connected to /10.1.1.101
[WARN ] 2022-03-08 14:26:05.665 [Thread-57] p.ParallelServiceReplica$Receiver - Retrying to connect to /10.1.1.101:6681...
[INFO ] 2022-03-08 14:26:05.665 [Thread-36] p.ParallelServiceReplica$Receiver - Socket connected to /10.1.1.101
[WARN ] 2022-03-08 14:26:05.665 [Thread-44] p.ParallelServiceReplica$Receiver - Retrying to connect to /10.1.1.101:6674...
[WARN ] 2022-03-08 14:26:05.665 [Thread-48] p.ParallelServiceReplica$Receiver - Retrying to connect to /10.1.1.101:6678...
[WARN ] 2022-03-08 14:26:05.665 [Thread-47] p.ParallelServiceReplica$Receiver - Retrying to connect to /10.1.1.101:6677...
[INFO ] 2022-03-08 14:26:05.671 [Thread-42] p.ParallelServiceReplica$Receiver - Requesting metadata to /10.1.1.101:6672
[INFO ] 2022-03-08 14:26:05.671 [Thread-41] p.ParallelServiceReplica$Receiver - Requesting metadata to /10.1.1.101:6671
[INFO ] 2022-03-08 14:26:05.671 [Thread-38] p.ParallelServiceReplica$Receiver - Requesting metadata to /10.1.1.101:6668
[INFO ] 2022-03-08 14:26:05.671 [Thread-40] p.ParallelServiceReplica$Receiver - Requesting metadata to /10.1.1.101:6670
[INFO ] 2022-03-08 14:26:05.671 [Thread-36] p.ParallelServiceReplica$Receiver - Requesting metadata to /10.1.1.101:6666
[INFO ] 2022-03-08 14:26:05.671 [Thread-37] p.ParallelServiceReplica$Receiver - Requesting metadata to /10.1.1.101:6667
[INFO ] 2022-03-08 14:26:05.671 [Thread-43] p.ParallelServiceReplica$Receiver - Requesting metadata to /10.1.1.101:6673
[INFO ] 2022-03-08 14:26:05.671 [Thread-39] p.ParallelServiceReplica$Receiver - Requesting metadata to /10.1.1.101:6669
[INFO ] 2022-03-08 14:26:05.672 [Thread-40] p.ParallelServiceReplica$Receiver - Reading metadata's request reply from /10.1.1.101:6670
[INFO ] 2022-03-08 14:26:05.672 [Thread-37] p.ParallelServiceReplica$Receiver - Reading metadata's request reply from /10.1.1.101:6667
[INFO ] 2022-03-08 14:26:05.672 [Thread-41] p.ParallelServiceReplica$Receiver - Reading metadata's request reply from /10.1.1.101:6671
[INFO ] 2022-03-08 14:26:05.672 [Thread-42] p.ParallelServiceReplica$Receiver - Reading metadata's request reply from /10.1.1.101:6672
[INFO ] 2022-03-08 14:26:05.672 [Thread-36] p.ParallelServiceReplica$Receiver - Reading metadata's request reply from /10.1.1.101:6666
[INFO ] 2022-03-08 14:26:05.672 [Thread-38] p.ParallelServiceReplica$Receiver - Reading metadata's request reply from /10.1.1.101:6668
[INFO ] 2022-03-08 14:26:05.672 [Thread-39] p.ParallelServiceReplica$Receiver - Reading metadata's request reply from /10.1.1.101:6669
[INFO ] 2022-03-08 14:26:05.672 [Thread-43] p.ParallelServiceReplica$Receiver - Reading metadata's request reply from /10.1.1.101:6673
[INFO ] 2022-03-08 14:26:05.793 [Thread-26] p.ParallelServiceReplica$RecoverHandlerThread - New connection from /10.1.1.103
[INFO ] 2022-03-08 14:26:05.793 [Thread-27] p.ParallelServiceReplica$RecoverHandlerThread - New connection from /10.1.1.103
[INFO ] 2022-03-08 14:26:05.793 [Thread-28] p.ParallelServiceReplica$RecoverHandlerThread - New connection from /10.1.1.103
[INFO ] 2022-03-08 14:26:05.793 [Thread-33] p.ParallelServiceReplica$RecoverHandlerThread - New connection from /10.1.1.103
[INFO ] 2022-03-08 14:26:05.793 [Thread-29] p.ParallelServiceReplica$RecoverHandlerThread - New connection from /10.1.1.103
[INFO ] 2022-03-08 14:26:05.794 [Thread-34] p.ParallelServiceReplica$RecoverHandlerThread - New connection from /10.1.1.103
[INFO ] 2022-03-08 14:26:05.794 [Thread-31] p.ParallelServiceReplica$RecoverHandlerThread - New connection from /10.1.1.103
[INFO ] 2022-03-08 14:26:05.794 [Thread-30] p.ParallelServiceReplica$RecoverHandlerThread - New connection from /10.1.1.103
[INFO ] 2022-03-08 14:26:05.794 [Thread-32] p.ParallelServiceReplica$RecoverHandlerThread - New connection from /10.1.1.103
[INFO ] 2022-03-08 14:26:05.794 [Thread-35] p.ParallelServiceReplica$RecoverHandlerThread - New connection from /10.1.1.103
[INFO ] 2022-03-08 14:26:05.795 [Thread-52] p.ParallelServiceReplica$RecoverHandlerThread - Recover received a request recover operation of type: METADATA
[INFO ] 2022-03-08 14:26:05.795 [Thread-55] p.ParallelServiceReplica$RecoverHandlerThread - Recover received a request recover operation of type: METADATA
[INFO ] 2022-03-08 14:26:05.795 [Thread-56] p.ParallelServiceReplica$RecoverHandlerThread - Recover received a request recover operation of type: METADATA
[INFO ] 2022-03-08 14:26:05.795 [Thread-53] p.ParallelServiceReplica$RecoverHandlerThread - Recover received a request recover operation of type: METADATA
[INFO ] 2022-03-08 14:26:05.795 [Thread-54] p.ParallelServiceReplica$RecoverHandlerThread - Recover received a request recover operation of type: METADATA
[WARN ] 2022-03-08 14:26:05.796 [Thread-52] p.ParallelServiceReplica$RecoverHandlerThread - No metadata file to send
[WARN ] 2022-03-08 14:26:05.796 [Thread-56] p.ParallelServiceReplica$RecoverHandlerThread - No metadata file to send
[WARN ] 2022-03-08 14:26:05.796 [Thread-54] p.ParallelServiceReplica$RecoverHandlerThread - No metadata file to send
[WARN ] 2022-03-08 14:26:05.796 [Thread-53] p.ParallelServiceReplica$RecoverHandlerThread - No metadata file to send
[WARN ] 2022-03-08 14:26:05.796 [Thread-55] p.ParallelServiceReplica$RecoverHandlerThread - No metadata file to send
[INFO ] 2022-03-08 14:26:05.836 [Thread-59] p.ParallelServiceReplica$RecoverHandlerThread - Recover received a request recover operation of type: METADATA
[INFO ] 2022-03-08 14:26:05.836 [Thread-60] p.ParallelServiceReplica$RecoverHandlerThread - Recover received a request recover operation of type: METADATA
[INFO ] 2022-03-08 14:26:05.836 [Thread-62] p.ParallelServiceReplica$RecoverHandlerThread - Recover received a request recover operation of type: METADATA
[INFO ] 2022-03-08 14:26:05.835 [Thread-61] p.ParallelServiceReplica$RecoverHandlerThread - Recover received a request recover operation of type: METADATA
[INFO ] 2022-03-08 14:26:05.836 [Thread-51] p.ParallelServiceReplica$RecoverHandlerThread - Recover received a request recover operation of type: METADATA
[INFO ] 2022-03-08 14:26:05.836 [Thread-58] p.ParallelServiceReplica$RecoverHandlerThread - Recover received a request recover operation of type: METADATA
[WARN ] 2022-03-08 14:26:05.836 [Thread-60] p.ParallelServiceReplica$RecoverHandlerThread - No metadata file to send
[WARN ] 2022-03-08 14:26:05.836 [Thread-59] p.ParallelServiceReplica$RecoverHandlerThread - No metadata file to send
[WARN ] 2022-03-08 14:26:05.836 [Thread-62] p.ParallelServiceReplica$RecoverHandlerThread - No metadata file to send
[WARN ] 2022-03-08 14:26:05.837 [Thread-51] p.ParallelServiceReplica$RecoverHandlerThread - No metadata file to send
[WARN ] 2022-03-08 14:26:05.836 [Thread-61] p.ParallelServiceReplica$RecoverHandlerThread - No metadata file to send
[WARN ] 2022-03-08 14:26:05.837 [Thread-58] p.ParallelServiceReplica$RecoverHandlerThread - No metadata file to send
[INFO ] 2022-03-08 14:26:05.840 [Thread-65] p.ParallelServiceReplica$RecoverHandlerThread - Recover received a request recover operation of type: METADATA
[INFO ] 2022-03-08 14:26:05.840 [Thread-66] p.ParallelServiceReplica$RecoverHandlerThread - Recover received a request recover operation of type: METADATA
[INFO ] 2022-03-08 14:26:05.840 [Thread-63] p.ParallelServiceReplica$RecoverHandlerThread - Recover received a request recover operation of type: METADATA
[INFO ] 2022-03-08 14:26:05.840 [Thread-67] p.ParallelServiceReplica$RecoverHandlerThread - Recover received a request recover operation of type: METADATA
[WARN ] 2022-03-08 14:26:05.840 [Thread-65] p.ParallelServiceReplica$RecoverHandlerThread - No metadata file to send
[WARN ] 2022-03-08 14:26:05.840 [Thread-66] p.ParallelServiceReplica$RecoverHandlerThread - No metadata file to send
[INFO ] 2022-03-08 14:26:05.840 [Thread-64] p.ParallelServiceReplica$RecoverHandlerThread - Recover received a request recover operation of type: METADATA
[WARN ] 2022-03-08 14:26:05.840 [Thread-63] p.ParallelServiceReplica$RecoverHandlerThread - No metadata file to send
[WARN ] 2022-03-08 14:26:05.840 [Thread-67] p.ParallelServiceReplica$RecoverHandlerThread - No metadata file to send
[WARN ] 2022-03-08 14:26:05.841 [Thread-64] p.ParallelServiceReplica$RecoverHandlerThread - No metadata file to send
[INFO ] 2022-03-08 14:26:05.870 [Thread-20] p.ParallelServiceReplica$RecoverHandlerThread - New connection from /10.1.1.101
[INFO ] 2022-03-08 14:26:05.870 [Thread-21] p.ParallelServiceReplica$RecoverHandlerThread - New connection from /10.1.1.101
[INFO ] 2022-03-08 14:26:05.870 [Thread-24] p.ParallelServiceReplica$RecoverHandlerThread - New connection from /10.1.1.101
[INFO ] 2022-03-08 14:26:05.870 [Thread-22] p.ParallelServiceReplica$RecoverHandlerThread - New connection from /10.1.1.101
[INFO ] 2022-03-08 14:26:05.870 [Thread-23] p.ParallelServiceReplica$RecoverHandlerThread - New connection from /10.1.1.101
[INFO ] 2022-03-08 14:26:05.870 [Thread-25] p.ParallelServiceReplica$RecoverHandlerThread - New connection from /10.1.1.101
[INFO ] 2022-03-08 14:26:05.873 [Thread-28] p.ParallelServiceReplica$RecoverHandlerThread - New connection from /10.1.1.101
[INFO ] 2022-03-08 14:26:05.873 [Thread-26] p.ParallelServiceReplica$RecoverHandlerThread - New connection from /10.1.1.101
[INFO ] 2022-03-08 14:26:05.873 [Thread-27] p.ParallelServiceReplica$RecoverHandlerThread - New connection from /10.1.1.101
[INFO ] 2022-03-08 14:26:05.873 [Thread-30] p.ParallelServiceReplica$RecoverHandlerThread - New connection from /10.1.1.101
[INFO ] 2022-03-08 14:26:05.874 [Thread-29] p.ParallelServiceReplica$RecoverHandlerThread - New connection from /10.1.1.101
[INFO ] 2022-03-08 14:26:05.874 [Thread-31] p.ParallelServiceReplica$RecoverHandlerThread - New connection from /10.1.1.101
[INFO ] 2022-03-08 14:26:05.874 [Thread-33] p.ParallelServiceReplica$RecoverHandlerThread - New connection from /10.1.1.101
[INFO ] 2022-03-08 14:26:05.874 [Thread-34] p.ParallelServiceReplica$RecoverHandlerThread - New connection from /10.1.1.101
[INFO ] 2022-03-08 14:26:05.875 [Thread-35] p.ParallelServiceReplica$RecoverHandlerThread - New connection from /10.1.1.101
[INFO ] 2022-03-08 14:26:05.875 [Thread-32] p.ParallelServiceReplica$RecoverHandlerThread - New connection from /10.1.1.101
[INFO ] 2022-03-08 14:26:05.911 [Thread-41] p.ParallelServiceReplica$Receiver - Last CID is 0
[INFO ] 2022-03-08 14:26:05.911 [Thread-39] p.ParallelServiceReplica$Receiver - Last CID is 0
[INFO ] 2022-03-08 14:26:05.911 [Thread-43] p.ParallelServiceReplica$Receiver - Last CID is 0
[INFO ] 2022-03-08 14:26:05.912 [Thread-37] p.ParallelServiceReplica$Receiver - Last CID is 0
[INFO ] 2022-03-08 14:26:05.912 [Thread-38] p.ParallelServiceReplica$Receiver - Last CID is 0
[INFO ] 2022-03-08 14:26:05.911 [Thread-40] p.ParallelServiceReplica$Receiver - Last CID is 0
[INFO ] 2022-03-08 14:26:05.912 [Thread-68] p.ParallelServiceReplica$RecoverHandlerThread - Recover received a request recover operation of type: METADATA
[INFO ] 2022-03-08 14:26:05.912 [Thread-36] p.ParallelServiceReplica$Receiver - Last CID is 0
[INFO ] 2022-03-08 14:26:05.911 [Thread-42] p.ParallelServiceReplica$Receiver - Last CID is 0
[INFO ] 2022-03-08 14:26:05.912 [Thread-72] p.ParallelServiceReplica$RecoverHandlerThread - Recover received a request recover operation of type: METADATA
[WARN ] 2022-03-08 14:26:05.912 [Thread-41] p.ParallelServiceReplica$Receiver - Retrying to connect to /10.1.1.102:6671...
[INFO ] 2022-03-08 14:26:05.912 [Thread-70] p.ParallelServiceReplica$RecoverHandlerThread - Recover received a request recover operation of type: METADATA
[INFO ] 2022-03-08 14:26:05.912 [Thread-71] p.ParallelServiceReplica$RecoverHandlerThread - Recover received a request recover operation of type: METADATA
[WARN ] 2022-03-08 14:26:05.912 [Thread-39] p.ParallelServiceReplica$Receiver - Retrying to connect to /10.1.1.102:6669...
[WARN ] 2022-03-08 14:26:05.912 [Thread-68] p.ParallelServiceReplica$RecoverHandlerThread - No metadata file to send
[INFO ] 2022-03-08 14:26:05.912 [Thread-73] p.ParallelServiceReplica$RecoverHandlerThread - Recover received a request recover operation of type: METADATA
[WARN ] 2022-03-08 14:26:05.912 [Thread-38] p.ParallelServiceReplica$Receiver - Retrying to connect to /10.1.1.102:6668...
[WARN ] 2022-03-08 14:26:05.912 [Thread-40] p.ParallelServiceReplica$Receiver - Retrying to connect to /10.1.1.102:6670...
[WARN ] 2022-03-08 14:26:05.912 [Thread-72] p.ParallelServiceReplica$RecoverHandlerThread - No metadata file to send
[INFO ] 2022-03-08 14:26:05.912 [Thread-69] p.ParallelServiceReplica$RecoverHandlerThread - Recover received a request recover operation of type: METADATA
[WARN ] 2022-03-08 14:26:05.912 [Thread-37] p.ParallelServiceReplica$Receiver - Retrying to connect to /10.1.1.102:6667...
[WARN ] 2022-03-08 14:26:05.912 [Thread-43] p.ParallelServiceReplica$Receiver - Retrying to connect to /10.1.1.102:6673...
[WARN ] 2022-03-08 14:26:05.912 [Thread-70] p.ParallelServiceReplica$RecoverHandlerThread - No metadata file to send
[WARN ] 2022-03-08 14:26:05.912 [Thread-36] p.ParallelServiceReplica$Receiver - Retrying to connect to /10.1.1.102:6666...
[WARN ] 2022-03-08 14:26:05.912 [Thread-42] p.ParallelServiceReplica$Receiver - Retrying to connect to /10.1.1.102:6672...
[WARN ] 2022-03-08 14:26:05.913 [Thread-71] p.ParallelServiceReplica$RecoverHandlerThread - No metadata file to send
[WARN ] 2022-03-08 14:26:05.913 [Thread-69] p.ParallelServiceReplica$RecoverHandlerThread - No metadata file to send
[WARN ] 2022-03-08 14:26:05.913 [Thread-73] p.ParallelServiceReplica$RecoverHandlerThread - No metadata file to send
[INFO ] 2022-03-08 14:26:05.915 [Thread-80] p.ParallelServiceReplica$RecoverHandlerThread - Recover received a request recover operation of type: METADATA
[INFO ] 2022-03-08 14:26:05.916 [Thread-75] p.ParallelServiceReplica$RecoverHandlerThread - Recover received a request recover operation of type: METADATA
[INFO ] 2022-03-08 14:26:05.916 [Thread-77] p.ParallelServiceReplica$RecoverHandlerThread - Recover received a request recover operation of type: METADATA
[INFO ] 2022-03-08 14:26:05.916 [Thread-81] p.ParallelServiceReplica$RecoverHandlerThread - Recover received a request recover operation of type: METADATA
[WARN ] 2022-03-08 14:26:05.916 [Thread-80] p.ParallelServiceReplica$RecoverHandlerThread - No metadata file to send
[INFO ] 2022-03-08 14:26:05.915 [Thread-79] p.ParallelServiceReplica$RecoverHandlerThread - Recover received a request recover operation of type: METADATA
[INFO ] 2022-03-08 14:26:05.916 [Thread-74] p.ParallelServiceReplica$RecoverHandlerThread - Recover received a request recover operation of type: METADATA
[INFO ] 2022-03-08 14:26:05.916 [Thread-78] p.ParallelServiceReplica$RecoverHandlerThread - Recover received a request recover operation of type: METADATA
[INFO ] 2022-03-08 14:26:05.916 [Thread-76] p.ParallelServiceReplica$RecoverHandlerThread - Recover received a request recover operation of type: METADATA
[WARN ] 2022-03-08 14:26:05.916 [Thread-75] p.ParallelServiceReplica$RecoverHandlerThread - No metadata file to send
[WARN ] 2022-03-08 14:26:05.916 [Thread-77] p.ParallelServiceReplica$RecoverHandlerThread - No metadata file to send
[WARN ] 2022-03-08 14:26:05.916 [Thread-81] p.ParallelServiceReplica$RecoverHandlerThread - No metadata file to send
[WARN ] 2022-03-08 14:26:05.916 [Thread-79] p.ParallelServiceReplica$RecoverHandlerThread - No metadata file to send
[WARN ] 2022-03-08 14:26:05.916 [Thread-74] p.ParallelServiceReplica$RecoverHandlerThread - No metadata file to send
[WARN ] 2022-03-08 14:26:05.917 [Thread-76] p.ParallelServiceReplica$RecoverHandlerThread - No metadata file to send
[WARN ] 2022-03-08 14:26:05.917 [Thread-78] p.ParallelServiceReplica$RecoverHandlerThread - No metadata file to send
[INFO ] 2022-03-08 14:26:05.920 [Thread-83] p.ParallelServiceReplica$RecoverHandlerThread - Recover received a request recover operation of type: METADATA
[INFO ] 2022-03-08 14:26:05.920 [Thread-82] p.ParallelServiceReplica$RecoverHandlerThread - Recover received a request recover operation of type: METADATA
[WARN ] 2022-03-08 14:26:05.920 [Thread-83] p.ParallelServiceReplica$RecoverHandlerThread - No metadata file to send
[WARN ] 2022-03-08 14:26:05.920 [Thread-82] p.ParallelServiceReplica$RecoverHandlerThread - No metadata file to send
[INFO ] 2022-03-08 14:26:06.281 [Thread-21] p.ParallelServiceReplica$RecoverHandlerThread - New connection from /10.1.1.102
[INFO ] 2022-03-08 14:26:06.281 [Thread-22] p.ParallelServiceReplica$RecoverHandlerThread - New connection from /10.1.1.102
[INFO ] 2022-03-08 14:26:06.281 [Thread-20] p.ParallelServiceReplica$RecoverHandlerThread - New connection from /10.1.1.102
[INFO ] 2022-03-08 14:26:06.281 [Thread-23] p.ParallelServiceReplica$RecoverHandlerThread - New connection from /10.1.1.102
[INFO ] 2022-03-08 14:26:06.282 [Thread-24] p.ParallelServiceReplica$RecoverHandlerThread - New connection from /10.1.1.102
[INFO ] 2022-03-08 14:26:06.284 [Thread-25] p.ParallelServiceReplica$RecoverHandlerThread - New connection from /10.1.1.102
[INFO ] 2022-03-08 14:26:06.477 [Thread-27] p.ParallelServiceReplica$RecoverHandlerThread - New connection from /10.1.1.102
[INFO ] 2022-03-08 14:26:06.477 [Thread-28] p.ParallelServiceReplica$RecoverHandlerThread - New connection from /10.1.1.102
[INFO ] 2022-03-08 14:26:06.478 [Thread-29] p.ParallelServiceReplica$RecoverHandlerThread - New connection from /10.1.1.102
[INFO ] 2022-03-08 14:26:06.478 [Thread-26] p.ParallelServiceReplica$RecoverHandlerThread - New connection from /10.1.1.102
[INFO ] 2022-03-08 14:26:06.478 [Thread-31] p.ParallelServiceReplica$RecoverHandlerThread - New connection from /10.1.1.102
[INFO ] 2022-03-08 14:26:06.478 [Thread-30] p.ParallelServiceReplica$RecoverHandlerThread - New connection from /10.1.1.102
[INFO ] 2022-03-08 14:26:06.478 [Thread-32] p.ParallelServiceReplica$RecoverHandlerThread - New connection from /10.1.1.102
[INFO ] 2022-03-08 14:26:06.479 [Thread-33] p.ParallelServiceReplica$RecoverHandlerThread - New connection from /10.1.1.102
[INFO ] 2022-03-08 14:26:06.479 [Thread-35] p.ParallelServiceReplica$RecoverHandlerThread - New connection from /10.1.1.102
[INFO ] 2022-03-08 14:26:06.479 [Thread-34] p.ParallelServiceReplica$RecoverHandlerThread - New connection from /10.1.1.102
[INFO ] 2022-03-08 14:26:06.524 [Thread-89] p.ParallelServiceReplica$RecoverHandlerThread - Recover received a request recover operation of type: METADATA
[INFO ] 2022-03-08 14:26:06.524 [Thread-87] p.ParallelServiceReplica$RecoverHandlerThread - Recover received a request recover operation of type: METADATA
[INFO ] 2022-03-08 14:26:06.524 [Thread-96] p.ParallelServiceReplica$RecoverHandlerThread - Recover received a request recover operation of type: METADATA
[INFO ] 2022-03-08 14:26:06.524 [Thread-93] p.ParallelServiceReplica$RecoverHandlerThread - Recover received a request recover operation of type: METADATA
[INFO ] 2022-03-08 14:26:06.524 [Thread-85] p.ParallelServiceReplica$RecoverHandlerThread - Recover received a request recover operation of type: METADATA
[INFO ] 2022-03-08 14:26:06.524 [Thread-97] p.ParallelServiceReplica$RecoverHandlerThread - Recover received a request recover operation of type: METADATA
[INFO ] 2022-03-08 14:26:06.524 [Thread-88] p.ParallelServiceReplica$RecoverHandlerThread - Recover received a request recover operation of type: METADATA
[INFO ] 2022-03-08 14:26:06.524 [Thread-98] p.ParallelServiceReplica$RecoverHandlerThread - Recover received a request recover operation of type: METADATA
[WARN ] 2022-03-08 14:26:06.524 [Thread-89] p.ParallelServiceReplica$RecoverHandlerThread - No metadata file to send
[INFO ] 2022-03-08 14:26:06.524 [Thread-94] p.ParallelServiceReplica$RecoverHandlerThread - Recover received a request recover operation of type: METADATA
[WARN ] 2022-03-08 14:26:06.525 [Thread-93] p.ParallelServiceReplica$RecoverHandlerThread - No metadata file to send
[WARN ] 2022-03-08 14:26:06.525 [Thread-88] p.ParallelServiceReplica$RecoverHandlerThread - No metadata file to send
[WARN ] 2022-03-08 14:26:06.525 [Thread-97] p.ParallelServiceReplica$RecoverHandlerThread - No metadata file to send
[WARN ] 2022-03-08 14:26:06.525 [Thread-98] p.ParallelServiceReplica$RecoverHandlerThread - No metadata file to send
[WARN ] 2022-03-08 14:26:06.525 [Thread-96] p.ParallelServiceReplica$RecoverHandlerThread - No metadata file to send
[INFO ] 2022-03-08 14:26:06.524 [Thread-91] p.ParallelServiceReplica$RecoverHandlerThread - Recover received a request recover operation of type: METADATA
[INFO ] 2022-03-08 14:26:06.524 [Thread-84] p.ParallelServiceReplica$RecoverHandlerThread - Recover received a request recover operation of type: METADATA
[INFO ] 2022-03-08 14:26:06.524 [Thread-86] p.ParallelServiceReplica$RecoverHandlerThread - Recover received a request recover operation of type: METADATA
[INFO ] 2022-03-08 14:26:06.524 [Thread-99] p.ParallelServiceReplica$RecoverHandlerThread - Recover received a request recover operation of type: METADATA
[INFO ] 2022-03-08 14:26:06.524 [Thread-90] p.ParallelServiceReplica$RecoverHandlerThread - Recover received a request recover operation of type: METADATA
[INFO ] 2022-03-08 14:26:06.524 [Thread-95] p.ParallelServiceReplica$RecoverHandlerThread - Recover received a request recover operation of type: METADATA
[INFO ] 2022-03-08 14:26:06.524 [Thread-92] p.ParallelServiceReplica$RecoverHandlerThread - Recover received a request recover operation of type: METADATA
[WARN ] 2022-03-08 14:26:06.525 [Thread-91] p.ParallelServiceReplica$RecoverHandlerThread - No metadata file to send
[WARN ] 2022-03-08 14:26:06.525 [Thread-86] p.ParallelServiceReplica$RecoverHandlerThread - No metadata file to send
[WARN ] 2022-03-08 14:26:06.525 [Thread-85] p.ParallelServiceReplica$RecoverHandlerThread - No metadata file to send
[WARN ] 2022-03-08 14:26:06.525 [Thread-87] p.ParallelServiceReplica$RecoverHandlerThread - No metadata file to send
[WARN ] 2022-03-08 14:26:06.525 [Thread-94] p.ParallelServiceReplica$RecoverHandlerThread - No metadata file to send
[WARN ] 2022-03-08 14:26:06.526 [Thread-84] p.ParallelServiceReplica$RecoverHandlerThread - No metadata file to send
[WARN ] 2022-03-08 14:26:06.526 [Thread-90] p.ParallelServiceReplica$RecoverHandlerThread - No metadata file to send
[WARN ] 2022-03-08 14:26:06.526 [Thread-95] p.ParallelServiceReplica$RecoverHandlerThread - No metadata file to send
[WARN ] 2022-03-08 14:26:06.526 [Thread-99] p.ParallelServiceReplica$RecoverHandlerThread - No metadata file to send
[WARN ] 2022-03-08 14:26:06.526 [Thread-92] p.ParallelServiceReplica$RecoverHandlerThread - No metadata file to send
[INFO ] 2022-03-08 14:26:06.702 [Thread-84] p.ParallelServiceReplica$RecoverHandlerThread - Nothing to read from /10.1.1.102, closing socket
[INFO ] 2022-03-08 14:26:06.702 [Thread-87] p.ParallelServiceReplica$RecoverHandlerThread - Nothing to read from /10.1.1.102, closing socket
[INFO ] 2022-03-08 14:26:06.702 [Thread-88] p.ParallelServiceReplica$RecoverHandlerThread - Nothing to read from /10.1.1.102, closing socket
[INFO ] 2022-03-08 14:26:06.702 [Thread-86] p.ParallelServiceReplica$RecoverHandlerThread - Nothing to read from /10.1.1.102, closing socket
[INFO ] 2022-03-08 14:26:06.702 [Thread-85] p.ParallelServiceReplica$RecoverHandlerThread - Nothing to read from /10.1.1.102, closing socket
[INFO ] 2022-03-08 14:26:06.739 [Thread-89] p.ParallelServiceReplica$RecoverHandlerThread - Nothing to read from /10.1.1.102, closing socket
[INFO ] 2022-03-08 14:26:06.739 [Thread-93] p.ParallelServiceReplica$RecoverHandlerThread - Nothing to read from /10.1.1.102, closing socket
[INFO ] 2022-03-08 14:26:06.739 [Thread-96] p.ParallelServiceReplica$RecoverHandlerThread - Nothing to read from /10.1.1.102, closing socket
[INFO ] 2022-03-08 14:26:06.742 [Thread-97] p.ParallelServiceReplica$RecoverHandlerThread - Nothing to read from /10.1.1.102, closing socket
[INFO ] 2022-03-08 14:26:06.742 [Thread-94] p.ParallelServiceReplica$RecoverHandlerThread - Nothing to read from /10.1.1.102, closing socket
[INFO ] 2022-03-08 14:26:06.743 [Thread-90] p.ParallelServiceReplica$RecoverHandlerThread - Nothing to read from /10.1.1.102, closing socket
[INFO ] 2022-03-08 14:26:06.743 [Thread-91] p.ParallelServiceReplica$RecoverHandlerThread - Nothing to read from /10.1.1.102, closing socket
[INFO ] 2022-03-08 14:26:06.743 [Thread-95] p.ParallelServiceReplica$RecoverHandlerThread - Nothing to read from /10.1.1.102, closing socket
[INFO ] 2022-03-08 14:26:06.743 [Thread-98] p.ParallelServiceReplica$RecoverHandlerThread - Nothing to read from /10.1.1.102, closing socket
[INFO ] 2022-03-08 14:26:06.746 [Thread-92] p.ParallelServiceReplica$RecoverHandlerThread - Nothing to read from /10.1.1.102, closing socket
[INFO ] 2022-03-08 14:26:06.746 [Thread-99] p.ParallelServiceReplica$RecoverHandlerThread - Nothing to read from /10.1.1.102, closing socket
[INFO ] 2022-03-08 14:26:17.666 [Thread-49] p.ParallelServiceReplica$Receiver - Socket connected to /10.1.1.101
[INFO ] 2022-03-08 14:26:17.666 [Thread-50] p.ParallelServiceReplica$Receiver - Socket connected to /10.1.1.101
[INFO ] 2022-03-08 14:26:17.666 [Thread-45] p.ParallelServiceReplica$Receiver - Socket connected to /10.1.1.101
[INFO ] 2022-03-08 14:26:17.666 [Thread-44] p.ParallelServiceReplica$Receiver - Socket connected to /10.1.1.101
[INFO ] 2022-03-08 14:26:17.666 [Thread-48] p.ParallelServiceReplica$Receiver - Socket connected to /10.1.1.101
[INFO ] 2022-03-08 14:26:17.666 [Thread-57] p.ParallelServiceReplica$Receiver - Socket connected to /10.1.1.101
[INFO ] 2022-03-08 14:26:17.666 [Thread-46] p.ParallelServiceReplica$Receiver - Socket connected to /10.1.1.101
[INFO ] 2022-03-08 14:26:17.666 [Thread-47] p.ParallelServiceReplica$Receiver - Socket connected to /10.1.1.101
[INFO ] 2022-03-08 14:26:17.667 [Thread-50] p.ParallelServiceReplica$Receiver - Requesting metadata to /10.1.1.101:6680
[INFO ] 2022-03-08 14:26:17.667 [Thread-50] p.ParallelServiceReplica$Receiver - Reading metadata's request reply from /10.1.1.101:6680
[INFO ] 2022-03-08 14:26:17.667 [Thread-57] p.ParallelServiceReplica$Receiver - Requesting metadata to /10.1.1.101:6681
[INFO ] 2022-03-08 14:26:17.668 [Thread-57] p.ParallelServiceReplica$Receiver - Reading metadata's request reply from /10.1.1.101:6681
[INFO ] 2022-03-08 14:26:17.668 [Thread-47] p.ParallelServiceReplica$Receiver - Requesting metadata to /10.1.1.101:6677
[INFO ] 2022-03-08 14:26:17.668 [Thread-47] p.ParallelServiceReplica$Receiver - Reading metadata's request reply from /10.1.1.101:6677
[INFO ] 2022-03-08 14:26:17.668 [Thread-48] p.ParallelServiceReplica$Receiver - Requesting metadata to /10.1.1.101:6678
[INFO ] 2022-03-08 14:26:17.668 [Thread-48] p.ParallelServiceReplica$Receiver - Reading metadata's request reply from /10.1.1.101:6678
[INFO ] 2022-03-08 14:26:17.668 [Thread-49] p.ParallelServiceReplica$Receiver - Requesting metadata to /10.1.1.101:6679
[INFO ] 2022-03-08 14:26:17.668 [Thread-49] p.ParallelServiceReplica$Receiver - Reading metadata's request reply from /10.1.1.101:6679
[INFO ] 2022-03-08 14:26:17.668 [Thread-44] p.ParallelServiceReplica$Receiver - Requesting metadata to /10.1.1.101:6674
[INFO ] 2022-03-08 14:26:17.669 [Thread-44] p.ParallelServiceReplica$Receiver - Reading metadata's request reply from /10.1.1.101:6674
[INFO ] 2022-03-08 14:26:17.669 [Thread-46] p.ParallelServiceReplica$Receiver - Requesting metadata to /10.1.1.101:6676
[INFO ] 2022-03-08 14:26:17.669 [Thread-45] p.ParallelServiceReplica$Receiver - Requesting metadata to /10.1.1.101:6675
[INFO ] 2022-03-08 14:26:17.669 [Thread-46] p.ParallelServiceReplica$Receiver - Reading metadata's request reply from /10.1.1.101:6676
[INFO ] 2022-03-08 14:26:17.669 [Thread-45] p.ParallelServiceReplica$Receiver - Reading metadata's request reply from /10.1.1.101:6675
[INFO ] 2022-03-08 14:26:17.752 [Thread-48] p.ParallelServiceReplica$Receiver - Last CID is 0
[INFO ] 2022-03-08 14:26:17.752 [Thread-50] p.ParallelServiceReplica$Receiver - Last CID is 0
[INFO ] 2022-03-08 14:26:17.752 [Thread-47] p.ParallelServiceReplica$Receiver - Last CID is 0
[INFO ] 2022-03-08 14:26:17.752 [Thread-57] p.ParallelServiceReplica$Receiver - Last CID is 0
[INFO ] 2022-03-08 14:26:17.752 [Thread-48] p.ParallelServiceReplica$Receiver - Socket connected to /10.1.1.102
[INFO ] 2022-03-08 14:26:17.752 [Thread-50] p.ParallelServiceReplica$Receiver - Socket connected to /10.1.1.102
[INFO ] 2022-03-08 14:26:17.752 [Thread-47] p.ParallelServiceReplica$Receiver - Socket connected to /10.1.1.102
[INFO ] 2022-03-08 14:26:17.752 [Thread-57] p.ParallelServiceReplica$Receiver - Socket connected to /10.1.1.102
[INFO ] 2022-03-08 14:26:17.755 [Thread-50] p.ParallelServiceReplica$Receiver - Requesting metadata to /10.1.1.102:6680
[INFO ] 2022-03-08 14:26:17.755 [Thread-50] p.ParallelServiceReplica$Receiver - Reading metadata's request reply from /10.1.1.102:6680
[INFO ] 2022-03-08 14:26:17.755 [Thread-47] p.ParallelServiceReplica$Receiver - Requesting metadata to /10.1.1.102:6677
[INFO ] 2022-03-08 14:26:17.755 [Thread-47] p.ParallelServiceReplica$Receiver - Reading metadata's request reply from /10.1.1.102:6677
[INFO ] 2022-03-08 14:26:17.755 [Thread-46] p.ParallelServiceReplica$Receiver - Last CID is 0
[INFO ] 2022-03-08 14:26:17.756 [Thread-45] p.ParallelServiceReplica$Receiver - Last CID is 0
[INFO ] 2022-03-08 14:26:17.756 [Thread-49] p.ParallelServiceReplica$Receiver - Last CID is 0
[INFO ] 2022-03-08 14:26:17.756 [Thread-48] p.ParallelServiceReplica$Receiver - Requesting metadata to /10.1.1.102:6678
[INFO ] 2022-03-08 14:26:17.756 [Thread-44] p.ParallelServiceReplica$Receiver - Last CID is 0
[INFO ] 2022-03-08 14:26:17.756 [Thread-57] p.ParallelServiceReplica$Receiver - Requesting metadata to /10.1.1.102:6681
[INFO ] 2022-03-08 14:26:17.756 [Thread-57] p.ParallelServiceReplica$Receiver - Reading metadata's request reply from /10.1.1.102:6681
[INFO ] 2022-03-08 14:26:17.756 [Thread-48] p.ParallelServiceReplica$Receiver - Reading metadata's request reply from /10.1.1.102:6678
[INFO ] 2022-03-08 14:26:17.756 [Thread-49] p.ParallelServiceReplica$Receiver - Socket connected to /10.1.1.102
[INFO ] 2022-03-08 14:26:17.756 [Thread-45] p.ParallelServiceReplica$Receiver - Socket connected to /10.1.1.102
[INFO ] 2022-03-08 14:26:17.756 [Thread-46] p.ParallelServiceReplica$Receiver - Socket connected to /10.1.1.102
[INFO ] 2022-03-08 14:26:17.756 [Thread-44] p.ParallelServiceReplica$Receiver - Socket connected to /10.1.1.102
[INFO ] 2022-03-08 14:26:17.758 [Thread-46] p.ParallelServiceReplica$Receiver - Requesting metadata to /10.1.1.102:6676
[INFO ] 2022-03-08 14:26:17.758 [Thread-46] p.ParallelServiceReplica$Receiver - Reading metadata's request reply from /10.1.1.102:6676
[INFO ] 2022-03-08 14:26:17.758 [Thread-44] p.ParallelServiceReplica$Receiver - Requesting metadata to /10.1.1.102:6674
[INFO ] 2022-03-08 14:26:17.758 [Thread-45] p.ParallelServiceReplica$Receiver - Requesting metadata to /10.1.1.102:6675
[INFO ] 2022-03-08 14:26:17.758 [Thread-44] p.ParallelServiceReplica$Receiver - Reading metadata's request reply from /10.1.1.102:6674
[INFO ] 2022-03-08 14:26:17.758 [Thread-49] p.ParallelServiceReplica$Receiver - Requesting metadata to /10.1.1.102:6679
[INFO ] 2022-03-08 14:26:17.758 [Thread-45] p.ParallelServiceReplica$Receiver - Reading metadata's request reply from /10.1.1.102:6675
[INFO ] 2022-03-08 14:26:17.758 [Thread-49] p.ParallelServiceReplica$Receiver - Reading metadata's request reply from /10.1.1.102:6679
[INFO ] 2022-03-08 14:26:17.840 [Thread-48] p.ParallelServiceReplica$Receiver - Last CID is 0
[INFO ] 2022-03-08 14:26:17.840 [Thread-47] p.ParallelServiceReplica$Receiver - Last CID is 0
[INFO ] 2022-03-08 14:26:17.840 [Thread-57] p.ParallelServiceReplica$Receiver - Last CID is 0
[INFO ] 2022-03-08 14:26:17.840 [Thread-50] p.ParallelServiceReplica$Receiver - Last CID is 0
[INFO ] 2022-03-08 14:26:17.840 [Thread-48] p.ParallelServiceReplica$Receiver - Socket connected to /10.1.1.103
[INFO ] 2022-03-08 14:26:17.840 [Thread-47] p.ParallelServiceReplica$Receiver - Socket connected to /10.1.1.103
[INFO ] 2022-03-08 14:26:17.840 [Thread-57] p.ParallelServiceReplica$Receiver - Socket connected to /10.1.1.103
[INFO ] 2022-03-08 14:26:17.840 [Thread-50] p.ParallelServiceReplica$Receiver - Socket connected to /10.1.1.103
[INFO ] 2022-03-08 14:26:17.841 [Thread-47] p.ParallelServiceReplica$Receiver - Requesting metadata to /10.1.1.103:6677
[INFO ] 2022-03-08 14:26:17.841 [Thread-47] p.ParallelServiceReplica$Receiver - Reading metadata's request reply from /10.1.1.103:6677
[INFO ] 2022-03-08 14:26:17.841 [Thread-48] p.ParallelServiceReplica$Receiver - Requesting metadata to /10.1.1.103:6678
[INFO ] 2022-03-08 14:26:17.842 [Thread-50] p.ParallelServiceReplica$Receiver - Requesting metadata to /10.1.1.103:6680
[INFO ] 2022-03-08 14:26:17.842 [Thread-48] p.ParallelServiceReplica$Receiver - Reading metadata's request reply from /10.1.1.103:6678
[INFO ] 2022-03-08 14:26:17.842 [Thread-50] p.ParallelServiceReplica$Receiver - Reading metadata's request reply from /10.1.1.103:6680
[INFO ] 2022-03-08 14:26:17.842 [Thread-57] p.ParallelServiceReplica$Receiver - Requesting metadata to /10.1.1.103:6681
[INFO ] 2022-03-08 14:26:17.842 [Thread-57] p.ParallelServiceReplica$Receiver - Reading metadata's request reply from /10.1.1.103:6681
[INFO ] 2022-03-08 14:26:17.844 [Thread-45] p.ParallelServiceReplica$Receiver - Last CID is 0
[INFO ] 2022-03-08 14:26:17.844 [Thread-46] p.ParallelServiceReplica$Receiver - Last CID is 0
[INFO ] 2022-03-08 14:26:17.844 [Thread-49] p.ParallelServiceReplica$Receiver - Last CID is 0
[INFO ] 2022-03-08 14:26:17.844 [Thread-44] p.ParallelServiceReplica$Receiver - Last CID is 0
[INFO ] 2022-03-08 14:26:17.844 [Thread-45] p.ParallelServiceReplica$Receiver - Socket connected to /10.1.1.103
[INFO ] 2022-03-08 14:26:17.844 [Thread-46] p.ParallelServiceReplica$Receiver - Socket connected to /10.1.1.103
[INFO ] 2022-03-08 14:26:17.844 [Thread-49] p.ParallelServiceReplica$Receiver - Socket connected to /10.1.1.103
[INFO ] 2022-03-08 14:26:17.844 [Thread-44] p.ParallelServiceReplica$Receiver - Socket connected to /10.1.1.103
[INFO ] 2022-03-08 14:26:17.845 [Thread-45] p.ParallelServiceReplica$Receiver - Requesting metadata to /10.1.1.103:6675
[INFO ] 2022-03-08 14:26:17.845 [Thread-45] p.ParallelServiceReplica$Receiver - Reading metadata's request reply from /10.1.1.103:6675
[INFO ] 2022-03-08 14:26:17.845 [Thread-46] p.ParallelServiceReplica$Receiver - Requesting metadata to /10.1.1.103:6676
[INFO ] 2022-03-08 14:26:17.845 [Thread-44] p.ParallelServiceReplica$Receiver - Requesting metadata to /10.1.1.103:6674
[INFO ] 2022-03-08 14:26:17.845 [Thread-46] p.ParallelServiceReplica$Receiver - Reading metadata's request reply from /10.1.1.103:6676
[INFO ] 2022-03-08 14:26:17.845 [Thread-44] p.ParallelServiceReplica$Receiver - Reading metadata's request reply from /10.1.1.103:6674
[INFO ] 2022-03-08 14:26:17.845 [Thread-49] p.ParallelServiceReplica$Receiver - Requesting metadata to /10.1.1.103:6679
[INFO ] 2022-03-08 14:26:17.846 [Thread-49] p.ParallelServiceReplica$Receiver - Reading metadata's request reply from /10.1.1.103:6679
[INFO ] 2022-03-08 14:26:17.912 [Thread-41] p.ParallelServiceReplica$Receiver - Socket connected to /10.1.1.102
[INFO ] 2022-03-08 14:26:17.913 [Thread-39] p.ParallelServiceReplica$Receiver - Socket connected to /10.1.1.102
[INFO ] 2022-03-08 14:26:17.913 [Thread-38] p.ParallelServiceReplica$Receiver - Socket connected to /10.1.1.102
[INFO ] 2022-03-08 14:26:17.913 [Thread-40] p.ParallelServiceReplica$Receiver - Socket connected to /10.1.1.102
[INFO ] 2022-03-08 14:26:17.913 [Thread-37] p.ParallelServiceReplica$Receiver - Socket connected to /10.1.1.102
[INFO ] 2022-03-08 14:26:17.913 [Thread-43] p.ParallelServiceReplica$Receiver - Socket connected to /10.1.1.102
[INFO ] 2022-03-08 14:26:17.913 [Thread-36] p.ParallelServiceReplica$Receiver - Socket connected to /10.1.1.102
[INFO ] 2022-03-08 14:26:17.913 [Thread-42] p.ParallelServiceReplica$Receiver - Socket connected to /10.1.1.102
[INFO ] 2022-03-08 14:26:17.914 [Thread-39] p.ParallelServiceReplica$Receiver - Requesting metadata to /10.1.1.102:6669
[INFO ] 2022-03-08 14:26:17.914 [Thread-39] p.ParallelServiceReplica$Receiver - Reading metadata's request reply from /10.1.1.102:6669
[INFO ] 2022-03-08 14:26:17.914 [Thread-38] p.ParallelServiceReplica$Receiver - Requesting metadata to /10.1.1.102:6668
[INFO ] 2022-03-08 14:26:17.914 [Thread-38] p.ParallelServiceReplica$Receiver - Reading metadata's request reply from /10.1.1.102:6668
[INFO ] 2022-03-08 14:26:17.914 [Thread-40] p.ParallelServiceReplica$Receiver - Requesting metadata to /10.1.1.102:6670
[INFO ] 2022-03-08 14:26:17.915 [Thread-40] p.ParallelServiceReplica$Receiver - Reading metadata's request reply from /10.1.1.102:6670
[INFO ] 2022-03-08 14:26:17.915 [Thread-41] p.ParallelServiceReplica$Receiver - Requesting metadata to /10.1.1.102:6671
[INFO ] 2022-03-08 14:26:17.915 [Thread-43] p.ParallelServiceReplica$Receiver - Requesting metadata to /10.1.1.102:6673
[INFO ] 2022-03-08 14:26:17.915 [Thread-41] p.ParallelServiceReplica$Receiver - Reading metadata's request reply from /10.1.1.102:6671
[INFO ] 2022-03-08 14:26:17.915 [Thread-43] p.ParallelServiceReplica$Receiver - Reading metadata's request reply from /10.1.1.102:6673
[INFO ] 2022-03-08 14:26:17.915 [Thread-37] p.ParallelServiceReplica$Receiver - Requesting metadata to /10.1.1.102:6667
[INFO ] 2022-03-08 14:26:17.915 [Thread-37] p.ParallelServiceReplica$Receiver - Reading metadata's request reply from /10.1.1.102:6667
[INFO ] 2022-03-08 14:26:17.915 [Thread-42] p.ParallelServiceReplica$Receiver - Requesting metadata to /10.1.1.102:6672
[INFO ] 2022-03-08 14:26:17.916 [Thread-36] p.ParallelServiceReplica$Receiver - Requesting metadata to /10.1.1.102:6666
[INFO ] 2022-03-08 14:26:17.916 [Thread-42] p.ParallelServiceReplica$Receiver - Reading metadata's request reply from /10.1.1.102:6672
[INFO ] 2022-03-08 14:26:17.916 [Thread-36] p.ParallelServiceReplica$Receiver - Reading metadata's request reply from /10.1.1.102:6666
[INFO ] 2022-03-08 14:26:17.924 [Thread-50] p.ParallelServiceReplica$Receiver - Last CID is 0
[INFO ] 2022-03-08 14:26:17.924 [Thread-47] p.ParallelServiceReplica$Receiver - Last CID is 0
[INFO ] 2022-03-08 14:26:17.924 [Thread-50] p.ParallelServiceReplica$Receiver - Request rc_id value is 100 and replica Id 100
[INFO ] 2022-03-08 14:26:17.924 [Thread-47] p.ParallelServiceReplica$Receiver - Request rc_id value is 100 and replica Id 100
[INFO ] 2022-03-08 14:26:17.924 [Thread-50] p.ParallelServiceReplica$Receiver - Scheduling recovery finished message for thread 14.
[INFO ] 2022-03-08 14:26:17.924 [Thread-47] p.ParallelServiceReplica$Receiver - Scheduling recovery finished message for thread 11.
[INFO ] 2022-03-08 14:26:17.927 [Thread-44] p.ParallelServiceReplica$Receiver - Last CID is 0
[INFO ] 2022-03-08 14:26:17.927 [Thread-48] p.ParallelServiceReplica$Receiver - Last CID is 0
[INFO ] 2022-03-08 14:26:17.928 [Thread-57] p.ParallelServiceReplica$Receiver - Last CID is 0
[INFO ] 2022-03-08 14:26:17.927 [Thread-46] p.ParallelServiceReplica$Receiver - Last CID is 0
[INFO ] 2022-03-08 14:26:17.928 [Thread-49] p.ParallelServiceReplica$Receiver - Last CID is 0
[INFO ] 2022-03-08 14:26:17.928 [Thread-49] p.ParallelServiceReplica$Receiver - Request rc_id value is 100 and replica Id 100
[INFO ] 2022-03-08 14:26:17.928 [Thread-45] p.ParallelServiceReplica$Receiver - Last CID is 0
[INFO ] 2022-03-08 14:26:17.928 [Thread-49] p.ParallelServiceReplica$Receiver - Scheduling recovery finished message for thread 13.
[INFO ] 2022-03-08 14:26:17.928 [Thread-46] p.ParallelServiceReplica$Receiver - Request rc_id value is 100 and replica Id 100
[INFO ] 2022-03-08 14:26:17.928 [Thread-45] p.ParallelServiceReplica$Receiver - Request rc_id value is 100 and replica Id 100
[INFO ] 2022-03-08 14:26:17.928 [Thread-57] p.ParallelServiceReplica$Receiver - Request rc_id value is 100 and replica Id 100
[INFO ] 2022-03-08 14:26:17.928 [Thread-44] p.ParallelServiceReplica$Receiver - Request rc_id value is 100 and replica Id 100
[INFO ] 2022-03-08 14:26:17.928 [Thread-57] p.ParallelServiceReplica$Receiver - Scheduling recovery finished message for thread 15.
[INFO ] 2022-03-08 14:26:17.928 [Thread-45] p.ParallelServiceReplica$Receiver - Scheduling recovery finished message for thread 9.
[INFO ] 2022-03-08 14:26:17.928 [Thread-48] p.ParallelServiceReplica$Receiver - Request rc_id value is 100 and replica Id 100
[INFO ] 2022-03-08 14:26:17.928 [Thread-46] p.ParallelServiceReplica$Receiver - Scheduling recovery finished message for thread 10.
[INFO ] 2022-03-08 14:26:17.928 [Thread-44] p.ParallelServiceReplica$Receiver - Scheduling recovery finished message for thread 8.
[INFO ] 2022-03-08 14:26:17.928 [Thread-48] p.ParallelServiceReplica$Receiver - Scheduling recovery finished message for thread 12.
[INFO ] 2022-03-08 14:26:17.999 [Thread-36] p.ParallelServiceReplica$Receiver - Last CID is 0
[INFO ] 2022-03-08 14:26:18.000 [Thread-40] p.ParallelServiceReplica$Receiver - Last CID is 0
[INFO ] 2022-03-08 14:26:17.999 [Thread-37] p.ParallelServiceReplica$Receiver - Last CID is 0
[INFO ] 2022-03-08 14:26:18.000 [Thread-52] p.ParallelServiceReplica$RecoverHandlerThread - Nothing to read from /10.1.1.103, closing socket
[INFO ] 2022-03-08 14:26:18.000 [Thread-39] p.ParallelServiceReplica$Receiver - Last CID is 0
[INFO ] 2022-03-08 14:26:18.000 [Thread-43] p.ParallelServiceReplica$Receiver - Last CID is 0
[INFO ] 2022-03-08 14:26:18.000 [Thread-36] p.ParallelServiceReplica$Receiver - Socket connected to /10.1.1.103
[INFO ] 2022-03-08 14:26:18.000 [Thread-40] p.ParallelServiceReplica$Receiver - Socket connected to /10.1.1.103
[INFO ] 2022-03-08 14:26:18.000 [Thread-39] p.ParallelServiceReplica$Receiver - Socket connected to /10.1.1.103
[INFO ] 2022-03-08 14:26:18.000 [Thread-37] p.ParallelServiceReplica$Receiver - Socket connected to /10.1.1.103
[INFO ] 2022-03-08 14:26:18.000 [Thread-43] p.ParallelServiceReplica$Receiver - Socket connected to /10.1.1.103
[INFO ] 2022-03-08 14:26:18.001 [Thread-40] p.ParallelServiceReplica$Receiver - Requesting metadata to /10.1.1.103:6670
[INFO ] 2022-03-08 14:26:18.001 [Thread-40] p.ParallelServiceReplica$Receiver - Reading metadata's request reply from /10.1.1.103:6670
[INFO ] 2022-03-08 14:26:18.001 [Thread-36] p.ParallelServiceReplica$Receiver - Requesting metadata to /10.1.1.103:6666
[INFO ] 2022-03-08 14:26:18.001 [Thread-36] p.ParallelServiceReplica$Receiver - Reading metadata's request reply from /10.1.1.103:6666
[INFO ] 2022-03-08 14:26:18.001 [Thread-37] p.ParallelServiceReplica$Receiver - Requesting metadata to /10.1.1.103:6667
[INFO ] 2022-03-08 14:26:18.001 [Thread-43] p.ParallelServiceReplica$Receiver - Requesting metadata to /10.1.1.103:6673
[INFO ] 2022-03-08 14:26:18.001 [Thread-37] p.ParallelServiceReplica$Receiver - Reading metadata's request reply from /10.1.1.103:6667
[INFO ] 2022-03-08 14:26:18.001 [Thread-43] p.ParallelServiceReplica$Receiver - Reading metadata's request reply from /10.1.1.103:6673
[INFO ] 2022-03-08 14:26:18.001 [Thread-39] p.ParallelServiceReplica$Receiver - Requesting metadata to /10.1.1.103:6669
[INFO ] 2022-03-08 14:26:18.002 [Thread-39] p.ParallelServiceReplica$Receiver - Reading metadata's request reply from /10.1.1.103:6669
[INFO ] 2022-03-08 14:26:18.003 [Thread-55] p.ParallelServiceReplica$RecoverHandlerThread - Nothing to read from /10.1.1.103, closing socket
[INFO ] 2022-03-08 14:26:18.003 [Thread-42] p.ParallelServiceReplica$Receiver - Last CID is 0
[INFO ] 2022-03-08 14:26:18.003 [Thread-41] p.ParallelServiceReplica$Receiver - Last CID is 0
[INFO ] 2022-03-08 14:26:18.003 [Thread-38] p.ParallelServiceReplica$Receiver - Last CID is 0
[INFO ] 2022-03-08 14:26:18.004 [Thread-56] p.ParallelServiceReplica$RecoverHandlerThread - Nothing to read from /10.1.1.103, closing socket
[INFO ] 2022-03-08 14:26:18.004 [Thread-54] p.ParallelServiceReplica$RecoverHandlerThread - Nothing to read from /10.1.1.103, closing socket
[INFO ] 2022-03-08 14:26:18.004 [Thread-53] p.ParallelServiceReplica$RecoverHandlerThread - Nothing to read from /10.1.1.103, closing socket
[INFO ] 2022-03-08 14:26:18.004 [Thread-42] p.ParallelServiceReplica$Receiver - Socket connected to /10.1.1.103
[INFO ] 2022-03-08 14:26:18.004 [Thread-38] p.ParallelServiceReplica$Receiver - Socket connected to /10.1.1.103
[INFO ] 2022-03-08 14:26:18.004 [Thread-41] p.ParallelServiceReplica$Receiver - Socket connected to /10.1.1.103
[INFO ] 2022-03-08 14:26:18.005 [Thread-42] p.ParallelServiceReplica$Receiver - Requesting metadata to /10.1.1.103:6672
[INFO ] 2022-03-08 14:26:18.005 [Thread-42] p.ParallelServiceReplica$Receiver - Reading metadata's request reply from /10.1.1.103:6672
[INFO ] 2022-03-08 14:26:18.005 [Thread-41] p.ParallelServiceReplica$Receiver - Requesting metadata to /10.1.1.103:6671
[INFO ] 2022-03-08 14:26:18.005 [Thread-38] p.ParallelServiceReplica$Receiver - Requesting metadata to /10.1.1.103:6668
[INFO ] 2022-03-08 14:26:18.005 [Thread-41] p.ParallelServiceReplica$Receiver - Reading metadata's request reply from /10.1.1.103:6671
[INFO ] 2022-03-08 14:26:18.005 [Thread-38] p.ParallelServiceReplica$Receiver - Reading metadata's request reply from /10.1.1.103:6668
[INFO ] 2022-03-08 14:26:18.075 [Thread-51] p.ParallelServiceReplica$RecoverHandlerThread - Nothing to read from /10.1.1.103, closing socket
[INFO ] 2022-03-08 14:26:18.075 [Thread-67] p.ParallelServiceReplica$RecoverHandlerThread - Nothing to read from /10.1.1.103, closing socket
[INFO ] 2022-03-08 14:26:18.075 [Thread-58] p.ParallelServiceReplica$RecoverHandlerThread - Nothing to read from /10.1.1.103, closing socket
[INFO ] 2022-03-08 14:26:18.075 [Thread-60] p.ParallelServiceReplica$RecoverHandlerThread - Nothing to read from /10.1.1.103, closing socket
[INFO ] 2022-03-08 14:26:18.076 [Thread-62] p.ParallelServiceReplica$RecoverHandlerThread - Nothing to read from /10.1.1.103, closing socket
[INFO ] 2022-03-08 14:26:18.076 [Thread-59] p.ParallelServiceReplica$RecoverHandlerThread - Nothing to read from /10.1.1.103, closing socket
[INFO ] 2022-03-08 14:26:18.076 [Thread-64] p.ParallelServiceReplica$RecoverHandlerThread - Nothing to read from /10.1.1.103, closing socket
[INFO ] 2022-03-08 14:26:18.076 [Thread-61] p.ParallelServiceReplica$RecoverHandlerThread - Nothing to read from /10.1.1.103, closing socket
[INFO ] 2022-03-08 14:26:18.076 [Thread-63] p.ParallelServiceReplica$RecoverHandlerThread - Nothing to read from /10.1.1.103, closing socket
[INFO ] 2022-03-08 14:26:18.076 [Thread-65] p.ParallelServiceReplica$RecoverHandlerThread - Nothing to read from /10.1.1.103, closing socket
[INFO ] 2022-03-08 14:26:18.076 [Thread-66] p.ParallelServiceReplica$RecoverHandlerThread - Nothing to read from /10.1.1.103, closing socket
[INFO ] 2022-03-08 14:26:18.084 [Thread-36] p.ParallelServiceReplica$Receiver - Last CID is 0
[INFO ] 2022-03-08 14:26:18.084 [Thread-37] p.ParallelServiceReplica$Receiver - Last CID is 0
[INFO ] 2022-03-08 14:26:18.084 [Thread-40] p.ParallelServiceReplica$Receiver - Last CID is 0
[INFO ] 2022-03-08 14:26:18.084 [Thread-43] p.ParallelServiceReplica$Receiver - Last CID is 0
[INFO ] 2022-03-08 14:26:18.084 [Thread-37] p.ParallelServiceReplica$Receiver - Request rc_id value is 100 and replica Id 100
[INFO ] 2022-03-08 14:26:18.084 [Thread-40] p.ParallelServiceReplica$Receiver - Request rc_id value is 100 and replica Id 100
[INFO ] 2022-03-08 14:26:18.084 [Thread-36] p.ParallelServiceReplica$Receiver - Request rc_id value is 100 and replica Id 100
[INFO ] 2022-03-08 14:26:18.084 [Thread-43] p.ParallelServiceReplica$Receiver - Request rc_id value is 100 and replica Id 100
[INFO ] 2022-03-08 14:26:18.084 [Thread-37] p.ParallelServiceReplica$Receiver - Scheduling recovery finished message for thread 1.
[INFO ] 2022-03-08 14:26:18.084 [Thread-36] p.ParallelServiceReplica$Receiver - Scheduling recovery finished message for thread 0.
[INFO ] 2022-03-08 14:26:18.084 [Thread-40] p.ParallelServiceReplica$Receiver - Scheduling recovery finished message for thread 4.
[INFO ] 2022-03-08 14:26:18.084 [Thread-43] p.ParallelServiceReplica$Receiver - Scheduling recovery finished message for thread 7.
[INFO ] 2022-03-08 14:26:18.087 [Thread-42] p.ParallelServiceReplica$Receiver - Last CID is 0
[INFO ] 2022-03-08 14:26:18.087 [Thread-38] p.ParallelServiceReplica$Receiver - Last CID is 0
[INFO ] 2022-03-08 14:26:18.087 [Thread-41] p.ParallelServiceReplica$Receiver - Last CID is 0
[INFO ] 2022-03-08 14:26:18.087 [Thread-39] p.ParallelServiceReplica$Receiver - Last CID is 0
[INFO ] 2022-03-08 14:26:18.088 [Thread-42] p.ParallelServiceReplica$Receiver - Request rc_id value is 100 and replica Id 100
[INFO ] 2022-03-08 14:26:18.088 [Thread-39] p.ParallelServiceReplica$Receiver - Request rc_id value is 100 and replica Id 100
[INFO ] 2022-03-08 14:26:18.088 [Thread-41] p.ParallelServiceReplica$Receiver - Request rc_id value is 100 and replica Id 100
[INFO ] 2022-03-08 14:26:18.088 [Thread-38] p.ParallelServiceReplica$Receiver - Request rc_id value is 100 and replica Id 100
[INFO ] 2022-03-08 14:26:18.088 [Thread-39] p.ParallelServiceReplica$Receiver - Scheduling recovery finished message for thread 3.
[INFO ] 2022-03-08 14:26:18.088 [Thread-41] p.ParallelServiceReplica$Receiver - Scheduling recovery finished message for thread 5.
[INFO ] 2022-03-08 14:26:18.088 [Thread-42] p.ParallelServiceReplica$Receiver - Scheduling recovery finished message for thread 6.
[INFO ] 2022-03-08 14:26:18.088 [Thread-38] p.ParallelServiceReplica$Receiver - Scheduling recovery finished message for thread 2.
[INFO ] 2022-03-08 14:26:18.088 [main] p.ParallelServiceReplica - Receiver threads initialized!
[INFO ] 2022-03-08 14:26:18.089 [main] p.ParallelServiceReplica - Initializing Service Replica Worker(0)
[INFO ] 2022-03-08 14:26:18.092 [main] p.ParallelServiceReplica$ServiceReplicaWorker - Service replica worker initialized, queue 1740797075
[INFO ] 2022-03-08 14:26:18.092 [main] p.ParallelServiceReplica - Initializing Service Replica Worker(1)
[INFO ] 2022-03-08 14:26:18.092 [main] p.ParallelServiceReplica$ServiceReplicaWorker - Service replica worker initialized, queue 440938038
[INFO ] 2022-03-08 14:26:18.092 [main] p.ParallelServiceReplica - Initializing Service Replica Worker(2)
[INFO ] 2022-03-08 14:26:18.092 [Thread-101] p.ParallelServiceReplica$Checkpointer - Checkpoint thread 0 initialized, using partitions = false
[INFO ] 2022-03-08 14:26:18.093 [main] p.ParallelServiceReplica$ServiceReplicaWorker - Service replica worker initialized, queue 1922464006
[INFO ] 2022-03-08 14:26:18.092 [Thread-103] p.ParallelServiceReplica$Checkpointer - Checkpoint thread 1 initialized, using partitions = false
[INFO ] 2022-03-08 14:26:18.094 [main] p.ParallelServiceReplica - Initializing Service Replica Worker(3)
[INFO ] 2022-03-08 14:26:18.094 [main] p.ParallelServiceReplica$ServiceReplicaWorker - Service replica worker initialized, queue 1536031937
[INFO ] 2022-03-08 14:26:18.094 [Thread-105] p.ParallelServiceReplica$Checkpointer - Checkpoint thread 2 initialized, using partitions = false
[INFO ] 2022-03-08 14:26:18.094 [main] p.ParallelServiceReplica - Initializing Service Replica Worker(4)
[INFO ] 2022-03-08 14:26:18.095 [main] p.ParallelServiceReplica$ServiceReplicaWorker - Service replica worker initialized, queue 798981583
[INFO ] 2022-03-08 14:26:18.095 [Thread-107] p.ParallelServiceReplica$Checkpointer - Checkpoint thread 3 initialized, using partitions = false
[INFO ] 2022-03-08 14:26:18.095 [Thread-106] p.ParallelServiceReplica$ServiceReplicaWorker - Recovery process finished for partition 3! Log has 0 operations already stored.
[INFO ] 2022-03-08 14:26:18.096 [main] p.ParallelServiceReplica - Initializing Service Replica Worker(5)
[INFO ] 2022-03-08 14:26:18.096 [Thread-109] p.ParallelServiceReplica$Checkpointer - Checkpoint thread 4 initialized, using partitions = false
[INFO ] 2022-03-08 14:26:18.097 [main] p.ParallelServiceReplica$ServiceReplicaWorker - Service replica worker initialized, queue 1954406292
[INFO ] 2022-03-08 14:26:18.096 [Thread-108] p.ParallelServiceReplica$ServiceReplicaWorker - Recovery process finished for partition 4! Log has 0 operations already stored.
[INFO ] 2022-03-08 14:26:18.098 [main] p.ParallelServiceReplica - Initializing Service Replica Worker(6)
[INFO ] 2022-03-08 14:26:18.098 [Thread-111] p.ParallelServiceReplica$Checkpointer - Checkpoint thread 5 initialized, using partitions = false
[INFO ] 2022-03-08 14:26:18.098 [Thread-110] p.ParallelServiceReplica$ServiceReplicaWorker - Recovery process finished for partition 5! Log has 0 operations already stored.
[INFO ] 2022-03-08 14:26:18.099 [main] p.ParallelServiceReplica$ServiceReplicaWorker - Service replica worker initialized, queue 904058452
[INFO ] 2022-03-08 14:26:18.099 [main] p.ParallelServiceReplica - Initializing Service Replica Worker(7)
[INFO ] 2022-03-08 14:26:18.099 [Thread-113] p.ParallelServiceReplica$Checkpointer - Checkpoint thread 6 initialized, using partitions = false
[INFO ] 2022-03-08 14:26:18.100 [main] p.ParallelServiceReplica$ServiceReplicaWorker - Service replica worker initialized, queue 29183965
[INFO ] 2022-03-08 14:26:18.100 [Thread-112] p.ParallelServiceReplica$ServiceReplicaWorker - Recovery process finished for partition 6! Log has 0 operations already stored.
[INFO ] 2022-03-08 14:26:18.101 [main] p.ParallelServiceReplica - Initializing Service Replica Worker(8)
[INFO ] 2022-03-08 14:26:18.100 [Thread-115] p.ParallelServiceReplica$Checkpointer - Checkpoint thread 7 initialized, using partitions = false
[INFO ] 2022-03-08 14:26:18.102 [main] p.ParallelServiceReplica$ServiceReplicaWorker - Service replica worker initialized, queue 1427651360
[INFO ] 2022-03-08 14:26:18.101 [Thread-114] p.ParallelServiceReplica$ServiceReplicaWorker - Recovery process finished for partition 7! Log has 0 operations already stored.
[INFO ] 2022-03-08 14:26:18.102 [main] p.ParallelServiceReplica - Initializing Service Replica Worker(9)
[INFO ] 2022-03-08 14:26:18.102 [Thread-117] p.ParallelServiceReplica$Checkpointer - Checkpoint thread 8 initialized, using partitions = false
[INFO ] 2022-03-08 14:26:18.103 [main] p.ParallelServiceReplica$ServiceReplicaWorker - Service replica worker initialized, queue 1334042472
[INFO ] 2022-03-08 14:26:18.103 [main] p.ParallelServiceReplica - Initializing Service Replica Worker(10)
[INFO ] 2022-03-08 14:26:18.103 [Thread-119] p.ParallelServiceReplica$Checkpointer - Checkpoint thread 9 initialized, using partitions = false
[INFO ] 2022-03-08 14:26:18.104 [main] p.ParallelServiceReplica$ServiceReplicaWorker - Service replica worker initialized, queue 1827725498
[INFO ] 2022-03-08 14:26:18.105 [main] p.ParallelServiceReplica - Initializing Service Replica Worker(11)
[INFO ] 2022-03-08 14:26:18.104 [Thread-118] p.ParallelServiceReplica$ServiceReplicaWorker - Recovery process finished for partition 9! Log has 0 operations already stored.
[INFO ] 2022-03-08 14:26:18.103 [Thread-116] p.ParallelServiceReplica$ServiceReplicaWorker - Recovery process finished for partition 8! Log has 0 operations already stored.
[INFO ] 2022-03-08 14:26:18.105 [main] p.ParallelServiceReplica$ServiceReplicaWorker - Service replica worker initialized, queue 131635550
[INFO ] 2022-03-08 14:26:18.105 [main] p.ParallelServiceReplica - Initializing Service Replica Worker(12)
[INFO ] 2022-03-08 14:26:18.105 [Thread-121] p.ParallelServiceReplica$Checkpointer - Checkpoint thread 10 initialized, using partitions = false
[INFO ] 2022-03-08 14:26:18.105 [Thread-120] p.ParallelServiceReplica$ServiceReplicaWorker - Recovery process finished for partition 10! Log has 0 operations already stored.
[INFO ] 2022-03-08 14:26:18.105 [Thread-123] p.ParallelServiceReplica$Checkpointer - Checkpoint thread 11 initialized, using partitions = false
[INFO ] 2022-03-08 14:26:18.106 [Thread-122] p.ParallelServiceReplica$ServiceReplicaWorker - Recovery process finished for partition 11! Log has 0 operations already stored.
[INFO ] 2022-03-08 14:26:18.107 [main] p.ParallelServiceReplica$ServiceReplicaWorker - Service replica worker initialized, queue 319644606
[INFO ] 2022-03-08 14:26:18.107 [main] p.ParallelServiceReplica - Initializing Service Replica Worker(13)
[INFO ] 2022-03-08 14:26:18.107 [Thread-125] p.ParallelServiceReplica$Checkpointer - Checkpoint thread 12 initialized, using partitions = false
[INFO ] 2022-03-08 14:26:18.107 [main] p.ParallelServiceReplica$ServiceReplicaWorker - Service replica worker initialized, queue 1118078504
[INFO ] 2022-03-08 14:26:18.107 [Thread-124] p.ParallelServiceReplica$ServiceReplicaWorker - Recovery process finished for partition 12! Log has 0 operations already stored.
[INFO ] 2022-03-08 14:26:18.107 [main] p.ParallelServiceReplica - Initializing Service Replica Worker(14)
[INFO ] 2022-03-08 14:26:18.108 [Thread-127] p.ParallelServiceReplica$Checkpointer - Checkpoint thread 13 initialized, using partitions = false
[INFO ] 2022-03-08 14:26:18.109 [main] p.ParallelServiceReplica$ServiceReplicaWorker - Service replica worker initialized, queue 691690486
[INFO ] 2022-03-08 14:26:18.109 [Thread-126] p.ParallelServiceReplica$ServiceReplicaWorker - Recovery process finished for partition 13! Log has 0 operations already stored.
[INFO ] 2022-03-08 14:26:18.110 [main] p.ParallelServiceReplica - Initializing Service Replica Worker(15)
[INFO ] 2022-03-08 14:26:18.110 [Thread-129] p.ParallelServiceReplica$Checkpointer - Checkpoint thread 14 initialized, using partitions = false
[INFO ] 2022-03-08 14:26:18.110 [main] p.ParallelServiceReplica$ServiceReplicaWorker - Service replica worker initialized, queue 1793799654
[INFO ] 2022-03-08 14:26:18.111 [main] d.b.BFTMapServerMP - Server initialization complete!
[INFO ] 2022-03-08 14:26:18.302 [Thread-68] p.ParallelServiceReplica$RecoverHandlerThread - Nothing to read from /10.1.1.101, closing socket
[INFO ] 2022-03-08 14:26:18.302 [Thread-80] p.ParallelServiceReplica$RecoverHandlerThread - Nothing to read from /10.1.1.101, closing socket
[INFO ] 2022-03-08 14:26:18.303 [Thread-72] p.ParallelServiceReplica$RecoverHandlerThread - Nothing to read from /10.1.1.101, closing socket
[INFO ] 2022-03-08 14:26:18.301 [Thread-128] p.ParallelServiceReplica$ServiceReplicaWorker - Recovery process finished for partition 14! Log has 0 operations already stored.
[INFO ] 2022-03-08 14:26:18.303 [Thread-74] p.ParallelServiceReplica$RecoverHandlerThread - Nothing to read from /10.1.1.101, closing socket
[INFO ] 2022-03-08 14:26:18.303 [Thread-81] p.ParallelServiceReplica$RecoverHandlerThread - Nothing to read from /10.1.1.101, closing socket
[INFO ] 2022-03-08 14:26:18.302 [Thread-79] p.ParallelServiceReplica$RecoverHandlerThread - Nothing to read from /10.1.1.101, closing socket
[INFO ] 2022-03-08 14:26:18.302 [Thread-131] p.ParallelServiceReplica$Checkpointer - Checkpoint thread 15 initialized, using partitions = false
[INFO ] 2022-03-08 14:26:18.302 [Thread-69] p.ParallelServiceReplica$RecoverHandlerThread - Nothing to read from /10.1.1.101, closing socket
[INFO ] 2022-03-08 14:26:18.303 [Thread-83] p.ParallelServiceReplica$RecoverHandlerThread - Nothing to read from /10.1.1.101, closing socket
[INFO ] 2022-03-08 14:26:18.303 [Thread-82] p.ParallelServiceReplica$RecoverHandlerThread - Nothing to read from /10.1.1.101, closing socket
[INFO ] 2022-03-08 14:26:18.303 [Thread-70] p.ParallelServiceReplica$RecoverHandlerThread - Nothing to read from /10.1.1.101, closing socket
[INFO ] 2022-03-08 14:26:18.302 [Thread-76] p.ParallelServiceReplica$RecoverHandlerThread - Nothing to read from /10.1.1.101, closing socket
[INFO ] 2022-03-08 14:26:18.302 [Thread-78] p.ParallelServiceReplica$RecoverHandlerThread - Nothing to read from /10.1.1.101, closing socket
[INFO ] 2022-03-08 14:26:18.302 [Thread-75] p.ParallelServiceReplica$RecoverHandlerThread - Nothing to read from /10.1.1.101, closing socket
[INFO ] 2022-03-08 14:26:18.303 [Thread-77] p.ParallelServiceReplica$RecoverHandlerThread - Nothing to read from /10.1.1.101, closing socket
[INFO ] 2022-03-08 14:26:18.302 [Thread-73] p.ParallelServiceReplica$RecoverHandlerThread - Nothing to read from /10.1.1.101, closing socket
[INFO ] 2022-03-08 14:26:18.302 [Thread-71] p.ParallelServiceReplica$RecoverHandlerThread - Nothing to read from /10.1.1.101, closing socket
[INFO ] 2022-03-08 14:26:18.305 [Thread-130] p.ParallelServiceReplica$ServiceReplicaWorker - Recovery process finished for partition 15! Log has 0 operations already stored.
[INFO ] 2022-03-08 14:26:18.308 [Thread-102] p.ParallelServiceReplica$ServiceReplicaWorker - Recovery process finished for partition 1! Log has 14 operations already stored.
[INFO ] 2022-03-08 14:26:18.308 [Thread-100] p.ParallelServiceReplica$ServiceReplicaWorker - Recovery process finished for partition 0! Log has 15 operations already stored.
[INFO ] 2022-03-08 14:26:18.308 [Thread-104] p.ParallelServiceReplica$ServiceReplicaWorker - Recovery process finished for partition 2! Log has 21 operations already stored.
