[INFO ] 2022-03-08 14:13:42.572 [main] d.b.BFTMapServerMP - Initializing BFTMapServerMP
[INFO ] 2022-03-08 14:13:42.574 [main] d.b.BFTMapServerMP - Replica in parallel execution model.
[INFO ] 2022-03-08 14:13:43.483 [main] d.b.BFTMapServerMP - Number of tables = 16
[INFO ] 2022-03-08 14:13:43.484 [main] d.b.BFTMapServerMP - Table 0 has size of 61360 entries
[INFO ] 2022-03-08 14:13:43.484 [main] d.b.BFTMapServerMP - Table 1 has size of 61360 entries
[INFO ] 2022-03-08 14:13:43.484 [main] d.b.BFTMapServerMP - Table 2 has size of 61360 entries
[INFO ] 2022-03-08 14:13:43.484 [main] d.b.BFTMapServerMP - Table 3 has size of 61360 entries
[INFO ] 2022-03-08 14:13:43.484 [main] d.b.BFTMapServerMP - Table 4 has size of 61360 entries
[INFO ] 2022-03-08 14:13:43.484 [main] d.b.BFTMapServerMP - Table 5 has size of 61360 entries
[INFO ] 2022-03-08 14:13:43.484 [main] d.b.BFTMapServerMP - Table 6 has size of 61360 entries
[INFO ] 2022-03-08 14:13:43.484 [main] d.b.BFTMapServerMP - Table 7 has size of 61360 entries
[INFO ] 2022-03-08 14:13:43.484 [main] d.b.BFTMapServerMP - Table 8 has size of 61360 entries
[INFO ] 2022-03-08 14:13:43.485 [main] d.b.BFTMapServerMP - Table 9 has size of 61360 entries
[INFO ] 2022-03-08 14:13:43.485 [main] d.b.BFTMapServerMP - Table 10 has size of 61360 entries
[INFO ] 2022-03-08 14:13:43.485 [main] d.b.BFTMapServerMP - Table 11 has size of 61360 entries
[INFO ] 2022-03-08 14:13:43.485 [main] d.b.BFTMapServerMP - Table 12 has size of 61360 entries
[INFO ] 2022-03-08 14:13:43.485 [main] d.b.BFTMapServerMP - Table 13 has size of 61360 entries
[INFO ] 2022-03-08 14:13:43.485 [main] d.b.BFTMapServerMP - Table 14 has size of 61360 entries
[INFO ] 2022-03-08 14:13:43.485 [main] d.b.BFTMapServerMP - Table 15 has size of 61360 entries
[INFO ] 2022-03-08 14:13:43.720 [main] p.ParallelServiceReplica - SINGLE PARTITION WITH 16 THREADS
[INFO ] 2022-03-08 14:13:43.745 [main] p.EarlySchedulerMapping - Generated hash 1523 for op 0#
[INFO ] 2022-03-08 14:13:43.745 [main] p.EarlySchedulerMapping - Generated hash 1554 for op 1#
[INFO ] 2022-03-08 14:13:43.746 [main] p.EarlySchedulerMapping - Generated hash 1585 for op 2#
[INFO ] 2022-03-08 14:13:43.746 [main] p.EarlySchedulerMapping - Generated hash 1616 for op 3#
[INFO ] 2022-03-08 14:13:43.746 [main] p.EarlySchedulerMapping - Generated hash 1647 for op 4#
[INFO ] 2022-03-08 14:13:43.746 [main] p.EarlySchedulerMapping - Generated hash 1678 for op 5#
[INFO ] 2022-03-08 14:13:43.746 [main] p.EarlySchedulerMapping - Generated hash 1709 for op 6#
[INFO ] 2022-03-08 14:13:43.746 [main] p.EarlySchedulerMapping - Generated hash 1740 for op 7#
[INFO ] 2022-03-08 14:13:43.746 [main] p.EarlySchedulerMapping - Generated hash 1771 for op 8#
[INFO ] 2022-03-08 14:13:43.746 [main] p.EarlySchedulerMapping - Generated hash 1802 for op 9#
[INFO ] 2022-03-08 14:13:43.746 [main] p.EarlySchedulerMapping - Generated hash 48612 for op 10#
[INFO ] 2022-03-08 14:13:43.746 [main] p.EarlySchedulerMapping - Generated hash 48643 for op 11#
[INFO ] 2022-03-08 14:13:43.746 [main] p.EarlySchedulerMapping - Generated hash 48674 for op 12#
[INFO ] 2022-03-08 14:13:43.747 [main] p.EarlySchedulerMapping - Generated hash 48705 for op 13#
[INFO ] 2022-03-08 14:13:43.747 [main] p.EarlySchedulerMapping - Generated hash 48736 for op 14#
[INFO ] 2022-03-08 14:13:43.747 [main] p.EarlySchedulerMapping - Generated hash 48767 for op 15#
[INFO ] 2022-03-08 14:13:43.747 [main] p.EarlySchedulerMapping - Generated hash 1465157 for op 0#1#
[INFO ] 2022-03-08 14:13:43.747 [main] p.EarlySchedulerMapping - Generated hash 1465188 for op 0#2#
[INFO ] 2022-03-08 14:13:43.747 [main] p.EarlySchedulerMapping - Generated hash 1465219 for op 0#3#
[INFO ] 2022-03-08 14:13:43.747 [main] p.EarlySchedulerMapping - Generated hash 1465250 for op 0#4#
[INFO ] 2022-03-08 14:13:43.747 [main] p.EarlySchedulerMapping - Generated hash 1465281 for op 0#5#
[INFO ] 2022-03-08 14:13:43.747 [main] p.EarlySchedulerMapping - Generated hash 1465312 for op 0#6#
[INFO ] 2022-03-08 14:13:43.747 [main] p.EarlySchedulerMapping - Generated hash 1465343 for op 0#7#
[INFO ] 2022-03-08 14:13:43.747 [main] p.EarlySchedulerMapping - Generated hash 1465374 for op 0#8#
[INFO ] 2022-03-08 14:13:43.748 [main] p.EarlySchedulerMapping - Generated hash 1465405 for op 0#9#
[INFO ] 2022-03-08 14:13:43.748 [main] p.EarlySchedulerMapping - Generated hash 45420305 for op 0#10#
[INFO ] 2022-03-08 14:13:43.748 [main] p.EarlySchedulerMapping - Generated hash 45420336 for op 0#11#
[INFO ] 2022-03-08 14:13:43.748 [main] p.EarlySchedulerMapping - Generated hash 45420367 for op 0#12#
[INFO ] 2022-03-08 14:13:43.748 [main] p.EarlySchedulerMapping - Generated hash 45420398 for op 0#13#
[INFO ] 2022-03-08 14:13:43.748 [main] p.EarlySchedulerMapping - Generated hash 45420429 for op 0#14#
[INFO ] 2022-03-08 14:13:43.748 [main] p.EarlySchedulerMapping - Generated hash 45420460 for op 0#15#
[INFO ] 2022-03-08 14:13:43.748 [main] p.EarlySchedulerMapping - Generated hash 1494979 for op 1#2#
[INFO ] 2022-03-08 14:13:43.748 [main] p.EarlySchedulerMapping - Generated hash 1495010 for op 1#3#
[INFO ] 2022-03-08 14:13:43.748 [main] p.EarlySchedulerMapping - Generated hash 1495041 for op 1#4#
[INFO ] 2022-03-08 14:13:43.748 [main] p.EarlySchedulerMapping - Generated hash 1495072 for op 1#5#
[INFO ] 2022-03-08 14:13:43.749 [main] p.EarlySchedulerMapping - Generated hash 1495103 for op 1#6#
[INFO ] 2022-03-08 14:13:43.749 [main] p.EarlySchedulerMapping - Generated hash 1495134 for op 1#7#
[INFO ] 2022-03-08 14:13:43.749 [main] p.EarlySchedulerMapping - Generated hash 1495165 for op 1#8#
[INFO ] 2022-03-08 14:13:43.749 [main] p.EarlySchedulerMapping - Generated hash 1495196 for op 1#9#
[INFO ] 2022-03-08 14:13:43.749 [main] p.EarlySchedulerMapping - Generated hash 46343826 for op 1#10#
[INFO ] 2022-03-08 14:13:43.749 [main] p.EarlySchedulerMapping - Generated hash 46343857 for op 1#11#
[INFO ] 2022-03-08 14:13:43.749 [main] p.EarlySchedulerMapping - Generated hash 46343888 for op 1#12#
[INFO ] 2022-03-08 14:13:43.749 [main] p.EarlySchedulerMapping - Generated hash 46343919 for op 1#13#
[INFO ] 2022-03-08 14:13:43.749 [main] p.EarlySchedulerMapping - Generated hash 46343950 for op 1#14#
[INFO ] 2022-03-08 14:13:43.749 [main] p.EarlySchedulerMapping - Generated hash 46343981 for op 1#15#
[INFO ] 2022-03-08 14:13:43.750 [main] p.EarlySchedulerMapping - Generated hash 1524801 for op 2#3#
[INFO ] 2022-03-08 14:13:43.750 [main] p.EarlySchedulerMapping - Generated hash 1524832 for op 2#4#
[INFO ] 2022-03-08 14:13:43.750 [main] p.EarlySchedulerMapping - Generated hash 1524863 for op 2#5#
[INFO ] 2022-03-08 14:13:43.750 [main] p.EarlySchedulerMapping - Generated hash 1524894 for op 2#6#
[INFO ] 2022-03-08 14:13:43.750 [main] p.EarlySchedulerMapping - Generated hash 1524925 for op 2#7#
[INFO ] 2022-03-08 14:13:43.750 [main] p.EarlySchedulerMapping - Generated hash 1524956 for op 2#8#
[INFO ] 2022-03-08 14:13:43.750 [main] p.EarlySchedulerMapping - Generated hash 1524987 for op 2#9#
[INFO ] 2022-03-08 14:13:43.750 [main] p.EarlySchedulerMapping - Generated hash 47267347 for op 2#10#
[INFO ] 2022-03-08 14:13:43.750 [main] p.EarlySchedulerMapping - Generated hash 47267378 for op 2#11#
[INFO ] 2022-03-08 14:13:43.750 [main] p.EarlySchedulerMapping - Generated hash 47267409 for op 2#12#
[INFO ] 2022-03-08 14:13:43.750 [main] p.EarlySchedulerMapping - Generated hash 47267440 for op 2#13#
[INFO ] 2022-03-08 14:13:43.751 [main] p.EarlySchedulerMapping - Generated hash 47267471 for op 2#14#
[INFO ] 2022-03-08 14:13:43.751 [main] p.EarlySchedulerMapping - Generated hash 47267502 for op 2#15#
[INFO ] 2022-03-08 14:13:43.751 [main] p.EarlySchedulerMapping - Generated hash 1554623 for op 3#4#
[INFO ] 2022-03-08 14:13:43.751 [main] p.EarlySchedulerMapping - Generated hash 1554654 for op 3#5#
[INFO ] 2022-03-08 14:13:43.751 [main] p.EarlySchedulerMapping - Generated hash 1554685 for op 3#6#
[INFO ] 2022-03-08 14:13:43.751 [main] p.EarlySchedulerMapping - Generated hash 1554716 for op 3#7#
[INFO ] 2022-03-08 14:13:43.751 [main] p.EarlySchedulerMapping - Generated hash 1554747 for op 3#8#
[INFO ] 2022-03-08 14:13:43.751 [main] p.EarlySchedulerMapping - Generated hash 1554778 for op 3#9#
[INFO ] 2022-03-08 14:13:43.752 [main] p.EarlySchedulerMapping - Generated hash 48190868 for op 3#10#
[INFO ] 2022-03-08 14:13:43.752 [main] p.EarlySchedulerMapping - Generated hash 48190899 for op 3#11#
[INFO ] 2022-03-08 14:13:43.752 [main] p.EarlySchedulerMapping - Generated hash 48190930 for op 3#12#
[INFO ] 2022-03-08 14:13:43.752 [main] p.EarlySchedulerMapping - Generated hash 48190961 for op 3#13#
[INFO ] 2022-03-08 14:13:43.752 [main] p.EarlySchedulerMapping - Generated hash 48190992 for op 3#14#
[INFO ] 2022-03-08 14:13:43.752 [main] p.EarlySchedulerMapping - Generated hash 48191023 for op 3#15#
[INFO ] 2022-03-08 14:13:43.752 [main] p.EarlySchedulerMapping - Generated hash 1584445 for op 4#5#
[INFO ] 2022-03-08 14:13:43.753 [main] p.EarlySchedulerMapping - Generated hash 1584476 for op 4#6#
[INFO ] 2022-03-08 14:13:43.753 [main] p.EarlySchedulerMapping - Generated hash 1584507 for op 4#7#
[INFO ] 2022-03-08 14:13:43.753 [main] p.EarlySchedulerMapping - Generated hash 1584538 for op 4#8#
[INFO ] 2022-03-08 14:13:43.753 [main] p.EarlySchedulerMapping - Generated hash 1584569 for op 4#9#
[INFO ] 2022-03-08 14:13:43.753 [main] p.EarlySchedulerMapping - Generated hash 49114389 for op 4#10#
[INFO ] 2022-03-08 14:13:43.753 [main] p.EarlySchedulerMapping - Generated hash 49114420 for op 4#11#
[INFO ] 2022-03-08 14:13:43.753 [main] p.EarlySchedulerMapping - Generated hash 49114451 for op 4#12#
[INFO ] 2022-03-08 14:13:43.753 [main] p.EarlySchedulerMapping - Generated hash 49114482 for op 4#13#
[INFO ] 2022-03-08 14:13:43.753 [main] p.EarlySchedulerMapping - Generated hash 49114513 for op 4#14#
[INFO ] 2022-03-08 14:13:43.753 [main] p.EarlySchedulerMapping - Generated hash 49114544 for op 4#15#
[INFO ] 2022-03-08 14:13:43.753 [main] p.EarlySchedulerMapping - Generated hash 1614267 for op 5#6#
[INFO ] 2022-03-08 14:13:43.753 [main] p.EarlySchedulerMapping - Generated hash 1614298 for op 5#7#
[INFO ] 2022-03-08 14:13:43.753 [main] p.EarlySchedulerMapping - Generated hash 1614329 for op 5#8#
[INFO ] 2022-03-08 14:13:43.754 [main] p.EarlySchedulerMapping - Generated hash 1614360 for op 5#9#
[INFO ] 2022-03-08 14:13:43.754 [main] p.EarlySchedulerMapping - Generated hash 50037910 for op 5#10#
[INFO ] 2022-03-08 14:13:43.754 [main] p.EarlySchedulerMapping - Generated hash 50037941 for op 5#11#
[INFO ] 2022-03-08 14:13:43.754 [main] p.EarlySchedulerMapping - Generated hash 50037972 for op 5#12#
[INFO ] 2022-03-08 14:13:43.754 [main] p.EarlySchedulerMapping - Generated hash 50038003 for op 5#13#
[INFO ] 2022-03-08 14:13:43.754 [main] p.EarlySchedulerMapping - Generated hash 50038034 for op 5#14#
[INFO ] 2022-03-08 14:13:43.754 [main] p.EarlySchedulerMapping - Generated hash 50038065 for op 5#15#
[INFO ] 2022-03-08 14:13:43.754 [main] p.EarlySchedulerMapping - Generated hash 1644089 for op 6#7#
[INFO ] 2022-03-08 14:13:43.754 [main] p.EarlySchedulerMapping - Generated hash 1644120 for op 6#8#
[INFO ] 2022-03-08 14:13:43.754 [main] p.EarlySchedulerMapping - Generated hash 1644151 for op 6#9#
[INFO ] 2022-03-08 14:13:43.754 [main] p.EarlySchedulerMapping - Generated hash 50961431 for op 6#10#
[INFO ] 2022-03-08 14:13:43.754 [main] p.EarlySchedulerMapping - Generated hash 50961462 for op 6#11#
[INFO ] 2022-03-08 14:13:43.754 [main] p.EarlySchedulerMapping - Generated hash 50961493 for op 6#12#
[INFO ] 2022-03-08 14:13:43.754 [main] p.EarlySchedulerMapping - Generated hash 50961524 for op 6#13#
[INFO ] 2022-03-08 14:13:43.755 [main] p.EarlySchedulerMapping - Generated hash 50961555 for op 6#14#
[INFO ] 2022-03-08 14:13:43.755 [main] p.EarlySchedulerMapping - Generated hash 50961586 for op 6#15#
[INFO ] 2022-03-08 14:13:43.755 [main] p.EarlySchedulerMapping - Generated hash 1673911 for op 7#8#
[INFO ] 2022-03-08 14:13:43.755 [main] p.EarlySchedulerMapping - Generated hash 1673942 for op 7#9#
[INFO ] 2022-03-08 14:13:43.755 [main] p.EarlySchedulerMapping - Generated hash 51884952 for op 7#10#
[INFO ] 2022-03-08 14:13:43.755 [main] p.EarlySchedulerMapping - Generated hash 51884983 for op 7#11#
[INFO ] 2022-03-08 14:13:43.755 [main] p.EarlySchedulerMapping - Generated hash 51885014 for op 7#12#
[INFO ] 2022-03-08 14:13:43.755 [main] p.EarlySchedulerMapping - Generated hash 51885045 for op 7#13#
[INFO ] 2022-03-08 14:13:43.755 [main] p.EarlySchedulerMapping - Generated hash 51885076 for op 7#14#
[INFO ] 2022-03-08 14:13:43.755 [main] p.EarlySchedulerMapping - Generated hash 51885107 for op 7#15#
[INFO ] 2022-03-08 14:13:43.756 [main] p.EarlySchedulerMapping - Generated hash 1703733 for op 8#9#
[INFO ] 2022-03-08 14:13:43.756 [main] p.EarlySchedulerMapping - Generated hash 52808473 for op 8#10#
[INFO ] 2022-03-08 14:13:43.756 [main] p.EarlySchedulerMapping - Generated hash 52808504 for op 8#11#
[INFO ] 2022-03-08 14:13:43.756 [main] p.EarlySchedulerMapping - Generated hash 52808535 for op 8#12#
[INFO ] 2022-03-08 14:13:43.756 [main] p.EarlySchedulerMapping - Generated hash 52808566 for op 8#13#
[INFO ] 2022-03-08 14:13:43.756 [main] p.EarlySchedulerMapping - Generated hash 52808597 for op 8#14#
[INFO ] 2022-03-08 14:13:43.756 [main] p.EarlySchedulerMapping - Generated hash 52808628 for op 8#15#
[INFO ] 2022-03-08 14:13:43.756 [main] p.EarlySchedulerMapping - Generated hash 53731994 for op 9#10#
[INFO ] 2022-03-08 14:13:43.756 [main] p.EarlySchedulerMapping - Generated hash 53732025 for op 9#11#
[INFO ] 2022-03-08 14:13:43.756 [main] p.EarlySchedulerMapping - Generated hash 53732056 for op 9#12#
[INFO ] 2022-03-08 14:13:43.757 [main] p.EarlySchedulerMapping - Generated hash 53732087 for op 9#13#
[INFO ] 2022-03-08 14:13:43.757 [main] p.EarlySchedulerMapping - Generated hash 53732118 for op 9#14#
[INFO ] 2022-03-08 14:13:43.757 [main] p.EarlySchedulerMapping - Generated hash 53732149 for op 9#15#
[INFO ] 2022-03-08 14:13:43.757 [main] p.EarlySchedulerMapping - Generated hash 1448248735 for op 10#11#
[INFO ] 2022-03-08 14:13:43.757 [main] p.EarlySchedulerMapping - Generated hash 1448248766 for op 10#12#
[INFO ] 2022-03-08 14:13:43.757 [main] p.EarlySchedulerMapping - Generated hash 1448248797 for op 10#13#
[INFO ] 2022-03-08 14:13:43.757 [main] p.EarlySchedulerMapping - Generated hash 1448248828 for op 10#14#
[INFO ] 2022-03-08 14:13:43.757 [main] p.EarlySchedulerMapping - Generated hash 1448248859 for op 10#15#
[INFO ] 2022-03-08 14:13:43.757 [main] p.EarlySchedulerMapping - Generated hash 1449172287 for op 11#12#
[INFO ] 2022-03-08 14:13:43.757 [main] p.EarlySchedulerMapping - Generated hash 1449172318 for op 11#13#
[INFO ] 2022-03-08 14:13:43.757 [main] p.EarlySchedulerMapping - Generated hash 1449172349 for op 11#14#
[INFO ] 2022-03-08 14:13:43.757 [main] p.EarlySchedulerMapping - Generated hash 1449172380 for op 11#15#
[INFO ] 2022-03-08 14:13:43.757 [main] p.EarlySchedulerMapping - Generated hash 1450095839 for op 12#13#
[INFO ] 2022-03-08 14:13:43.757 [main] p.EarlySchedulerMapping - Generated hash 1450095870 for op 12#14#
[INFO ] 2022-03-08 14:13:43.758 [main] p.EarlySchedulerMapping - Generated hash 1450095901 for op 12#15#
[INFO ] 2022-03-08 14:13:43.758 [main] p.EarlySchedulerMapping - Generated hash 1451019391 for op 13#14#
[INFO ] 2022-03-08 14:13:43.758 [main] p.EarlySchedulerMapping - Generated hash 1451019422 for op 13#15#
[INFO ] 2022-03-08 14:13:43.758 [main] p.EarlySchedulerMapping - Generated hash 1451942943 for op 14#15#
[INFO ] 2022-03-08 14:13:43.758 [main] p.EarlySchedulerMapping - Generated hash 47296 for op 0#S
[INFO ] 2022-03-08 14:13:43.758 [main] p.EarlySchedulerMapping - Generated hash 48257 for op 1#S
[INFO ] 2022-03-08 14:13:43.758 [main] p.EarlySchedulerMapping - Generated hash 49218 for op 2#S
[INFO ] 2022-03-08 14:13:43.758 [main] p.EarlySchedulerMapping - Generated hash 50179 for op 3#S
[INFO ] 2022-03-08 14:13:43.758 [main] p.EarlySchedulerMapping - Generated hash 51140 for op 4#S
[INFO ] 2022-03-08 14:13:43.758 [main] p.EarlySchedulerMapping - Generated hash 52101 for op 5#S
[INFO ] 2022-03-08 14:13:43.758 [main] p.EarlySchedulerMapping - Generated hash 53062 for op 6#S
[INFO ] 2022-03-08 14:13:43.758 [main] p.EarlySchedulerMapping - Generated hash 54023 for op 7#S
[INFO ] 2022-03-08 14:13:43.758 [main] p.EarlySchedulerMapping - Generated hash 54984 for op 8#S
[INFO ] 2022-03-08 14:13:43.758 [main] p.EarlySchedulerMapping - Generated hash 55945 for op 9#S
[INFO ] 2022-03-08 14:13:43.759 [main] p.EarlySchedulerMapping - Generated hash 1507055 for op 10#S
[INFO ] 2022-03-08 14:13:43.759 [main] p.EarlySchedulerMapping - Generated hash 1508016 for op 11#S
[INFO ] 2022-03-08 14:13:43.759 [main] p.EarlySchedulerMapping - Generated hash 1508977 for op 12#S
[INFO ] 2022-03-08 14:13:43.759 [main] p.EarlySchedulerMapping - Generated hash 1509938 for op 13#S
[INFO ] 2022-03-08 14:13:43.759 [main] p.EarlySchedulerMapping - Generated hash 1510899 for op 14#S
[INFO ] 2022-03-08 14:13:43.759 [main] p.EarlySchedulerMapping - Generated hash 1511860 for op 15#S
[INFO ] 2022-03-08 14:13:43.760 [main] p.ParallelMapping - Queues length: 16
[INFO ] 2022-03-08 14:13:43.851 [main] p.ParallelServiceReplica - Initializing recover threads
[INFO ] 2022-03-08 14:13:43.852 [main] p.ParallelServiceReplica$RecoverThread - Recover thread ID 0 at port 6666
[INFO ] 2022-03-08 14:13:43.853 [main] p.ParallelServiceReplica$RecoverThread - Recover thread ID 1 at port 6667
[INFO ] 2022-03-08 14:13:43.853 [main] p.ParallelServiceReplica$RecoverThread - Recover thread ID 2 at port 6668
[INFO ] 2022-03-08 14:13:43.854 [main] p.ParallelServiceReplica$RecoverThread - Recover thread ID 3 at port 6669
[INFO ] 2022-03-08 14:13:43.854 [main] p.ParallelServiceReplica$RecoverThread - Recover thread ID 4 at port 6670
[INFO ] 2022-03-08 14:13:43.854 [main] p.ParallelServiceReplica$RecoverThread - Recover thread ID 5 at port 6671
[INFO ] 2022-03-08 14:13:43.855 [main] p.ParallelServiceReplica$RecoverThread - Recover thread ID 6 at port 6672
[INFO ] 2022-03-08 14:13:43.855 [main] p.ParallelServiceReplica$RecoverThread - Recover thread ID 7 at port 6673
[INFO ] 2022-03-08 14:13:43.856 [main] p.ParallelServiceReplica$RecoverThread - Recover thread ID 8 at port 6674
[INFO ] 2022-03-08 14:13:43.856 [main] p.ParallelServiceReplica$RecoverThread - Recover thread ID 9 at port 6675
[INFO ] 2022-03-08 14:13:43.856 [main] p.ParallelServiceReplica$RecoverThread - Recover thread ID 10 at port 6676
[INFO ] 2022-03-08 14:13:43.857 [main] p.ParallelServiceReplica$RecoverThread - Recover thread ID 11 at port 6677
[INFO ] 2022-03-08 14:13:43.857 [main] p.ParallelServiceReplica$RecoverThread - Recover thread ID 12 at port 6678
[INFO ] 2022-03-08 14:13:43.858 [main] p.ParallelServiceReplica$RecoverThread - Recover thread ID 13 at port 6679
[INFO ] 2022-03-08 14:13:43.858 [main] p.ParallelServiceReplica$RecoverThread - Recover thread ID 14 at port 6680
[INFO ] 2022-03-08 14:13:43.858 [main] p.ParallelServiceReplica$RecoverThread - Recover thread ID 15 at port 6681
[INFO ] 2022-03-08 14:13:43.859 [main] p.ParallelServiceReplica - Successfully initialized 16 recover threads
[INFO ] 2022-03-08 14:13:43.862 [Thread-36] p.ParallelServiceReplica$Receiver - Started recovery of partition 0
[INFO ] 2022-03-08 14:13:43.863 [Thread-37] p.ParallelServiceReplica$Receiver - Started recovery of partition 1
[INFO ] 2022-03-08 14:13:43.863 [Thread-39] p.ParallelServiceReplica$Receiver - Started recovery of partition 3
[INFO ] 2022-03-08 14:13:43.863 [Thread-38] p.ParallelServiceReplica$Receiver - Started recovery of partition 2
[WARN ] 2022-03-08 14:13:43.864 [Thread-37] p.ParallelServiceReplica$Receiver - NO local checkpoint for partition 1 found
[WARN ] 2022-03-08 14:13:43.864 [Thread-39] p.ParallelServiceReplica$Receiver - NO local checkpoint for partition 3 found
[WARN ] 2022-03-08 14:13:43.864 [Thread-36] p.ParallelServiceReplica$Receiver - NO local checkpoint for partition 0 found
[WARN ] 2022-03-08 14:13:43.864 [Thread-38] p.ParallelServiceReplica$Receiver - NO local checkpoint for partition 2 found
[WARN ] 2022-03-08 14:13:43.864 [Thread-37] p.ParallelServiceReplica$Receiver - NO local metadata for partition 1 
[INFO ] 2022-03-08 14:13:43.863 [Thread-40] p.ParallelServiceReplica$Receiver - Started recovery of partition 4
[WARN ] 2022-03-08 14:13:43.864 [Thread-39] p.ParallelServiceReplica$Receiver - NO local metadata for partition 3 
[WARN ] 2022-03-08 14:13:43.864 [Thread-36] p.ParallelServiceReplica$Receiver - NO local metadata for partition 0 
[INFO ] 2022-03-08 14:13:43.864 [Thread-42] p.ParallelServiceReplica$Receiver - Started recovery of partition 6
[WARN ] 2022-03-08 14:13:43.864 [Thread-38] p.ParallelServiceReplica$Receiver - NO local metadata for partition 2 
[INFO ] 2022-03-08 14:13:43.864 [Thread-41] p.ParallelServiceReplica$Receiver - Started recovery of partition 5
[WARN ] 2022-03-08 14:13:43.864 [Thread-40] p.ParallelServiceReplica$Receiver - NO local checkpoint for partition 4 found
[WARN ] 2022-03-08 14:13:43.865 [Thread-42] p.ParallelServiceReplica$Receiver - NO local checkpoint for partition 6 found
[INFO ] 2022-03-08 14:13:43.864 [Thread-43] p.ParallelServiceReplica$Receiver - Started recovery of partition 7
[WARN ] 2022-03-08 14:13:43.865 [Thread-40] p.ParallelServiceReplica$Receiver - NO local metadata for partition 4 
[WARN ] 2022-03-08 14:13:43.865 [Thread-42] p.ParallelServiceReplica$Receiver - NO local metadata for partition 6 
[WARN ] 2022-03-08 14:13:43.865 [Thread-41] p.ParallelServiceReplica$Receiver - NO local checkpoint for partition 5 found
[INFO ] 2022-03-08 14:13:43.865 [Thread-44] p.ParallelServiceReplica$Receiver - Started recovery of partition 8
[WARN ] 2022-03-08 14:13:43.865 [Thread-43] p.ParallelServiceReplica$Receiver - NO local checkpoint for partition 7 found
[INFO ] 2022-03-08 14:13:43.865 [Thread-45] p.ParallelServiceReplica$Receiver - Started recovery of partition 9
[WARN ] 2022-03-08 14:13:43.865 [Thread-43] p.ParallelServiceReplica$Receiver - NO local metadata for partition 7 
[WARN ] 2022-03-08 14:13:43.865 [Thread-41] p.ParallelServiceReplica$Receiver - NO local metadata for partition 5 
[WARN ] 2022-03-08 14:13:43.865 [Thread-44] p.ParallelServiceReplica$Receiver - NO local checkpoint for partition 8 found
[WARN ] 2022-03-08 14:13:43.865 [Thread-45] p.ParallelServiceReplica$Receiver - NO local checkpoint for partition 9 found
[WARN ] 2022-03-08 14:13:43.866 [Thread-44] p.ParallelServiceReplica$Receiver - NO local metadata for partition 8 
[WARN ] 2022-03-08 14:13:43.866 [Thread-45] p.ParallelServiceReplica$Receiver - NO local metadata for partition 9 
[INFO ] 2022-03-08 14:13:43.865 [Thread-46] p.ParallelServiceReplica$Receiver - Started recovery of partition 10
[WARN ] 2022-03-08 14:13:43.866 [Thread-46] p.ParallelServiceReplica$Receiver - NO local checkpoint for partition 10 found
[INFO ] 2022-03-08 14:13:44.057 [Thread-47] p.ParallelServiceReplica$Receiver - Started recovery of partition 11
[WARN ] 2022-03-08 14:13:44.057 [Thread-46] p.ParallelServiceReplica$Receiver - NO local metadata for partition 10 
[INFO ] 2022-03-08 14:13:44.057 [Thread-48] p.ParallelServiceReplica$Receiver - Started recovery of partition 12
[INFO ] 2022-03-08 14:13:44.057 [Thread-49] p.ParallelServiceReplica$Receiver - Started recovery of partition 13
[WARN ] 2022-03-08 14:13:44.057 [Thread-47] p.ParallelServiceReplica$Receiver - NO local checkpoint for partition 11 found
[WARN ] 2022-03-08 14:13:44.058 [Thread-48] p.ParallelServiceReplica$Receiver - NO local checkpoint for partition 12 found
[WARN ] 2022-03-08 14:13:44.058 [Thread-49] p.ParallelServiceReplica$Receiver - NO local checkpoint for partition 13 found
[INFO ] 2022-03-08 14:13:44.057 [Thread-50] p.ParallelServiceReplica$Receiver - Started recovery of partition 14
[WARN ] 2022-03-08 14:13:44.058 [Thread-47] p.ParallelServiceReplica$Receiver - NO local metadata for partition 11 
[WARN ] 2022-03-08 14:13:44.058 [Thread-48] p.ParallelServiceReplica$Receiver - NO local metadata for partition 12 
[WARN ] 2022-03-08 14:13:44.058 [Thread-49] p.ParallelServiceReplica$Receiver - NO local metadata for partition 13 
[WARN ] 2022-03-08 14:13:44.058 [Thread-50] p.ParallelServiceReplica$Receiver - NO local checkpoint for partition 14 found
[INFO ] 2022-03-08 14:13:44.058 [Thread-51] p.ParallelServiceReplica$Receiver - Started recovery of partition 15
[WARN ] 2022-03-08 14:13:44.058 [Thread-50] p.ParallelServiceReplica$Receiver - NO local metadata for partition 14 
[WARN ] 2022-03-08 14:13:44.058 [Thread-51] p.ParallelServiceReplica$Receiver - NO local checkpoint for partition 15 found
[WARN ] 2022-03-08 14:13:44.058 [Thread-51] p.ParallelServiceReplica$Receiver - NO local metadata for partition 15 
[WARN ] 2022-03-08 14:13:44.058 [Thread-51] p.ParallelServiceReplica$Receiver - Retrying to connect to /10.1.1.101:6681...
[WARN ] 2022-03-08 14:13:44.058 [Thread-37] p.ParallelServiceReplica$Receiver - Retrying to connect to /10.1.1.101:6667...
[WARN ] 2022-03-08 14:13:44.058 [Thread-44] p.ParallelServiceReplica$Receiver - Retrying to connect to /10.1.1.101:6674...
[WARN ] 2022-03-08 14:13:44.058 [Thread-48] p.ParallelServiceReplica$Receiver - Retrying to connect to /10.1.1.101:6678...
[WARN ] 2022-03-08 14:13:44.058 [Thread-38] p.ParallelServiceReplica$Receiver - Retrying to connect to /10.1.1.101:6668...
[WARN ] 2022-03-08 14:13:44.058 [Thread-39] p.ParallelServiceReplica$Receiver - Retrying to connect to /10.1.1.101:6669...
[WARN ] 2022-03-08 14:13:44.059 [Thread-41] p.ParallelServiceReplica$Receiver - Retrying to connect to /10.1.1.101:6671...
[WARN ] 2022-03-08 14:13:44.058 [Thread-40] p.ParallelServiceReplica$Receiver - Retrying to connect to /10.1.1.101:6670...
[WARN ] 2022-03-08 14:13:44.059 [Thread-45] p.ParallelServiceReplica$Receiver - Retrying to connect to /10.1.1.101:6675...
[WARN ] 2022-03-08 14:13:44.059 [Thread-42] p.ParallelServiceReplica$Receiver - Retrying to connect to /10.1.1.101:6672...
[WARN ] 2022-03-08 14:13:44.059 [Thread-50] p.ParallelServiceReplica$Receiver - Retrying to connect to /10.1.1.101:6680...
[WARN ] 2022-03-08 14:13:44.059 [Thread-49] p.ParallelServiceReplica$Receiver - Retrying to connect to /10.1.1.101:6679...
[WARN ] 2022-03-08 14:13:44.059 [Thread-43] p.ParallelServiceReplica$Receiver - Retrying to connect to /10.1.1.101:6673...
[WARN ] 2022-03-08 14:13:44.059 [Thread-36] p.ParallelServiceReplica$Receiver - Retrying to connect to /10.1.1.101:6666...
[WARN ] 2022-03-08 14:13:44.059 [Thread-46] p.ParallelServiceReplica$Receiver - Retrying to connect to /10.1.1.101:6676...
[WARN ] 2022-03-08 14:13:44.058 [Thread-47] p.ParallelServiceReplica$Receiver - Retrying to connect to /10.1.1.101:6677...
[INFO ] 2022-03-08 14:13:44.094 [Thread-24] p.ParallelServiceReplica$RecoverHandlerThread - New connection from /10.1.1.101
[INFO ] 2022-03-08 14:13:44.094 [Thread-21] p.ParallelServiceReplica$RecoverHandlerThread - New connection from /10.1.1.101
[INFO ] 2022-03-08 14:13:44.094 [Thread-25] p.ParallelServiceReplica$RecoverHandlerThread - New connection from /10.1.1.101
[INFO ] 2022-03-08 14:13:44.095 [Thread-20] p.ParallelServiceReplica$RecoverHandlerThread - New connection from /10.1.1.101
[INFO ] 2022-03-08 14:13:44.095 [Thread-26] p.ParallelServiceReplica$RecoverHandlerThread - New connection from /10.1.1.101
[INFO ] 2022-03-08 14:13:44.095 [Thread-22] p.ParallelServiceReplica$RecoverHandlerThread - New connection from /10.1.1.101
[INFO ] 2022-03-08 14:13:44.094 [Thread-23] p.ParallelServiceReplica$RecoverHandlerThread - New connection from /10.1.1.101
[INFO ] 2022-03-08 14:13:44.095 [Thread-27] p.ParallelServiceReplica$RecoverHandlerThread - New connection from /10.1.1.101
[INFO ] 2022-03-08 14:13:44.177 [Thread-22] p.ParallelServiceReplica$RecoverHandlerThread - New connection from /10.1.1.102
[INFO ] 2022-03-08 14:13:44.177 [Thread-20] p.ParallelServiceReplica$RecoverHandlerThread - New connection from /10.1.1.102
[INFO ] 2022-03-08 14:13:44.178 [Thread-21] p.ParallelServiceReplica$RecoverHandlerThread - New connection from /10.1.1.102
[INFO ] 2022-03-08 14:13:44.178 [Thread-26] p.ParallelServiceReplica$RecoverHandlerThread - New connection from /10.1.1.102
[INFO ] 2022-03-08 14:13:44.178 [Thread-23] p.ParallelServiceReplica$RecoverHandlerThread - New connection from /10.1.1.102
[INFO ] 2022-03-08 14:13:44.280 [Thread-28] p.ParallelServiceReplica$RecoverHandlerThread - New connection from /10.1.1.101
[INFO ] 2022-03-08 14:13:44.280 [Thread-31] p.ParallelServiceReplica$RecoverHandlerThread - New connection from /10.1.1.101
[INFO ] 2022-03-08 14:13:44.280 [Thread-29] p.ParallelServiceReplica$RecoverHandlerThread - New connection from /10.1.1.101
[INFO ] 2022-03-08 14:13:44.280 [Thread-30] p.ParallelServiceReplica$RecoverHandlerThread - New connection from /10.1.1.101
[INFO ] 2022-03-08 14:13:44.280 [Thread-32] p.ParallelServiceReplica$RecoverHandlerThread - New connection from /10.1.1.101
[INFO ] 2022-03-08 14:13:44.281 [Thread-33] p.ParallelServiceReplica$RecoverHandlerThread - New connection from /10.1.1.101
[INFO ] 2022-03-08 14:13:44.281 [Thread-34] p.ParallelServiceReplica$RecoverHandlerThread - New connection from /10.1.1.101
[INFO ] 2022-03-08 14:13:44.281 [Thread-35] p.ParallelServiceReplica$RecoverHandlerThread - New connection from /10.1.1.101
[INFO ] 2022-03-08 14:13:44.323 [Thread-55] p.ParallelServiceReplica$RecoverHandlerThread - Recover received a request recover operation of type: METADATA
[INFO ] 2022-03-08 14:13:44.324 [Thread-67] p.ParallelServiceReplica$RecoverHandlerThread - Recover received a request recover operation of type: METADATA
[INFO ] 2022-03-08 14:13:44.324 [Thread-66] p.ParallelServiceReplica$RecoverHandlerThread - Recover received a request recover operation of type: METADATA
[INFO ] 2022-03-08 14:13:44.324 [Thread-70] p.ParallelServiceReplica$RecoverHandlerThread - Recover received a request recover operation of type: METADATA
[INFO ] 2022-03-08 14:13:44.324 [Thread-52] p.ParallelServiceReplica$RecoverHandlerThread - Recover received a request recover operation of type: METADATA
[INFO ] 2022-03-08 14:13:44.324 [Thread-71] p.ParallelServiceReplica$RecoverHandlerThread - Recover received a request recover operation of type: METADATA
[INFO ] 2022-03-08 14:13:44.324 [Thread-65] p.ParallelServiceReplica$RecoverHandlerThread - Recover received a request recover operation of type: METADATA
[INFO ] 2022-03-08 14:13:44.324 [Thread-58] p.ParallelServiceReplica$RecoverHandlerThread - Recover received a request recover operation of type: METADATA
[WARN ] 2022-03-08 14:13:44.324 [Thread-66] p.ParallelServiceReplica$RecoverHandlerThread - No metadata file to send
[WARN ] 2022-03-08 14:13:44.324 [Thread-55] p.ParallelServiceReplica$RecoverHandlerThread - No metadata file to send
[INFO ] 2022-03-08 14:13:44.323 [Thread-53] p.ParallelServiceReplica$RecoverHandlerThread - Recover received a request recover operation of type: METADATA
[INFO ] 2022-03-08 14:13:44.324 [Thread-59] p.ParallelServiceReplica$RecoverHandlerThread - Recover received a request recover operation of type: METADATA
[WARN ] 2022-03-08 14:13:44.324 [Thread-67] p.ParallelServiceReplica$RecoverHandlerThread - No metadata file to send
[INFO ] 2022-03-08 14:13:44.324 [Thread-57] p.ParallelServiceReplica$RecoverHandlerThread - Recover received a request recover operation of type: METADATA
[INFO ] 2022-03-08 14:13:44.324 [Thread-69] p.ParallelServiceReplica$RecoverHandlerThread - Recover received a request recover operation of type: METADATA
[WARN ] 2022-03-08 14:13:44.325 [Thread-70] p.ParallelServiceReplica$RecoverHandlerThread - No metadata file to send
[INFO ] 2022-03-08 14:13:44.323 [Thread-68] p.ParallelServiceReplica$RecoverHandlerThread - Recover received a request recover operation of type: METADATA
[INFO ] 2022-03-08 14:13:44.323 [Thread-72] p.ParallelServiceReplica$RecoverHandlerThread - Recover received a request recover operation of type: METADATA
[INFO ] 2022-03-08 14:13:44.324 [Thread-56] p.ParallelServiceReplica$RecoverHandlerThread - Recover received a request recover operation of type: METADATA
[WARN ] 2022-03-08 14:13:44.325 [Thread-65] p.ParallelServiceReplica$RecoverHandlerThread - No metadata file to send
[INFO ] 2022-03-08 14:13:44.324 [Thread-54] p.ParallelServiceReplica$RecoverHandlerThread - Recover received a request recover operation of type: METADATA
[WARN ] 2022-03-08 14:13:44.325 [Thread-71] p.ParallelServiceReplica$RecoverHandlerThread - No metadata file to send
[WARN ] 2022-03-08 14:13:44.325 [Thread-59] p.ParallelServiceReplica$RecoverHandlerThread - No metadata file to send
[WARN ] 2022-03-08 14:13:44.325 [Thread-68] p.ParallelServiceReplica$RecoverHandlerThread - No metadata file to send
[WARN ] 2022-03-08 14:13:44.325 [Thread-52] p.ParallelServiceReplica$RecoverHandlerThread - No metadata file to send
[WARN ] 2022-03-08 14:13:44.325 [Thread-53] p.ParallelServiceReplica$RecoverHandlerThread - No metadata file to send
[WARN ] 2022-03-08 14:13:44.325 [Thread-56] p.ParallelServiceReplica$RecoverHandlerThread - No metadata file to send
[WARN ] 2022-03-08 14:13:44.325 [Thread-58] p.ParallelServiceReplica$RecoverHandlerThread - No metadata file to send
[WARN ] 2022-03-08 14:13:44.325 [Thread-69] p.ParallelServiceReplica$RecoverHandlerThread - No metadata file to send
[WARN ] 2022-03-08 14:13:44.325 [Thread-57] p.ParallelServiceReplica$RecoverHandlerThread - No metadata file to send
[WARN ] 2022-03-08 14:13:44.325 [Thread-72] p.ParallelServiceReplica$RecoverHandlerThread - No metadata file to send
[WARN ] 2022-03-08 14:13:44.325 [Thread-54] p.ParallelServiceReplica$RecoverHandlerThread - No metadata file to send
[INFO ] 2022-03-08 14:13:44.356 [Thread-24] p.ParallelServiceReplica$RecoverHandlerThread - New connection from /10.1.1.102
[INFO ] 2022-03-08 14:13:44.356 [Thread-25] p.ParallelServiceReplica$RecoverHandlerThread - New connection from /10.1.1.102
[INFO ] 2022-03-08 14:13:44.356 [Thread-27] p.ParallelServiceReplica$RecoverHandlerThread - New connection from /10.1.1.102
[INFO ] 2022-03-08 14:13:44.356 [Thread-28] p.ParallelServiceReplica$RecoverHandlerThread - New connection from /10.1.1.102
[INFO ] 2022-03-08 14:13:44.357 [Thread-29] p.ParallelServiceReplica$RecoverHandlerThread - New connection from /10.1.1.102
[INFO ] 2022-03-08 14:13:44.357 [Thread-31] p.ParallelServiceReplica$RecoverHandlerThread - New connection from /10.1.1.102
[INFO ] 2022-03-08 14:13:44.357 [Thread-30] p.ParallelServiceReplica$RecoverHandlerThread - New connection from /10.1.1.102
[INFO ] 2022-03-08 14:13:44.357 [Thread-35] p.ParallelServiceReplica$RecoverHandlerThread - New connection from /10.1.1.102
[INFO ] 2022-03-08 14:13:44.357 [Thread-33] p.ParallelServiceReplica$RecoverHandlerThread - New connection from /10.1.1.102
[INFO ] 2022-03-08 14:13:44.357 [Thread-34] p.ParallelServiceReplica$RecoverHandlerThread - New connection from /10.1.1.102
[INFO ] 2022-03-08 14:13:44.357 [Thread-32] p.ParallelServiceReplica$RecoverHandlerThread - New connection from /10.1.1.102
[INFO ] 2022-03-08 14:13:44.400 [Thread-76] p.ParallelServiceReplica$RecoverHandlerThread - Recover received a request recover operation of type: METADATA
[INFO ] 2022-03-08 14:13:44.399 [Thread-61] p.ParallelServiceReplica$RecoverHandlerThread - Recover received a request recover operation of type: METADATA
[INFO ] 2022-03-08 14:13:44.400 [Thread-77] p.ParallelServiceReplica$RecoverHandlerThread - Recover received a request recover operation of type: METADATA
[INFO ] 2022-03-08 14:13:44.400 [Thread-81] p.ParallelServiceReplica$RecoverHandlerThread - Recover received a request recover operation of type: METADATA
[INFO ] 2022-03-08 14:13:44.400 [Thread-73] p.ParallelServiceReplica$RecoverHandlerThread - Recover received a request recover operation of type: METADATA
[WARN ] 2022-03-08 14:13:44.400 [Thread-76] p.ParallelServiceReplica$RecoverHandlerThread - No metadata file to send
[INFO ] 2022-03-08 14:13:44.399 [Thread-83] p.ParallelServiceReplica$RecoverHandlerThread - Recover received a request recover operation of type: METADATA
[INFO ] 2022-03-08 14:13:44.399 [Thread-78] p.ParallelServiceReplica$RecoverHandlerThread - Recover received a request recover operation of type: METADATA
[INFO ] 2022-03-08 14:13:44.399 [Thread-82] p.ParallelServiceReplica$RecoverHandlerThread - Recover received a request recover operation of type: METADATA
[INFO ] 2022-03-08 14:13:44.399 [Thread-80] p.ParallelServiceReplica$RecoverHandlerThread - Recover received a request recover operation of type: METADATA
[INFO ] 2022-03-08 14:13:44.399 [Thread-79] p.ParallelServiceReplica$RecoverHandlerThread - Recover received a request recover operation of type: METADATA
[INFO ] 2022-03-08 14:13:44.399 [Thread-62] p.ParallelServiceReplica$RecoverHandlerThread - Recover received a request recover operation of type: METADATA
[INFO ] 2022-03-08 14:13:44.399 [Thread-64] p.ParallelServiceReplica$RecoverHandlerThread - Recover received a request recover operation of type: METADATA
[INFO ] 2022-03-08 14:13:44.399 [Thread-75] p.ParallelServiceReplica$RecoverHandlerThread - Recover received a request recover operation of type: METADATA
[WARN ] 2022-03-08 14:13:44.400 [Thread-61] p.ParallelServiceReplica$RecoverHandlerThread - No metadata file to send
[WARN ] 2022-03-08 14:13:44.401 [Thread-73] p.ParallelServiceReplica$RecoverHandlerThread - No metadata file to send
[WARN ] 2022-03-08 14:13:44.401 [Thread-77] p.ParallelServiceReplica$RecoverHandlerThread - No metadata file to send
[WARN ] 2022-03-08 14:13:44.401 [Thread-81] p.ParallelServiceReplica$RecoverHandlerThread - No metadata file to send
[WARN ] 2022-03-08 14:13:44.401 [Thread-78] p.ParallelServiceReplica$RecoverHandlerThread - No metadata file to send
[INFO ] 2022-03-08 14:13:44.400 [Thread-60] p.ParallelServiceReplica$RecoverHandlerThread - Recover received a request recover operation of type: METADATA
[WARN ] 2022-03-08 14:13:44.401 [Thread-62] p.ParallelServiceReplica$RecoverHandlerThread - No metadata file to send
[INFO ] 2022-03-08 14:13:44.400 [Thread-63] p.ParallelServiceReplica$RecoverHandlerThread - Recover received a request recover operation of type: METADATA
[WARN ] 2022-03-08 14:13:44.401 [Thread-83] p.ParallelServiceReplica$RecoverHandlerThread - No metadata file to send
[WARN ] 2022-03-08 14:13:44.401 [Thread-75] p.ParallelServiceReplica$RecoverHandlerThread - No metadata file to send
[INFO ] 2022-03-08 14:13:44.399 [Thread-74] p.ParallelServiceReplica$RecoverHandlerThread - Recover received a request recover operation of type: METADATA
[WARN ] 2022-03-08 14:13:44.401 [Thread-64] p.ParallelServiceReplica$RecoverHandlerThread - No metadata file to send
[WARN ] 2022-03-08 14:13:44.401 [Thread-80] p.ParallelServiceReplica$RecoverHandlerThread - No metadata file to send
[WARN ] 2022-03-08 14:13:44.401 [Thread-79] p.ParallelServiceReplica$RecoverHandlerThread - No metadata file to send
[WARN ] 2022-03-08 14:13:44.402 [Thread-82] p.ParallelServiceReplica$RecoverHandlerThread - No metadata file to send
[WARN ] 2022-03-08 14:13:44.401 [Thread-63] p.ParallelServiceReplica$RecoverHandlerThread - No metadata file to send
[WARN ] 2022-03-08 14:13:44.402 [Thread-74] p.ParallelServiceReplica$RecoverHandlerThread - No metadata file to send
[WARN ] 2022-03-08 14:13:44.402 [Thread-60] p.ParallelServiceReplica$RecoverHandlerThread - No metadata file to send
[INFO ] 2022-03-08 14:13:44.685 [Thread-22] p.ParallelServiceReplica$RecoverHandlerThread - New connection from /10.1.1.103
[INFO ] 2022-03-08 14:13:44.685 [Thread-21] p.ParallelServiceReplica$RecoverHandlerThread - New connection from /10.1.1.103
[INFO ] 2022-03-08 14:13:44.685 [Thread-20] p.ParallelServiceReplica$RecoverHandlerThread - New connection from /10.1.1.103
[INFO ] 2022-03-08 14:13:44.685 [Thread-24] p.ParallelServiceReplica$RecoverHandlerThread - New connection from /10.1.1.103
[INFO ] 2022-03-08 14:13:44.686 [Thread-23] p.ParallelServiceReplica$RecoverHandlerThread - New connection from /10.1.1.103
[INFO ] 2022-03-08 14:13:44.686 [Thread-25] p.ParallelServiceReplica$RecoverHandlerThread - New connection from /10.1.1.103
[INFO ] 2022-03-08 14:13:44.687 [Thread-26] p.ParallelServiceReplica$RecoverHandlerThread - New connection from /10.1.1.103
[INFO ] 2022-03-08 14:13:44.866 [Thread-28] p.ParallelServiceReplica$RecoverHandlerThread - New connection from /10.1.1.103
[INFO ] 2022-03-08 14:13:44.866 [Thread-27] p.ParallelServiceReplica$RecoverHandlerThread - New connection from /10.1.1.103
[INFO ] 2022-03-08 14:13:44.867 [Thread-30] p.ParallelServiceReplica$RecoverHandlerThread - New connection from /10.1.1.103
[INFO ] 2022-03-08 14:13:44.867 [Thread-32] p.ParallelServiceReplica$RecoverHandlerThread - New connection from /10.1.1.103
[INFO ] 2022-03-08 14:13:44.867 [Thread-33] p.ParallelServiceReplica$RecoverHandlerThread - New connection from /10.1.1.103
[INFO ] 2022-03-08 14:13:44.867 [Thread-31] p.ParallelServiceReplica$RecoverHandlerThread - New connection from /10.1.1.103
[INFO ] 2022-03-08 14:13:44.867 [Thread-29] p.ParallelServiceReplica$RecoverHandlerThread - New connection from /10.1.1.103
[INFO ] 2022-03-08 14:13:44.867 [Thread-35] p.ParallelServiceReplica$RecoverHandlerThread - New connection from /10.1.1.103
[INFO ] 2022-03-08 14:13:44.868 [Thread-34] p.ParallelServiceReplica$RecoverHandlerThread - New connection from /10.1.1.103
[INFO ] 2022-03-08 14:13:44.912 [Thread-96] p.ParallelServiceReplica$RecoverHandlerThread - Recover received a request recover operation of type: METADATA
[INFO ] 2022-03-08 14:13:44.912 [Thread-91] p.ParallelServiceReplica$RecoverHandlerThread - Recover received a request recover operation of type: METADATA
[INFO ] 2022-03-08 14:13:44.911 [Thread-95] p.ParallelServiceReplica$RecoverHandlerThread - Recover received a request recover operation of type: METADATA
[INFO ] 2022-03-08 14:13:44.912 [Thread-93] p.ParallelServiceReplica$RecoverHandlerThread - Recover received a request recover operation of type: METADATA
[INFO ] 2022-03-08 14:13:44.912 [Thread-87] p.ParallelServiceReplica$RecoverHandlerThread - Recover received a request recover operation of type: METADATA
[INFO ] 2022-03-08 14:13:44.912 [Thread-98] p.ParallelServiceReplica$RecoverHandlerThread - Recover received a request recover operation of type: METADATA
[INFO ] 2022-03-08 14:13:44.912 [Thread-99] p.ParallelServiceReplica$RecoverHandlerThread - Recover received a request recover operation of type: METADATA
[INFO ] 2022-03-08 14:13:44.912 [Thread-85] p.ParallelServiceReplica$RecoverHandlerThread - Recover received a request recover operation of type: METADATA
[WARN ] 2022-03-08 14:13:44.912 [Thread-96] p.ParallelServiceReplica$RecoverHandlerThread - No metadata file to send
[WARN ] 2022-03-08 14:13:44.912 [Thread-91] p.ParallelServiceReplica$RecoverHandlerThread - No metadata file to send
[INFO ] 2022-03-08 14:13:44.912 [Thread-89] p.ParallelServiceReplica$RecoverHandlerThread - Recover received a request recover operation of type: METADATA
[INFO ] 2022-03-08 14:13:44.912 [Thread-94] p.ParallelServiceReplica$RecoverHandlerThread - Recover received a request recover operation of type: METADATA
[WARN ] 2022-03-08 14:13:44.913 [Thread-98] p.ParallelServiceReplica$RecoverHandlerThread - No metadata file to send
[INFO ] 2022-03-08 14:13:44.912 [Thread-97] p.ParallelServiceReplica$RecoverHandlerThread - Recover received a request recover operation of type: METADATA
[WARN ] 2022-03-08 14:13:44.913 [Thread-87] p.ParallelServiceReplica$RecoverHandlerThread - No metadata file to send
[WARN ] 2022-03-08 14:13:44.913 [Thread-99] p.ParallelServiceReplica$RecoverHandlerThread - No metadata file to send
[INFO ] 2022-03-08 14:13:44.912 [Thread-86] p.ParallelServiceReplica$RecoverHandlerThread - Recover received a request recover operation of type: METADATA
[WARN ] 2022-03-08 14:13:44.913 [Thread-95] p.ParallelServiceReplica$RecoverHandlerThread - No metadata file to send
[INFO ] 2022-03-08 14:13:44.912 [Thread-88] p.ParallelServiceReplica$RecoverHandlerThread - Recover received a request recover operation of type: METADATA
[WARN ] 2022-03-08 14:13:44.913 [Thread-85] p.ParallelServiceReplica$RecoverHandlerThread - No metadata file to send
[INFO ] 2022-03-08 14:13:44.912 [Thread-84] p.ParallelServiceReplica$RecoverHandlerThread - Recover received a request recover operation of type: METADATA
[WARN ] 2022-03-08 14:13:44.913 [Thread-89] p.ParallelServiceReplica$RecoverHandlerThread - No metadata file to send
[INFO ] 2022-03-08 14:13:44.912 [Thread-92] p.ParallelServiceReplica$RecoverHandlerThread - Recover received a request recover operation of type: METADATA
[INFO ] 2022-03-08 14:13:44.912 [Thread-90] p.ParallelServiceReplica$RecoverHandlerThread - Recover received a request recover operation of type: METADATA
[WARN ] 2022-03-08 14:13:44.913 [Thread-93] p.ParallelServiceReplica$RecoverHandlerThread - No metadata file to send
[WARN ] 2022-03-08 14:13:44.913 [Thread-86] p.ParallelServiceReplica$RecoverHandlerThread - No metadata file to send
[WARN ] 2022-03-08 14:13:44.914 [Thread-84] p.ParallelServiceReplica$RecoverHandlerThread - No metadata file to send
[WARN ] 2022-03-08 14:13:44.914 [Thread-92] p.ParallelServiceReplica$RecoverHandlerThread - No metadata file to send
[WARN ] 2022-03-08 14:13:44.914 [Thread-90] p.ParallelServiceReplica$RecoverHandlerThread - No metadata file to send
[WARN ] 2022-03-08 14:13:44.914 [Thread-94] p.ParallelServiceReplica$RecoverHandlerThread - No metadata file to send
[WARN ] 2022-03-08 14:13:44.914 [Thread-97] p.ParallelServiceReplica$RecoverHandlerThread - No metadata file to send
[WARN ] 2022-03-08 14:13:44.914 [Thread-88] p.ParallelServiceReplica$RecoverHandlerThread - No metadata file to send
[INFO ] 2022-03-08 14:13:45.091 [Thread-89] p.ParallelServiceReplica$RecoverHandlerThread - Nothing to read from /10.1.1.103, closing socket
[INFO ] 2022-03-08 14:13:45.092 [Thread-88] p.ParallelServiceReplica$RecoverHandlerThread - Nothing to read from /10.1.1.103, closing socket
[INFO ] 2022-03-08 14:13:45.092 [Thread-84] p.ParallelServiceReplica$RecoverHandlerThread - Nothing to read from /10.1.1.103, closing socket
[INFO ] 2022-03-08 14:13:45.092 [Thread-87] p.ParallelServiceReplica$RecoverHandlerThread - Nothing to read from /10.1.1.103, closing socket
[INFO ] 2022-03-08 14:13:45.091 [Thread-86] p.ParallelServiceReplica$RecoverHandlerThread - Nothing to read from /10.1.1.103, closing socket
[INFO ] 2022-03-08 14:13:45.091 [Thread-85] p.ParallelServiceReplica$RecoverHandlerThread - Nothing to read from /10.1.1.103, closing socket
[INFO ] 2022-03-08 14:13:45.127 [Thread-92] p.ParallelServiceReplica$RecoverHandlerThread - Nothing to read from /10.1.1.103, closing socket
[INFO ] 2022-03-08 14:13:45.131 [Thread-97] p.ParallelServiceReplica$RecoverHandlerThread - Nothing to read from /10.1.1.103, closing socket
[INFO ] 2022-03-08 14:13:45.131 [Thread-95] p.ParallelServiceReplica$RecoverHandlerThread - Nothing to read from /10.1.1.103, closing socket
[INFO ] 2022-03-08 14:13:45.131 [Thread-98] p.ParallelServiceReplica$RecoverHandlerThread - Nothing to read from /10.1.1.103, closing socket
[INFO ] 2022-03-08 14:13:45.131 [Thread-96] p.ParallelServiceReplica$RecoverHandlerThread - Nothing to read from /10.1.1.103, closing socket
[INFO ] 2022-03-08 14:13:45.131 [Thread-94] p.ParallelServiceReplica$RecoverHandlerThread - Nothing to read from /10.1.1.103, closing socket
[INFO ] 2022-03-08 14:13:45.131 [Thread-91] p.ParallelServiceReplica$RecoverHandlerThread - Nothing to read from /10.1.1.103, closing socket
[INFO ] 2022-03-08 14:13:45.132 [Thread-93] p.ParallelServiceReplica$RecoverHandlerThread - Nothing to read from /10.1.1.103, closing socket
[INFO ] 2022-03-08 14:13:45.132 [Thread-99] p.ParallelServiceReplica$RecoverHandlerThread - Nothing to read from /10.1.1.103, closing socket
[INFO ] 2022-03-08 14:13:45.139 [Thread-90] p.ParallelServiceReplica$RecoverHandlerThread - Nothing to read from /10.1.1.103, closing socket
[INFO ] 2022-03-08 14:13:56.059 [Thread-51] p.ParallelServiceReplica$Receiver - Socket connected to /10.1.1.101
[INFO ] 2022-03-08 14:13:56.059 [Thread-37] p.ParallelServiceReplica$Receiver - Socket connected to /10.1.1.101
[INFO ] 2022-03-08 14:13:56.059 [Thread-48] p.ParallelServiceReplica$Receiver - Socket connected to /10.1.1.101
[INFO ] 2022-03-08 14:13:56.059 [Thread-41] p.ParallelServiceReplica$Receiver - Socket connected to /10.1.1.101
[INFO ] 2022-03-08 14:13:56.060 [Thread-50] p.ParallelServiceReplica$Receiver - Socket connected to /10.1.1.101
[INFO ] 2022-03-08 14:13:56.059 [Thread-44] p.ParallelServiceReplica$Receiver - Socket connected to /10.1.1.101
[INFO ] 2022-03-08 14:13:56.059 [Thread-45] p.ParallelServiceReplica$Receiver - Socket connected to /10.1.1.101
[INFO ] 2022-03-08 14:13:56.060 [Thread-47] p.ParallelServiceReplica$Receiver - Socket connected to /10.1.1.101
[INFO ] 2022-03-08 14:13:56.060 [Thread-36] p.ParallelServiceReplica$Receiver - Socket connected to /10.1.1.101
[INFO ] 2022-03-08 14:13:56.060 [Thread-49] p.ParallelServiceReplica$Receiver - Socket connected to /10.1.1.101
[INFO ] 2022-03-08 14:13:56.059 [Thread-39] p.ParallelServiceReplica$Receiver - Socket connected to /10.1.1.101
[INFO ] 2022-03-08 14:13:56.060 [Thread-46] p.ParallelServiceReplica$Receiver - Socket connected to /10.1.1.101
[INFO ] 2022-03-08 14:13:56.059 [Thread-38] p.ParallelServiceReplica$Receiver - Socket connected to /10.1.1.101
[INFO ] 2022-03-08 14:13:56.060 [Thread-40] p.ParallelServiceReplica$Receiver - Socket connected to /10.1.1.101
[INFO ] 2022-03-08 14:13:56.060 [Thread-43] p.ParallelServiceReplica$Receiver - Socket connected to /10.1.1.101
[INFO ] 2022-03-08 14:13:56.060 [Thread-42] p.ParallelServiceReplica$Receiver - Socket connected to /10.1.1.101
[INFO ] 2022-03-08 14:13:56.061 [Thread-48] p.ParallelServiceReplica$Receiver - Requesting metadata to /10.1.1.101:6678
[INFO ] 2022-03-08 14:13:56.061 [Thread-37] p.ParallelServiceReplica$Receiver - Requesting metadata to /10.1.1.101:6667
[INFO ] 2022-03-08 14:13:56.061 [Thread-51] p.ParallelServiceReplica$Receiver - Requesting metadata to /10.1.1.101:6681
[INFO ] 2022-03-08 14:13:56.061 [Thread-48] p.ParallelServiceReplica$Receiver - Reading metadata's request reply from /10.1.1.101:6678
[INFO ] 2022-03-08 14:13:56.061 [Thread-37] p.ParallelServiceReplica$Receiver - Reading metadata's request reply from /10.1.1.101:6667
[INFO ] 2022-03-08 14:13:56.061 [Thread-51] p.ParallelServiceReplica$Receiver - Reading metadata's request reply from /10.1.1.101:6681
[INFO ] 2022-03-08 14:13:56.061 [Thread-38] p.ParallelServiceReplica$Receiver - Requesting metadata to /10.1.1.101:6668
[INFO ] 2022-03-08 14:13:56.061 [Thread-38] p.ParallelServiceReplica$Receiver - Reading metadata's request reply from /10.1.1.101:6668
[INFO ] 2022-03-08 14:13:56.061 [Thread-45] p.ParallelServiceReplica$Receiver - Requesting metadata to /10.1.1.101:6675
[INFO ] 2022-03-08 14:13:56.062 [Thread-45] p.ParallelServiceReplica$Receiver - Reading metadata's request reply from /10.1.1.101:6675
[INFO ] 2022-03-08 14:13:56.062 [Thread-41] p.ParallelServiceReplica$Receiver - Requesting metadata to /10.1.1.101:6671
[INFO ] 2022-03-08 14:13:56.062 [Thread-41] p.ParallelServiceReplica$Receiver - Reading metadata's request reply from /10.1.1.101:6671
[INFO ] 2022-03-08 14:13:56.062 [Thread-50] p.ParallelServiceReplica$Receiver - Requesting metadata to /10.1.1.101:6680
[INFO ] 2022-03-08 14:13:56.062 [Thread-44] p.ParallelServiceReplica$Receiver - Requesting metadata to /10.1.1.101:6674
[INFO ] 2022-03-08 14:13:56.063 [Thread-50] p.ParallelServiceReplica$Receiver - Reading metadata's request reply from /10.1.1.101:6680
[INFO ] 2022-03-08 14:13:56.063 [Thread-42] p.ParallelServiceReplica$Receiver - Requesting metadata to /10.1.1.101:6672
[INFO ] 2022-03-08 14:13:56.063 [Thread-44] p.ParallelServiceReplica$Receiver - Reading metadata's request reply from /10.1.1.101:6674
[INFO ] 2022-03-08 14:13:56.063 [Thread-42] p.ParallelServiceReplica$Receiver - Reading metadata's request reply from /10.1.1.101:6672
[INFO ] 2022-03-08 14:13:56.063 [Thread-43] p.ParallelServiceReplica$Receiver - Requesting metadata to /10.1.1.101:6673
[INFO ] 2022-03-08 14:13:56.063 [Thread-36] p.ParallelServiceReplica$Receiver - Requesting metadata to /10.1.1.101:6666
[INFO ] 2022-03-08 14:13:56.063 [Thread-43] p.ParallelServiceReplica$Receiver - Reading metadata's request reply from /10.1.1.101:6673
[INFO ] 2022-03-08 14:13:56.063 [Thread-36] p.ParallelServiceReplica$Receiver - Reading metadata's request reply from /10.1.1.101:6666
[INFO ] 2022-03-08 14:13:56.064 [Thread-46] p.ParallelServiceReplica$Receiver - Requesting metadata to /10.1.1.101:6676
[INFO ] 2022-03-08 14:13:56.064 [Thread-46] p.ParallelServiceReplica$Receiver - Reading metadata's request reply from /10.1.1.101:6676
[INFO ] 2022-03-08 14:13:56.064 [Thread-40] p.ParallelServiceReplica$Receiver - Requesting metadata to /10.1.1.101:6670
[INFO ] 2022-03-08 14:13:56.064 [Thread-47] p.ParallelServiceReplica$Receiver - Requesting metadata to /10.1.1.101:6677
[INFO ] 2022-03-08 14:13:56.064 [Thread-40] p.ParallelServiceReplica$Receiver - Reading metadata's request reply from /10.1.1.101:6670
[INFO ] 2022-03-08 14:13:56.064 [Thread-47] p.ParallelServiceReplica$Receiver - Reading metadata's request reply from /10.1.1.101:6677
[INFO ] 2022-03-08 14:13:56.064 [Thread-49] p.ParallelServiceReplica$Receiver - Requesting metadata to /10.1.1.101:6679
[INFO ] 2022-03-08 14:13:56.064 [Thread-39] p.ParallelServiceReplica$Receiver - Requesting metadata to /10.1.1.101:6669
[INFO ] 2022-03-08 14:13:56.064 [Thread-49] p.ParallelServiceReplica$Receiver - Reading metadata's request reply from /10.1.1.101:6679
[INFO ] 2022-03-08 14:13:56.064 [Thread-39] p.ParallelServiceReplica$Receiver - Reading metadata's request reply from /10.1.1.101:6669
[INFO ] 2022-03-08 14:13:56.148 [Thread-50] p.ParallelServiceReplica$Receiver - Last CID is 0
[INFO ] 2022-03-08 14:13:56.148 [Thread-45] p.ParallelServiceReplica$Receiver - Last CID is 0
[INFO ] 2022-03-08 14:13:56.148 [Thread-37] p.ParallelServiceReplica$Receiver - Last CID is 0
[INFO ] 2022-03-08 14:13:56.148 [Thread-38] p.ParallelServiceReplica$Receiver - Last CID is 0
[INFO ] 2022-03-08 14:13:56.148 [Thread-43] p.ParallelServiceReplica$Receiver - Last CID is 0
[INFO ] 2022-03-08 14:13:56.148 [Thread-36] p.ParallelServiceReplica$Receiver - Last CID is 0
[INFO ] 2022-03-08 14:13:56.148 [Thread-41] p.ParallelServiceReplica$Receiver - Last CID is 0
[INFO ] 2022-03-08 14:13:56.148 [Thread-44] p.ParallelServiceReplica$Receiver - Last CID is 0
[INFO ] 2022-03-08 14:13:56.148 [Thread-48] p.ParallelServiceReplica$Receiver - Last CID is 0
[INFO ] 2022-03-08 14:13:56.148 [Thread-42] p.ParallelServiceReplica$Receiver - Last CID is 0
[INFO ] 2022-03-08 14:13:56.148 [Thread-51] p.ParallelServiceReplica$Receiver - Last CID is 0
[INFO ] 2022-03-08 14:13:56.148 [Thread-50] p.ParallelServiceReplica$Receiver - Socket connected to /10.1.1.102
[INFO ] 2022-03-08 14:13:56.148 [Thread-45] p.ParallelServiceReplica$Receiver - Socket connected to /10.1.1.102
[INFO ] 2022-03-08 14:13:56.148 [Thread-43] p.ParallelServiceReplica$Receiver - Socket connected to /10.1.1.102
[INFO ] 2022-03-08 14:13:56.148 [Thread-44] p.ParallelServiceReplica$Receiver - Socket connected to /10.1.1.102
[INFO ] 2022-03-08 14:13:56.148 [Thread-36] p.ParallelServiceReplica$Receiver - Socket connected to /10.1.1.102
[INFO ] 2022-03-08 14:13:56.149 [Thread-38] p.ParallelServiceReplica$Receiver - Socket connected to /10.1.1.102
[INFO ] 2022-03-08 14:13:56.148 [Thread-41] p.ParallelServiceReplica$Receiver - Socket connected to /10.1.1.102
[INFO ] 2022-03-08 14:13:56.149 [Thread-48] p.ParallelServiceReplica$Receiver - Socket connected to /10.1.1.102
[INFO ] 2022-03-08 14:13:56.149 [Thread-42] p.ParallelServiceReplica$Receiver - Socket connected to /10.1.1.102
[INFO ] 2022-03-08 14:13:56.149 [Thread-51] p.ParallelServiceReplica$Receiver - Socket connected to /10.1.1.102
[INFO ] 2022-03-08 14:13:56.149 [Thread-37] p.ParallelServiceReplica$Receiver - Socket connected to /10.1.1.102
[INFO ] 2022-03-08 14:13:56.149 [Thread-50] p.ParallelServiceReplica$Receiver - Requesting metadata to /10.1.1.102:6680
[INFO ] 2022-03-08 14:13:56.150 [Thread-45] p.ParallelServiceReplica$Receiver - Requesting metadata to /10.1.1.102:6675
[INFO ] 2022-03-08 14:13:56.150 [Thread-50] p.ParallelServiceReplica$Receiver - Reading metadata's request reply from /10.1.1.102:6680
[INFO ] 2022-03-08 14:13:56.150 [Thread-44] p.ParallelServiceReplica$Receiver - Requesting metadata to /10.1.1.102:6674
[INFO ] 2022-03-08 14:13:56.150 [Thread-45] p.ParallelServiceReplica$Receiver - Reading metadata's request reply from /10.1.1.102:6675
[INFO ] 2022-03-08 14:13:56.150 [Thread-44] p.ParallelServiceReplica$Receiver - Reading metadata's request reply from /10.1.1.102:6674
[INFO ] 2022-03-08 14:13:56.150 [Thread-41] p.ParallelServiceReplica$Receiver - Requesting metadata to /10.1.1.102:6671
[INFO ] 2022-03-08 14:13:56.150 [Thread-43] p.ParallelServiceReplica$Receiver - Requesting metadata to /10.1.1.102:6673
[INFO ] 2022-03-08 14:13:56.150 [Thread-41] p.ParallelServiceReplica$Receiver - Reading metadata's request reply from /10.1.1.102:6671
[INFO ] 2022-03-08 14:13:56.151 [Thread-36] p.ParallelServiceReplica$Receiver - Requesting metadata to /10.1.1.102:6666
[INFO ] 2022-03-08 14:13:56.151 [Thread-43] p.ParallelServiceReplica$Receiver - Reading metadata's request reply from /10.1.1.102:6673
[INFO ] 2022-03-08 14:13:56.151 [Thread-36] p.ParallelServiceReplica$Receiver - Reading metadata's request reply from /10.1.1.102:6666
[INFO ] 2022-03-08 14:13:56.151 [Thread-51] p.ParallelServiceReplica$Receiver - Requesting metadata to /10.1.1.102:6681
[INFO ] 2022-03-08 14:13:56.152 [Thread-46] p.ParallelServiceReplica$Receiver - Last CID is 0
[INFO ] 2022-03-08 14:13:56.152 [Thread-39] p.ParallelServiceReplica$Receiver - Last CID is 0
[INFO ] 2022-03-08 14:13:56.152 [Thread-51] p.ParallelServiceReplica$Receiver - Reading metadata's request reply from /10.1.1.102:6681
[INFO ] 2022-03-08 14:13:56.152 [Thread-49] p.ParallelServiceReplica$Receiver - Last CID is 0
[INFO ] 2022-03-08 14:13:56.152 [Thread-40] p.ParallelServiceReplica$Receiver - Last CID is 0
[INFO ] 2022-03-08 14:13:56.152 [Thread-47] p.ParallelServiceReplica$Receiver - Last CID is 0
[INFO ] 2022-03-08 14:13:56.152 [Thread-38] p.ParallelServiceReplica$Receiver - Requesting metadata to /10.1.1.102:6668
[INFO ] 2022-03-08 14:13:56.152 [Thread-46] p.ParallelServiceReplica$Receiver - Socket connected to /10.1.1.102
[INFO ] 2022-03-08 14:13:56.152 [Thread-37] p.ParallelServiceReplica$Receiver - Requesting metadata to /10.1.1.102:6667
[INFO ] 2022-03-08 14:13:56.152 [Thread-39] p.ParallelServiceReplica$Receiver - Socket connected to /10.1.1.102
[INFO ] 2022-03-08 14:13:56.153 [Thread-38] p.ParallelServiceReplica$Receiver - Reading metadata's request reply from /10.1.1.102:6668
[INFO ] 2022-03-08 14:13:56.153 [Thread-37] p.ParallelServiceReplica$Receiver - Reading metadata's request reply from /10.1.1.102:6667
[INFO ] 2022-03-08 14:13:56.152 [Thread-49] p.ParallelServiceReplica$Receiver - Socket connected to /10.1.1.102
[INFO ] 2022-03-08 14:13:56.152 [Thread-48] p.ParallelServiceReplica$Receiver - Requesting metadata to /10.1.1.102:6678
[INFO ] 2022-03-08 14:13:56.152 [Thread-40] p.ParallelServiceReplica$Receiver - Socket connected to /10.1.1.102
[INFO ] 2022-03-08 14:13:56.152 [Thread-42] p.ParallelServiceReplica$Receiver - Requesting metadata to /10.1.1.102:6672
[INFO ] 2022-03-08 14:13:56.153 [Thread-47] p.ParallelServiceReplica$Receiver - Socket connected to /10.1.1.102
[INFO ] 2022-03-08 14:13:56.154 [Thread-48] p.ParallelServiceReplica$Receiver - Reading metadata's request reply from /10.1.1.102:6678
[INFO ] 2022-03-08 14:13:56.154 [Thread-42] p.ParallelServiceReplica$Receiver - Reading metadata's request reply from /10.1.1.102:6672
[INFO ] 2022-03-08 14:13:56.154 [Thread-46] p.ParallelServiceReplica$Receiver - Requesting metadata to /10.1.1.102:6676
[INFO ] 2022-03-08 14:13:56.155 [Thread-46] p.ParallelServiceReplica$Receiver - Reading metadata's request reply from /10.1.1.102:6676
[INFO ] 2022-03-08 14:13:56.155 [Thread-39] p.ParallelServiceReplica$Receiver - Requesting metadata to /10.1.1.102:6669
[INFO ] 2022-03-08 14:13:56.155 [Thread-47] p.ParallelServiceReplica$Receiver - Requesting metadata to /10.1.1.102:6677
[INFO ] 2022-03-08 14:13:56.155 [Thread-40] p.ParallelServiceReplica$Receiver - Requesting metadata to /10.1.1.102:6670
[INFO ] 2022-03-08 14:13:56.155 [Thread-39] p.ParallelServiceReplica$Receiver - Reading metadata's request reply from /10.1.1.102:6669
[INFO ] 2022-03-08 14:13:56.155 [Thread-47] p.ParallelServiceReplica$Receiver - Reading metadata's request reply from /10.1.1.102:6677
[INFO ] 2022-03-08 14:13:56.155 [Thread-49] p.ParallelServiceReplica$Receiver - Requesting metadata to /10.1.1.102:6679
[INFO ] 2022-03-08 14:13:56.155 [Thread-40] p.ParallelServiceReplica$Receiver - Reading metadata's request reply from /10.1.1.102:6670
[INFO ] 2022-03-08 14:13:56.155 [Thread-49] p.ParallelServiceReplica$Receiver - Reading metadata's request reply from /10.1.1.102:6679
[INFO ] 2022-03-08 14:13:56.232 [Thread-50] p.ParallelServiceReplica$Receiver - Last CID is 0
[INFO ] 2022-03-08 14:13:56.232 [Thread-50] p.ParallelServiceReplica$Receiver - Socket connected to /10.1.1.103
[INFO ] 2022-03-08 14:13:56.234 [Thread-50] p.ParallelServiceReplica$Receiver - Requesting metadata to /10.1.1.103:6680
[INFO ] 2022-03-08 14:13:56.234 [Thread-50] p.ParallelServiceReplica$Receiver - Reading metadata's request reply from /10.1.1.103:6680
[INFO ] 2022-03-08 14:13:56.235 [Thread-48] p.ParallelServiceReplica$Receiver - Last CID is 0
[INFO ] 2022-03-08 14:13:56.236 [Thread-42] p.ParallelServiceReplica$Receiver - Last CID is 0
[INFO ] 2022-03-08 14:13:56.236 [Thread-45] p.ParallelServiceReplica$Receiver - Last CID is 0
[INFO ] 2022-03-08 14:13:56.236 [Thread-44] p.ParallelServiceReplica$Receiver - Last CID is 0
[INFO ] 2022-03-08 14:13:56.236 [Thread-37] p.ParallelServiceReplica$Receiver - Last CID is 0
[INFO ] 2022-03-08 14:13:56.236 [Thread-41] p.ParallelServiceReplica$Receiver - Last CID is 0
[INFO ] 2022-03-08 14:13:56.236 [Thread-43] p.ParallelServiceReplica$Receiver - Last CID is 0
[INFO ] 2022-03-08 14:13:56.236 [Thread-38] p.ParallelServiceReplica$Receiver - Last CID is 0
[INFO ] 2022-03-08 14:13:56.236 [Thread-51] p.ParallelServiceReplica$Receiver - Last CID is 0
[INFO ] 2022-03-08 14:13:56.236 [Thread-48] p.ParallelServiceReplica$Receiver - Socket connected to /10.1.1.103
[INFO ] 2022-03-08 14:13:56.236 [Thread-45] p.ParallelServiceReplica$Receiver - Socket connected to /10.1.1.103
[INFO ] 2022-03-08 14:13:56.236 [Thread-36] p.ParallelServiceReplica$Receiver - Last CID is 0
[INFO ] 2022-03-08 14:13:56.236 [Thread-42] p.ParallelServiceReplica$Receiver - Socket connected to /10.1.1.103
[INFO ] 2022-03-08 14:13:56.236 [Thread-37] p.ParallelServiceReplica$Receiver - Socket connected to /10.1.1.103
[INFO ] 2022-03-08 14:13:56.236 [Thread-44] p.ParallelServiceReplica$Receiver - Socket connected to /10.1.1.103
[INFO ] 2022-03-08 14:13:56.236 [Thread-43] p.ParallelServiceReplica$Receiver - Socket connected to /10.1.1.103
[INFO ] 2022-03-08 14:13:56.236 [Thread-38] p.ParallelServiceReplica$Receiver - Socket connected to /10.1.1.103
[INFO ] 2022-03-08 14:13:56.236 [Thread-41] p.ParallelServiceReplica$Receiver - Socket connected to /10.1.1.103
[INFO ] 2022-03-08 14:13:56.236 [Thread-51] p.ParallelServiceReplica$Receiver - Socket connected to /10.1.1.103
[INFO ] 2022-03-08 14:13:56.236 [Thread-36] p.ParallelServiceReplica$Receiver - Socket connected to /10.1.1.103
[INFO ] 2022-03-08 14:13:56.237 [Thread-48] p.ParallelServiceReplica$Receiver - Requesting metadata to /10.1.1.103:6678
[INFO ] 2022-03-08 14:13:56.237 [Thread-48] p.ParallelServiceReplica$Receiver - Reading metadata's request reply from /10.1.1.103:6678
[INFO ] 2022-03-08 14:13:56.238 [Thread-42] p.ParallelServiceReplica$Receiver - Requesting metadata to /10.1.1.103:6672
[INFO ] 2022-03-08 14:13:56.238 [Thread-42] p.ParallelServiceReplica$Receiver - Reading metadata's request reply from /10.1.1.103:6672
[INFO ] 2022-03-08 14:13:56.238 [Thread-36] p.ParallelServiceReplica$Receiver - Requesting metadata to /10.1.1.103:6666
[INFO ] 2022-03-08 14:13:56.238 [Thread-36] p.ParallelServiceReplica$Receiver - Reading metadata's request reply from /10.1.1.103:6666
[INFO ] 2022-03-08 14:13:56.238 [Thread-38] p.ParallelServiceReplica$Receiver - Requesting metadata to /10.1.1.103:6668
[INFO ] 2022-03-08 14:13:56.239 [Thread-38] p.ParallelServiceReplica$Receiver - Reading metadata's request reply from /10.1.1.103:6668
[INFO ] 2022-03-08 14:13:56.239 [Thread-51] p.ParallelServiceReplica$Receiver - Requesting metadata to /10.1.1.103:6681
[INFO ] 2022-03-08 14:13:56.239 [Thread-51] p.ParallelServiceReplica$Receiver - Reading metadata's request reply from /10.1.1.103:6681
[INFO ] 2022-03-08 14:13:56.239 [Thread-44] p.ParallelServiceReplica$Receiver - Requesting metadata to /10.1.1.103:6674
[INFO ] 2022-03-08 14:13:56.239 [Thread-41] p.ParallelServiceReplica$Receiver - Requesting metadata to /10.1.1.103:6671
[INFO ] 2022-03-08 14:13:56.239 [Thread-44] p.ParallelServiceReplica$Receiver - Reading metadata's request reply from /10.1.1.103:6674
[INFO ] 2022-03-08 14:13:56.239 [Thread-41] p.ParallelServiceReplica$Receiver - Reading metadata's request reply from /10.1.1.103:6671
[INFO ] 2022-03-08 14:13:56.239 [Thread-43] p.ParallelServiceReplica$Receiver - Requesting metadata to /10.1.1.103:6673
[INFO ] 2022-03-08 14:13:56.239 [Thread-40] p.ParallelServiceReplica$Receiver - Last CID is 0
[INFO ] 2022-03-08 14:13:56.239 [Thread-49] p.ParallelServiceReplica$Receiver - Last CID is 0
[INFO ] 2022-03-08 14:13:56.239 [Thread-37] p.ParallelServiceReplica$Receiver - Requesting metadata to /10.1.1.103:6667
[INFO ] 2022-03-08 14:13:56.240 [Thread-46] p.ParallelServiceReplica$Receiver - Last CID is 0
[INFO ] 2022-03-08 14:13:56.239 [Thread-47] p.ParallelServiceReplica$Receiver - Last CID is 0
[INFO ] 2022-03-08 14:13:56.239 [Thread-39] p.ParallelServiceReplica$Receiver - Last CID is 0
[INFO ] 2022-03-08 14:13:56.240 [Thread-43] p.ParallelServiceReplica$Receiver - Reading metadata's request reply from /10.1.1.103:6673
[INFO ] 2022-03-08 14:13:56.240 [Thread-37] p.ParallelServiceReplica$Receiver - Reading metadata's request reply from /10.1.1.103:6667
[INFO ] 2022-03-08 14:13:56.240 [Thread-45] p.ParallelServiceReplica$Receiver - Requesting metadata to /10.1.1.103:6675
[INFO ] 2022-03-08 14:13:56.240 [Thread-40] p.ParallelServiceReplica$Receiver - Socket connected to /10.1.1.103
[INFO ] 2022-03-08 14:13:56.240 [Thread-49] p.ParallelServiceReplica$Receiver - Socket connected to /10.1.1.103
[INFO ] 2022-03-08 14:13:56.240 [Thread-47] p.ParallelServiceReplica$Receiver - Socket connected to /10.1.1.103
[INFO ] 2022-03-08 14:13:56.240 [Thread-45] p.ParallelServiceReplica$Receiver - Reading metadata's request reply from /10.1.1.103:6675
[INFO ] 2022-03-08 14:13:56.240 [Thread-46] p.ParallelServiceReplica$Receiver - Socket connected to /10.1.1.103
[INFO ] 2022-03-08 14:13:56.240 [Thread-39] p.ParallelServiceReplica$Receiver - Socket connected to /10.1.1.103
[INFO ] 2022-03-08 14:13:56.241 [Thread-40] p.ParallelServiceReplica$Receiver - Requesting metadata to /10.1.1.103:6670
[INFO ] 2022-03-08 14:13:56.241 [Thread-40] p.ParallelServiceReplica$Receiver - Reading metadata's request reply from /10.1.1.103:6670
[INFO ] 2022-03-08 14:13:56.242 [Thread-46] p.ParallelServiceReplica$Receiver - Requesting metadata to /10.1.1.103:6676
[INFO ] 2022-03-08 14:13:56.242 [Thread-49] p.ParallelServiceReplica$Receiver - Requesting metadata to /10.1.1.103:6679
[INFO ] 2022-03-08 14:13:56.242 [Thread-46] p.ParallelServiceReplica$Receiver - Reading metadata's request reply from /10.1.1.103:6676
[INFO ] 2022-03-08 14:13:56.242 [Thread-49] p.ParallelServiceReplica$Receiver - Reading metadata's request reply from /10.1.1.103:6679
[INFO ] 2022-03-08 14:13:56.242 [Thread-47] p.ParallelServiceReplica$Receiver - Requesting metadata to /10.1.1.103:6677
[INFO ] 2022-03-08 14:13:56.242 [Thread-39] p.ParallelServiceReplica$Receiver - Requesting metadata to /10.1.1.103:6669
[INFO ] 2022-03-08 14:13:56.242 [Thread-47] p.ParallelServiceReplica$Receiver - Reading metadata's request reply from /10.1.1.103:6677
[INFO ] 2022-03-08 14:13:56.242 [Thread-39] p.ParallelServiceReplica$Receiver - Reading metadata's request reply from /10.1.1.103:6669
[INFO ] 2022-03-08 14:13:56.320 [Thread-50] p.ParallelServiceReplica$Receiver - Last CID is 0
[INFO ] 2022-03-08 14:13:56.320 [Thread-42] p.ParallelServiceReplica$Receiver - Last CID is 0
[INFO ] 2022-03-08 14:13:56.320 [Thread-48] p.ParallelServiceReplica$Receiver - Last CID is 0
[INFO ] 2022-03-08 14:13:56.320 [Thread-36] p.ParallelServiceReplica$Receiver - Last CID is 0
[INFO ] 2022-03-08 14:13:56.320 [Thread-42] p.ParallelServiceReplica$Receiver - Request rc_id value is 100 and replica Id 100
[INFO ] 2022-03-08 14:13:56.320 [Thread-48] p.ParallelServiceReplica$Receiver - Request rc_id value is 100 and replica Id 100
[INFO ] 2022-03-08 14:13:56.320 [Thread-50] p.ParallelServiceReplica$Receiver - Request rc_id value is 100 and replica Id 100
[INFO ] 2022-03-08 14:13:56.320 [Thread-36] p.ParallelServiceReplica$Receiver - Request rc_id value is 100 and replica Id 100
[INFO ] 2022-03-08 14:13:56.320 [Thread-50] p.ParallelServiceReplica$Receiver - Scheduling recovery finished message for thread 14.
[INFO ] 2022-03-08 14:13:56.320 [Thread-42] p.ParallelServiceReplica$Receiver - Scheduling recovery finished message for thread 6.
[INFO ] 2022-03-08 14:13:56.320 [Thread-48] p.ParallelServiceReplica$Receiver - Scheduling recovery finished message for thread 12.
[INFO ] 2022-03-08 14:13:56.320 [Thread-36] p.ParallelServiceReplica$Receiver - Scheduling recovery finished message for thread 0.
[INFO ] 2022-03-08 14:13:56.323 [Thread-49] p.ParallelServiceReplica$Receiver - Last CID is 0
[INFO ] 2022-03-08 14:13:56.324 [Thread-37] p.ParallelServiceReplica$Receiver - Last CID is 0
[INFO ] 2022-03-08 14:13:56.324 [Thread-45] p.ParallelServiceReplica$Receiver - Last CID is 0
[INFO ] 2022-03-08 14:13:56.324 [Thread-51] p.ParallelServiceReplica$Receiver - Last CID is 0
[INFO ] 2022-03-08 14:13:56.324 [Thread-49] p.ParallelServiceReplica$Receiver - Request rc_id value is 100 and replica Id 100
[INFO ] 2022-03-08 14:13:56.324 [Thread-38] p.ParallelServiceReplica$Receiver - Last CID is 0
[INFO ] 2022-03-08 14:13:56.324 [Thread-45] p.ParallelServiceReplica$Receiver - Request rc_id value is 100 and replica Id 100
[INFO ] 2022-03-08 14:13:56.324 [Thread-44] p.ParallelServiceReplica$Receiver - Last CID is 0
[INFO ] 2022-03-08 14:13:56.324 [Thread-40] p.ParallelServiceReplica$Receiver - Last CID is 0
[INFO ] 2022-03-08 14:13:56.324 [Thread-46] p.ParallelServiceReplica$Receiver - Last CID is 0
[INFO ] 2022-03-08 14:13:56.324 [Thread-41] p.ParallelServiceReplica$Receiver - Last CID is 0
[INFO ] 2022-03-08 14:13:56.324 [Thread-46] p.ParallelServiceReplica$Receiver - Request rc_id value is 100 and replica Id 100
[INFO ] 2022-03-08 14:13:56.324 [Thread-43] p.ParallelServiceReplica$Receiver - Last CID is 0
[INFO ] 2022-03-08 14:13:56.324 [Thread-46] p.ParallelServiceReplica$Receiver - Scheduling recovery finished message for thread 10.
[INFO ] 2022-03-08 14:13:56.324 [Thread-40] p.ParallelServiceReplica$Receiver - Request rc_id value is 100 and replica Id 100
[INFO ] 2022-03-08 14:13:56.324 [Thread-44] p.ParallelServiceReplica$Receiver - Request rc_id value is 100 and replica Id 100
[INFO ] 2022-03-08 14:13:56.324 [Thread-40] p.ParallelServiceReplica$Receiver - Scheduling recovery finished message for thread 4.
[INFO ] 2022-03-08 14:13:56.324 [Thread-44] p.ParallelServiceReplica$Receiver - Scheduling recovery finished message for thread 8.
[INFO ] 2022-03-08 14:13:56.324 [Thread-38] p.ParallelServiceReplica$Receiver - Request rc_id value is 100 and replica Id 100
[INFO ] 2022-03-08 14:13:56.324 [Thread-49] p.ParallelServiceReplica$Receiver - Scheduling recovery finished message for thread 13.
[INFO ] 2022-03-08 14:13:56.324 [Thread-38] p.ParallelServiceReplica$Receiver - Scheduling recovery finished message for thread 2.
[INFO ] 2022-03-08 14:13:56.324 [Thread-43] p.ParallelServiceReplica$Receiver - Request rc_id value is 100 and replica Id 100
[INFO ] 2022-03-08 14:13:56.324 [Thread-37] p.ParallelServiceReplica$Receiver - Request rc_id value is 100 and replica Id 100
[INFO ] 2022-03-08 14:13:56.324 [Thread-51] p.ParallelServiceReplica$Receiver - Request rc_id value is 100 and replica Id 100
[INFO ] 2022-03-08 14:13:56.324 [Thread-43] p.ParallelServiceReplica$Receiver - Scheduling recovery finished message for thread 7.
[INFO ] 2022-03-08 14:13:56.324 [Thread-41] p.ParallelServiceReplica$Receiver - Request rc_id value is 100 and replica Id 100
[INFO ] 2022-03-08 14:13:56.324 [Thread-45] p.ParallelServiceReplica$Receiver - Scheduling recovery finished message for thread 9.
[INFO ] 2022-03-08 14:13:56.325 [Thread-51] p.ParallelServiceReplica$Receiver - Scheduling recovery finished message for thread 15.
[INFO ] 2022-03-08 14:13:56.325 [Thread-41] p.ParallelServiceReplica$Receiver - Scheduling recovery finished message for thread 5.
[INFO ] 2022-03-08 14:13:56.324 [Thread-37] p.ParallelServiceReplica$Receiver - Scheduling recovery finished message for thread 1.
[INFO ] 2022-03-08 14:13:56.328 [Thread-47] p.ParallelServiceReplica$Receiver - Last CID is 0
[INFO ] 2022-03-08 14:13:56.328 [Thread-39] p.ParallelServiceReplica$Receiver - Last CID is 0
[INFO ] 2022-03-08 14:13:56.328 [Thread-47] p.ParallelServiceReplica$Receiver - Request rc_id value is 100 and replica Id 100
[INFO ] 2022-03-08 14:13:56.328 [Thread-39] p.ParallelServiceReplica$Receiver - Request rc_id value is 100 and replica Id 100
[INFO ] 2022-03-08 14:13:56.328 [Thread-47] p.ParallelServiceReplica$Receiver - Scheduling recovery finished message for thread 11.
[INFO ] 2022-03-08 14:13:56.328 [Thread-39] p.ParallelServiceReplica$Receiver - Scheduling recovery finished message for thread 3.
[INFO ] 2022-03-08 14:13:56.328 [main] p.ParallelServiceReplica - Receiver threads initialized!
[INFO ] 2022-03-08 14:13:56.329 [main] p.ParallelServiceReplica - Initializing Service Replica Worker(0)
[INFO ] 2022-03-08 14:13:56.332 [main] p.ParallelServiceReplica$ServiceReplicaWorker - Service replica worker initialized, queue 1740797075
[INFO ] 2022-03-08 14:13:56.332 [main] p.ParallelServiceReplica - Initializing Service Replica Worker(1)
[INFO ] 2022-03-08 14:13:56.333 [main] p.ParallelServiceReplica$ServiceReplicaWorker - Service replica worker initialized, queue 440938038
[INFO ] 2022-03-08 14:13:56.332 [Thread-101] p.ParallelServiceReplica$Checkpointer - Checkpoint thread 0 initialized, using partitions = false
[INFO ] 2022-03-08 14:13:56.333 [main] p.ParallelServiceReplica - Initializing Service Replica Worker(2)
[INFO ] 2022-03-08 14:13:56.334 [main] p.ParallelServiceReplica$ServiceReplicaWorker - Service replica worker initialized, queue 1922464006
[INFO ] 2022-03-08 14:13:56.333 [Thread-103] p.ParallelServiceReplica$Checkpointer - Checkpoint thread 1 initialized, using partitions = false
[INFO ] 2022-03-08 14:13:56.334 [main] p.ParallelServiceReplica - Initializing Service Replica Worker(3)
[INFO ] 2022-03-08 14:13:56.335 [main] p.ParallelServiceReplica$ServiceReplicaWorker - Service replica worker initialized, queue 1536031937
[INFO ] 2022-03-08 14:13:56.335 [Thread-105] p.ParallelServiceReplica$Checkpointer - Checkpoint thread 2 initialized, using partitions = false
[INFO ] 2022-03-08 14:13:56.335 [main] p.ParallelServiceReplica - Initializing Service Replica Worker(4)
[INFO ] 2022-03-08 14:13:56.336 [Thread-107] p.ParallelServiceReplica$Checkpointer - Checkpoint thread 3 initialized, using partitions = false
[INFO ] 2022-03-08 14:13:56.337 [Thread-106] p.ParallelServiceReplica$ServiceReplicaWorker - Recovery process finished for partition 3! Log has 0 operations already stored.
[INFO ] 2022-03-08 14:13:56.338 [main] p.ParallelServiceReplica$ServiceReplicaWorker - Service replica worker initialized, queue 798981583
[INFO ] 2022-03-08 14:13:56.338 [main] p.ParallelServiceReplica - Initializing Service Replica Worker(5)
[INFO ] 2022-03-08 14:13:56.338 [Thread-109] p.ParallelServiceReplica$Checkpointer - Checkpoint thread 4 initialized, using partitions = false
[INFO ] 2022-03-08 14:13:56.338 [Thread-108] p.ParallelServiceReplica$ServiceReplicaWorker - Recovery process finished for partition 4! Log has 0 operations already stored.
[INFO ] 2022-03-08 14:13:56.338 [main] p.ParallelServiceReplica$ServiceReplicaWorker - Service replica worker initialized, queue 1954406292
[INFO ] 2022-03-08 14:13:56.340 [main] p.ParallelServiceReplica - Initializing Service Replica Worker(6)
[INFO ] 2022-03-08 14:13:56.339 [Thread-111] p.ParallelServiceReplica$Checkpointer - Checkpoint thread 5 initialized, using partitions = false
[INFO ] 2022-03-08 14:13:56.340 [Thread-110] p.ParallelServiceReplica$ServiceReplicaWorker - Recovery process finished for partition 5! Log has 0 operations already stored.
[INFO ] 2022-03-08 14:13:56.341 [main] p.ParallelServiceReplica$ServiceReplicaWorker - Service replica worker initialized, queue 904058452
[INFO ] 2022-03-08 14:13:56.341 [main] p.ParallelServiceReplica - Initializing Service Replica Worker(7)
[INFO ] 2022-03-08 14:13:56.341 [Thread-113] p.ParallelServiceReplica$Checkpointer - Checkpoint thread 6 initialized, using partitions = false
[INFO ] 2022-03-08 14:13:56.341 [Thread-112] p.ParallelServiceReplica$ServiceReplicaWorker - Recovery process finished for partition 6! Log has 0 operations already stored.
[INFO ] 2022-03-08 14:13:56.342 [main] p.ParallelServiceReplica$ServiceReplicaWorker - Service replica worker initialized, queue 29183965
[INFO ] 2022-03-08 14:13:56.343 [main] p.ParallelServiceReplica - Initializing Service Replica Worker(8)
[INFO ] 2022-03-08 14:13:56.343 [Thread-115] p.ParallelServiceReplica$Checkpointer - Checkpoint thread 7 initialized, using partitions = false
[INFO ] 2022-03-08 14:13:56.344 [main] p.ParallelServiceReplica$ServiceReplicaWorker - Service replica worker initialized, queue 1427651360
[INFO ] 2022-03-08 14:13:56.344 [Thread-114] p.ParallelServiceReplica$ServiceReplicaWorker - Recovery process finished for partition 7! Log has 0 operations already stored.
[INFO ] 2022-03-08 14:13:56.344 [main] p.ParallelServiceReplica - Initializing Service Replica Worker(9)
[INFO ] 2022-03-08 14:13:56.345 [main] p.ParallelServiceReplica$ServiceReplicaWorker - Service replica worker initialized, queue 1334042472
[INFO ] 2022-03-08 14:13:56.344 [Thread-117] p.ParallelServiceReplica$Checkpointer - Checkpoint thread 8 initialized, using partitions = false
[INFO ] 2022-03-08 14:13:56.345 [main] p.ParallelServiceReplica - Initializing Service Replica Worker(10)
[INFO ] 2022-03-08 14:13:56.345 [Thread-116] p.ParallelServiceReplica$ServiceReplicaWorker - Recovery process finished for partition 8! Log has 0 operations already stored.
[INFO ] 2022-03-08 14:13:56.346 [Thread-119] p.ParallelServiceReplica$Checkpointer - Checkpoint thread 9 initialized, using partitions = false
[INFO ] 2022-03-08 14:13:56.347 [main] p.ParallelServiceReplica$ServiceReplicaWorker - Service replica worker initialized, queue 1827725498
[INFO ] 2022-03-08 14:13:56.347 [main] p.ParallelServiceReplica - Initializing Service Replica Worker(11)
[INFO ] 2022-03-08 14:13:56.346 [Thread-118] p.ParallelServiceReplica$ServiceReplicaWorker - Recovery process finished for partition 9! Log has 0 operations already stored.
[INFO ] 2022-03-08 14:13:56.348 [main] p.ParallelServiceReplica$ServiceReplicaWorker - Service replica worker initialized, queue 131635550
[INFO ] 2022-03-08 14:13:56.348 [Thread-120] p.ParallelServiceReplica$ServiceReplicaWorker - Recovery process finished for partition 10! Log has 0 operations already stored.
[INFO ] 2022-03-08 14:13:56.348 [main] p.ParallelServiceReplica - Initializing Service Replica Worker(12)
[INFO ] 2022-03-08 14:13:56.348 [main] p.ParallelServiceReplica$ServiceReplicaWorker - Service replica worker initialized, queue 319644606
[INFO ] 2022-03-08 14:13:56.348 [Thread-123] p.ParallelServiceReplica$Checkpointer - Checkpoint thread 11 initialized, using partitions = false
[INFO ] 2022-03-08 14:13:56.348 [Thread-121] p.ParallelServiceReplica$Checkpointer - Checkpoint thread 10 initialized, using partitions = false
[INFO ] 2022-03-08 14:13:56.349 [main] p.ParallelServiceReplica - Initializing Service Replica Worker(13)
[INFO ] 2022-03-08 14:13:56.350 [main] p.ParallelServiceReplica$ServiceReplicaWorker - Service replica worker initialized, queue 1118078504
[INFO ] 2022-03-08 14:13:56.349 [Thread-122] p.ParallelServiceReplica$ServiceReplicaWorker - Recovery process finished for partition 11! Log has 0 operations already stored.
[INFO ] 2022-03-08 14:13:56.350 [Thread-125] p.ParallelServiceReplica$Checkpointer - Checkpoint thread 12 initialized, using partitions = false
[INFO ] 2022-03-08 14:13:56.350 [Thread-124] p.ParallelServiceReplica$ServiceReplicaWorker - Recovery process finished for partition 12! Log has 0 operations already stored.
[INFO ] 2022-03-08 14:13:56.350 [main] p.ParallelServiceReplica - Initializing Service Replica Worker(14)
[INFO ] 2022-03-08 14:13:56.351 [main] p.ParallelServiceReplica$ServiceReplicaWorker - Service replica worker initialized, queue 691690486
[INFO ] 2022-03-08 14:13:56.351 [Thread-127] p.ParallelServiceReplica$Checkpointer - Checkpoint thread 13 initialized, using partitions = false
[INFO ] 2022-03-08 14:13:56.351 [Thread-126] p.ParallelServiceReplica$ServiceReplicaWorker - Recovery process finished for partition 13! Log has 0 operations already stored.
[INFO ] 2022-03-08 14:13:56.352 [main] p.ParallelServiceReplica - Initializing Service Replica Worker(15)
[INFO ] 2022-03-08 14:13:56.352 [Thread-129] p.ParallelServiceReplica$Checkpointer - Checkpoint thread 14 initialized, using partitions = false
[INFO ] 2022-03-08 14:13:56.353 [main] p.ParallelServiceReplica$ServiceReplicaWorker - Service replica worker initialized, queue 1793799654
[INFO ] 2022-03-08 14:13:56.353 [Thread-128] p.ParallelServiceReplica$ServiceReplicaWorker - Recovery process finished for partition 14! Log has 0 operations already stored.
[INFO ] 2022-03-08 14:13:56.354 [main] d.b.BFTMapServerMP - Server initialization complete!
[INFO ] 2022-03-08 14:13:56.354 [Thread-104] p.ParallelServiceReplica$ServiceReplicaWorker - Recovery process finished for partition 2! Log has 12 operations already stored.
[INFO ] 2022-03-08 14:13:56.354 [Thread-131] p.ParallelServiceReplica$Checkpointer - Checkpoint thread 15 initialized, using partitions = false
[INFO ] 2022-03-08 14:13:56.354 [Thread-130] p.ParallelServiceReplica$ServiceReplicaWorker - Recovery process finished for partition 15! Log has 0 operations already stored.
[INFO ] 2022-03-08 14:13:56.358 [Thread-102] p.ParallelServiceReplica$ServiceReplicaWorker - Recovery process finished for partition 1! Log has 22 operations already stored.
[INFO ] 2022-03-08 14:13:56.358 [Thread-100] p.ParallelServiceReplica$ServiceReplicaWorker - Recovery process finished for partition 0! Log has 16 operations already stored.
[INFO ] 2022-03-08 14:13:56.545 [Thread-58] p.ParallelServiceReplica$RecoverHandlerThread - Nothing to read from /10.1.1.101, closing socket
[INFO ] 2022-03-08 14:13:56.545 [Thread-66] p.ParallelServiceReplica$RecoverHandlerThread - Nothing to read from /10.1.1.101, closing socket
[INFO ] 2022-03-08 14:13:56.545 [Thread-70] p.ParallelServiceReplica$RecoverHandlerThread - Nothing to read from /10.1.1.101, closing socket
[INFO ] 2022-03-08 14:13:56.545 [Thread-59] p.ParallelServiceReplica$RecoverHandlerThread - Nothing to read from /10.1.1.101, closing socket
[INFO ] 2022-03-08 14:13:56.545 [Thread-53] p.ParallelServiceReplica$RecoverHandlerThread - Nothing to read from /10.1.1.101, closing socket
[INFO ] 2022-03-08 14:13:56.545 [Thread-56] p.ParallelServiceReplica$RecoverHandlerThread - Nothing to read from /10.1.1.101, closing socket
[INFO ] 2022-03-08 14:13:56.549 [Thread-55] p.ParallelServiceReplica$RecoverHandlerThread - Nothing to read from /10.1.1.101, closing socket
[INFO ] 2022-03-08 14:13:56.549 [Thread-57] p.ParallelServiceReplica$RecoverHandlerThread - Nothing to read from /10.1.1.101, closing socket
[INFO ] 2022-03-08 14:13:56.549 [Thread-71] p.ParallelServiceReplica$RecoverHandlerThread - Nothing to read from /10.1.1.101, closing socket
[INFO ] 2022-03-08 14:13:56.549 [Thread-69] p.ParallelServiceReplica$RecoverHandlerThread - Nothing to read from /10.1.1.101, closing socket
[INFO ] 2022-03-08 14:13:56.550 [Thread-54] p.ParallelServiceReplica$RecoverHandlerThread - Nothing to read from /10.1.1.101, closing socket
[INFO ] 2022-03-08 14:13:56.550 [Thread-67] p.ParallelServiceReplica$RecoverHandlerThread - Nothing to read from /10.1.1.101, closing socket
[INFO ] 2022-03-08 14:13:56.550 [Thread-52] p.ParallelServiceReplica$RecoverHandlerThread - Nothing to read from /10.1.1.101, closing socket
[INFO ] 2022-03-08 14:13:56.550 [Thread-68] p.ParallelServiceReplica$RecoverHandlerThread - Nothing to read from /10.1.1.101, closing socket
[INFO ] 2022-03-08 14:13:56.550 [Thread-65] p.ParallelServiceReplica$RecoverHandlerThread - Nothing to read from /10.1.1.101, closing socket
[INFO ] 2022-03-08 14:13:56.550 [Thread-72] p.ParallelServiceReplica$RecoverHandlerThread - Nothing to read from /10.1.1.101, closing socket
[INFO ] 2022-03-08 14:13:56.575 [Thread-60] p.ParallelServiceReplica$RecoverHandlerThread - Nothing to read from /10.1.1.102, closing socket
[INFO ] 2022-03-08 14:13:56.575 [Thread-61] p.ParallelServiceReplica$RecoverHandlerThread - Nothing to read from /10.1.1.102, closing socket
[INFO ] 2022-03-08 14:13:56.575 [Thread-62] p.ParallelServiceReplica$RecoverHandlerThread - Nothing to read from /10.1.1.102, closing socket
[INFO ] 2022-03-08 14:13:56.614 [Thread-80] p.ParallelServiceReplica$RecoverHandlerThread - Nothing to read from /10.1.1.102, closing socket
[INFO ] 2022-03-08 14:13:56.615 [Thread-79] p.ParallelServiceReplica$RecoverHandlerThread - Nothing to read from /10.1.1.102, closing socket
[INFO ] 2022-03-08 14:13:56.618 [Thread-78] p.ParallelServiceReplica$RecoverHandlerThread - Nothing to read from /10.1.1.102, closing socket
[INFO ] 2022-03-08 14:13:56.618 [Thread-83] p.ParallelServiceReplica$RecoverHandlerThread - Nothing to read from /10.1.1.102, closing socket
[INFO ] 2022-03-08 14:13:56.618 [Thread-76] p.ParallelServiceReplica$RecoverHandlerThread - Nothing to read from /10.1.1.102, closing socket
[INFO ] 2022-03-08 14:13:56.618 [Thread-64] p.ParallelServiceReplica$RecoverHandlerThread - Nothing to read from /10.1.1.102, closing socket
[INFO ] 2022-03-08 14:13:56.622 [Thread-75] p.ParallelServiceReplica$RecoverHandlerThread - Nothing to read from /10.1.1.102, closing socket
[INFO ] 2022-03-08 14:13:56.642 [Thread-73] p.ParallelServiceReplica$RecoverHandlerThread - Nothing to read from /10.1.1.102, closing socket
[INFO ] 2022-03-08 14:13:56.646 [Thread-77] p.ParallelServiceReplica$RecoverHandlerThread - Nothing to read from /10.1.1.102, closing socket
[INFO ] 2022-03-08 14:13:56.646 [Thread-81] p.ParallelServiceReplica$RecoverHandlerThread - Nothing to read from /10.1.1.102, closing socket
[INFO ] 2022-03-08 14:13:56.646 [Thread-63] p.ParallelServiceReplica$RecoverHandlerThread - Nothing to read from /10.1.1.102, closing socket
[INFO ] 2022-03-08 14:13:56.647 [Thread-74] p.ParallelServiceReplica$RecoverHandlerThread - Nothing to read from /10.1.1.102, closing socket
[INFO ] 2022-03-08 14:13:56.647 [Thread-82] p.ParallelServiceReplica$RecoverHandlerThread - Nothing to read from /10.1.1.102, closing socket
[INFO ] 2022-03-08 14:14:50.449 [Delivery Thread] p.s.DefaultScheduler - Adding checkpoint cmd of class CtoT [type:SYNC,classID:-1401174066, threads:0,1,2,3,4,5,6,7,8,9,10,11,12,13,14,15,] to queue 1740797075
[INFO ] 2022-03-08 14:14:50.450 [Delivery Thread] p.s.DefaultScheduler - Adding checkpoint cmd of class CtoT [type:SYNC,classID:-1401174066, threads:0,1,2,3,4,5,6,7,8,9,10,11,12,13,14,15,] to queue 440938038
[INFO ] 2022-03-08 14:14:50.450 [Delivery Thread] p.s.DefaultScheduler - Adding checkpoint cmd of class CtoT [type:SYNC,classID:-1401174066, threads:0,1,2,3,4,5,6,7,8,9,10,11,12,13,14,15,] to queue 1922464006
[INFO ] 2022-03-08 14:14:50.450 [Delivery Thread] p.s.DefaultScheduler - Adding checkpoint cmd of class CtoT [type:SYNC,classID:-1401174066, threads:0,1,2,3,4,5,6,7,8,9,10,11,12,13,14,15,] to queue 1536031937
[INFO ] 2022-03-08 14:14:50.450 [Delivery Thread] p.s.DefaultScheduler - Adding checkpoint cmd of class CtoT [type:SYNC,classID:-1401174066, threads:0,1,2,3,4,5,6,7,8,9,10,11,12,13,14,15,] to queue 798981583
[INFO ] 2022-03-08 14:14:50.450 [Delivery Thread] p.s.DefaultScheduler - Adding checkpoint cmd of class CtoT [type:SYNC,classID:-1401174066, threads:0,1,2,3,4,5,6,7,8,9,10,11,12,13,14,15,] to queue 1954406292
[INFO ] 2022-03-08 14:14:50.450 [Delivery Thread] p.s.DefaultScheduler - Adding checkpoint cmd of class CtoT [type:SYNC,classID:-1401174066, threads:0,1,2,3,4,5,6,7,8,9,10,11,12,13,14,15,] to queue 904058452
[INFO ] 2022-03-08 14:14:50.450 [Delivery Thread] p.s.DefaultScheduler - Adding checkpoint cmd of class CtoT [type:SYNC,classID:-1401174066, threads:0,1,2,3,4,5,6,7,8,9,10,11,12,13,14,15,] to queue 29183965
[INFO ] 2022-03-08 14:14:50.450 [Delivery Thread] p.s.DefaultScheduler - Adding checkpoint cmd of class CtoT [type:SYNC,classID:-1401174066, threads:0,1,2,3,4,5,6,7,8,9,10,11,12,13,14,15,] to queue 1427651360
[INFO ] 2022-03-08 14:14:50.450 [Delivery Thread] p.s.DefaultScheduler - Adding checkpoint cmd of class CtoT [type:SYNC,classID:-1401174066, threads:0,1,2,3,4,5,6,7,8,9,10,11,12,13,14,15,] to queue 1334042472
[INFO ] 2022-03-08 14:14:50.451 [Delivery Thread] p.s.DefaultScheduler - Adding checkpoint cmd of class CtoT [type:SYNC,classID:-1401174066, threads:0,1,2,3,4,5,6,7,8,9,10,11,12,13,14,15,] to queue 1827725498
[INFO ] 2022-03-08 14:14:50.451 [Delivery Thread] p.s.DefaultScheduler - Adding checkpoint cmd of class CtoT [type:SYNC,classID:-1401174066, threads:0,1,2,3,4,5,6,7,8,9,10,11,12,13,14,15,] to queue 131635550
[INFO ] 2022-03-08 14:14:50.451 [Delivery Thread] p.s.DefaultScheduler - Adding checkpoint cmd of class CtoT [type:SYNC,classID:-1401174066, threads:0,1,2,3,4,5,6,7,8,9,10,11,12,13,14,15,] to queue 319644606
[INFO ] 2022-03-08 14:14:50.451 [Delivery Thread] p.s.DefaultScheduler - Adding checkpoint cmd of class CtoT [type:SYNC,classID:-1401174066, threads:0,1,2,3,4,5,6,7,8,9,10,11,12,13,14,15,] to queue 1118078504
[INFO ] 2022-03-08 14:14:50.451 [Delivery Thread] p.s.DefaultScheduler - Adding checkpoint cmd of class CtoT [type:SYNC,classID:-1401174066, threads:0,1,2,3,4,5,6,7,8,9,10,11,12,13,14,15,] to queue 691690486
[INFO ] 2022-03-08 14:14:50.451 [Delivery Thread] p.s.DefaultScheduler - Adding checkpoint cmd of class CtoT [type:SYNC,classID:-1401174066, threads:0,1,2,3,4,5,6,7,8,9,10,11,12,13,14,15,] to queue 1793799654
[INFO ] 2022-03-08 14:14:50.452 [Thread-101] p.ParallelServiceReplica$Checkpointer - Initializing checkpointing procedure
[INFO ] 2022-03-08 14:14:50.452 [Thread-101] d.b.BFTMapServerMP - Getting snapshot of 16 partitions
[INFO ] 2022-03-08 14:14:55.879 [Thread-101] p.ParallelServiceReplica$Checkpointer - Checkpointing has finished
